LEM: log-linear and event history analysis with missing data.
Developed by Jeroen Vermunt (c), Tilburg University, The Netherlands.
Version 1.0 (September 18, 1997).


*** INPUT ***

  man 	3
lat 	1
dim 	3 3 4 4
lab 	X C A B
str	C {C}
	X|C {CX}
	A|CX eq3
	B|CX eq3
des 	[0 1 2 -1	0 1 2 -1	0 1 2 -1
	 3 4 5  0	3 4 5  0	3 4 5  0
	-1 6 7  0      -1 6 8  0       -1 6 9  0

	 0 1 2 -1	0 1 2 -1	0 1 2 -1
	 3 4 5  0	3 4 5  0	3 4 5  0
	-1 6 10 0      -1 6 11 0       -1 6 12 0]

sta XCA [
.6 .3 .1 0	.6 .3 .1 0	.6 .3 .1 0
.1 .6 .2 .1	.1 .6 .2 .1	.1 .6 .2 .1
0 .1 .3 .6	0 .1 .3 .6	0 .1 .3 .6]


sta XCB [
.6 .3 .1 0	.6 .3 .1 0	.6 .3 .1 0
.1 .6 .2 .1	.1 .6 .2 .1	.1 .6 .2 .1
0 .1 .3 .6	0 .1 .3 .6	0 .1 .3 .6]

dat [
13 14 1 1
11 106 25 8
3 22 24 23
2 5 13 63

11 11 0 1
8 66 17 11
0 22 16 18
0 3 6 25

24 25 2 2
20 59 26 8
2 20 21 38
2 3 13 38
]

ite 10000
see 1020


*** STATISTICS ***

  Number of iterations = 234
  Converge criterion   = 0.0000009675
  Seed random values   = 1020

  X-squared            = 47.3649 (0.0090)
  L-squared            = 45.6146 (0.0140)
  Cressie-Read         = 45.6962 (0.0137)
  Dissimilarity index  = 0.0751
  Degrees of freedom   = 27
  Log-likelihood       = -2879.73798
  Number of parameters = 20 (+1)
  Sample size          = 852.0
  BIC(L-squared)       = -136.5702
  AIC(L-squared)       = -8.3854
  BIC(log-likelihood)  = 5894.4277
  AIC(log-likelihood)  = 5799.4760

WARNING: no information is provided on identification of parameters



*** FREQUENCIES ***

  C A B     observed  estimated  std. res.
  1 1 1      13.000     12.204      0.228
  1 1 2      14.000     13.924      0.020
  1 1 3       1.000      2.434     -0.919
  1 1 4       1.000      0.695      0.367
  1 2 1      11.000     13.924     -0.784
  1 2 2     106.000     91.415      1.525
  1 2 3      25.000     30.300     -0.963
  1 2 4       8.000      8.644     -0.219
  1 3 1       3.000      2.434      0.362
  1 3 2      22.000     30.300     -1.508
  1 3 3      24.000     15.712      2.091
  1 3 4      23.000     26.098     -0.606
  1 4 1       2.000      0.695      1.566
  1 4 2       5.000      8.644     -1.240
  1 4 3      13.000     16.357     -0.830
  1 4 4      63.000     60.219      0.358
  2 1 1      11.000     10.013      0.312
  2 1 2      11.000     10.515      0.150
  2 1 3       0.000      1.666     -1.291
  2 1 4       1.000      0.475      0.761
  2 2 1       8.000     10.515     -0.775
  2 2 2      66.000     63.134      0.361
  2 2 3      17.000     20.732     -0.820
  2 2 4      11.000      5.915      2.091
  2 3 1       0.000      1.666     -1.291
  2 3 2      22.000     20.732      0.279
  2 3 3      16.000     11.951      1.171
  2 3 4      18.000     19.798     -0.404
  2 4 1       0.000      0.475     -0.689
  2 4 2       3.000      5.915     -1.198
  2 4 3       6.000      8.154     -0.754
  2 4 4      25.000     23.347      0.342
  3 1 1      24.000     26.257     -0.441
  3 1 2      25.000     20.170      1.076
  3 1 3       2.000      1.670      0.255
  3 1 4       2.000      0.477      2.207
  3 2 1      20.000     20.170     -0.038
  3 2 2      59.000     69.029     -1.207
  3 2 3      26.000     20.792      1.142
  3 2 4       8.000      5.932      0.849
  3 3 1       2.000      1.670      0.255
  3 3 2      20.000     20.792     -0.174
  3 3 3      21.000     19.464      0.348
  3 3 4      38.000     39.020     -0.163
  3 4 1       2.000      0.477      2.207
  3 4 2       3.000      5.932     -1.204
  3 4 3      13.000     14.131     -0.301
  3 4 4      38.000     37.018      0.161



*** PSEUDO R-SQUARED MEASURES ***

* P(X|C) *
                         baseline   fitted   R-squared
  entropy                 0.9577    0.9387    0.0199
  qualitative variance    0.2869    0.2815    0.0187
  classification error    0.4340    0.4340   -0.0000
  -2/N*log-likelihood     1.9154    1.8774    0.0199/0.0367
  likelihood^(-2/N)       6.7897    6.5362    0.0373/0.0438

* P(A|XC) *
                         baseline   fitted   R-squared
  entropy                 1.2896    0.8194    0.3646
  qualitative variance    0.3499    0.2452    0.2994
  classification error    0.5716    0.3641    0.3631
  -2/N*log-likelihood     2.5792    1.5938    0.3821/0.4963
  likelihood^(-2/N)      13.1869    4.9224    0.6267/0.6781

* P(B|XC) *
                         baseline   fitted   R-squared
  entropy                 1.2834    0.7803    0.3920
  qualitative variance    0.3495    0.2270    0.3504
  classification error    0.5822    0.3106    0.4665
  -2/N*log-likelihood     2.5668    1.6057    0.3744/0.4901
  likelihood^(-2/N)      13.0238    4.9813    0.6175/0.6689



*** LOG-LINEAR PARAMETERS ***

* TABLE C [or P(C)] *

  effect           beta   exp(beta)
  C 
   1             0.1793      1.1964 
   2            -0.2612      0.7701 
   3             0.0819      1.0853 

* TABLE XC [or P(X|C)] *

  effect           beta   exp(beta)
  X 
   1            -0.7544      0.4703 
   2             0.7195      2.0534 
   3             0.0350      1.0356 
  XC 
   1 1          -0.2981      0.7422 
   1 2          -0.0728      0.9298 
   1 3           0.3709      1.4490 
   2 1           0.1568      1.1698 
   2 2           0.1926      1.2123 
   2 3          -0.3494      0.7051 
   3 1           0.1413      1.1518 
   3 2          -0.1198      0.8871 
   3 3          -0.0215      0.9787 



*** (CONDITIONAL) PROBABILITIES ***

* P(C) *

  1              0.3920
  2              0.2523
  3              0.3556

* P(X|C) *

  1 | 1          0.0885
  1 | 2          0.1137
  1 | 3          0.2168
  2 | 1          0.6091
  2 | 2          0.6474
  2 | 3          0.4607
  3 | 1          0.3024
  3 | 2          0.2389
  3 | 3          0.3225

* P(A|XC) *

  1 | 1 1        0.6275
  2 | 1 1        0.3725
  3 | 1 1        0.0000 *
  4 | 1 1        0.0000 *
  1 | 1 2        0.6275
  2 | 1 2        0.3725
  3 | 1 2        0.0000 *
  4 | 1 2        0.0000 *
  1 | 1 3        0.6275
  2 | 1 3        0.3725
  3 | 1 3        0.0000 *
  4 | 1 3        0.0000 *
  1 | 2 1        0.0526
  2 | 2 1        0.6551
  3 | 2 1        0.2274
  4 | 2 1        0.0649
  1 | 2 2        0.0526
  2 | 2 2        0.6551
  3 | 2 2        0.2274
  4 | 2 2        0.0649
  1 | 2 3        0.0526
  2 | 2 3        0.6551
  3 | 2 3        0.2274
  4 | 2 3        0.0649
  1 | 3 1        0.0000 *
  2 | 3 1        0.0000
  3 | 3 1        0.2801
  4 | 3 1        0.7199
  1 | 3 2        0.0000 *
  2 | 3 2        0.0000
  3 | 3 2        0.4381
  4 | 3 2        0.5619
  1 | 3 3        0.0000 *
  2 | 3 3        0.0000
  3 | 3 3        0.5036
  4 | 3 3        0.4964

* P(B|XC) *

  1 | 1 1        0.6275
  2 | 1 1        0.3725
  3 | 1 1        0.0000 *
  4 | 1 1        0.0000 *
  1 | 1 2        0.6275
  2 | 1 2        0.3725
  3 | 1 2        0.0000 *
  4 | 1 2        0.0000 *
  1 | 1 3        0.6275
  2 | 1 3        0.3725
  3 | 1 3        0.0000 *
  4 | 1 3        0.0000 *
  1 | 2 1        0.0526
  2 | 2 1        0.6551
  3 | 2 1        0.2274
  4 | 2 1        0.0649
  1 | 2 2        0.0526
  2 | 2 2        0.6551
  3 | 2 2        0.2274
  4 | 2 2        0.0649
  1 | 2 3        0.0526
  2 | 2 3        0.6551
  3 | 2 3        0.2274
  4 | 2 3        0.0649
  1 | 3 1        0.0000 *
  2 | 3 1        0.0000
  3 | 3 1        0.1837
  4 | 3 1        0.8163
  1 | 3 2        0.0000 *
  2 | 3 2        0.0000
  3 | 3 2        0.2114
  4 | 3 2        0.7886
  1 | 3 3        0.0000 *
  2 | 3 3        0.0000
  3 | 3 3        0.2489
  4 | 3 3        0.7511



*** LATENT CLASS OUTPUT ***

          X  1    X  2    X  3
         0.1405  0.5660  0.2935
  C  1   0.2469  0.4219  0.4039
  C  2   0.2042  0.2886  0.2054
  C  3   0.5488  0.2895  0.3907
  A  1   0.6275  0.0526  0.0000
  A  2   0.3725  0.6551  0.0000
  A  3   0.0000  0.2274  0.3999
  A  4   0.0000  0.0649  0.6001
  B  1   0.6275  0.0526  0.0000
  B  2   0.3725  0.6551  0.0000
  B  3   0.0000  0.2274  0.2149
  B  4   0.0000  0.0649  0.7851

E = 0.0991, lambda = 0.7717
