LEM: log-linear and event history analysis with missing data.
Developed by Jeroen Vermunt (c), Tilburg University, The Netherlands.
Version 1.0 (September 18, 1997).


*** INPUT ***

  man 	3
  lat 	1
  dim 	4 3 4 4
  lab 	X C F T
  str	C 	{C}
  	X|C 	{CX}
  	T|CX 	eq2
  	F|CX 	eq2
  
  
  
  
  des 	[ 
  	 0 1 6 -1	0 21 26 -1	0 31 36 -1
  	 3 4 5  0	23 24 25  0	33 34 35  0
  	 6 7 88  0	26 27 288  0	36 37 388  0
  	-1 6 108 0	-1 26 308 0	-1 36 408 0
  
  	 0 1 6 -1	0 21 26 -1	0 31 36 -1
  	 3 4 5  0	23 24 25  0	33 34 35  0
  	 6 7 8  0	26 27 28  0	36 37 38  0
  	-1 6 10 0	-1 26 30 0	-1 36 40 0]
  
  
  
  sta F|XC [.63 .04 .02 .01		.63 .04 .02 .01		.63 .04 .02 .01	
  	.34 .79 .1 .02		.34 .79 .1 .02		.34 .79 .1 .02	
  	.02 .15 .64 .01		.02 .15 .53 .01		.02 .15 .56 .01	
  	.01 .02 .20 .96		.01 .02 .10 .96		.01 .02 .34 .96
  	]
  
  
  sta T|XC [.63 .04 .02 .01		.63 .04 .02 .01		.63 .04 .02 .01	
  	.34 .79 .1 .02		.34 .79 .1 .02		.34 .79 .1 .02	
  	.02 .15 .46 .01		.02 .15 .32 .01		.02 .15 .19 .01	
  	.01 .02 .38 .96		.01 .02 .32 .96		.01 .02 .70 .96
  	]
  
  sta X|C [
  0.0439
  0.0799
  0.1514
  
  0.14
  0.25
  0.11
  
  0.3119
  0.4920
  0.3379
  
  0.3058
  0.20
  0.5	
  ]
  
  
  dat [
  13  14  1  1
  11 106 25  8
   3  22 24 23
   2   5 13 63
  
  11  11  0  1
   8  66 17 11
   0  22 16 18
   0   3  6 25
  
  24  25  2  2
  20  59 26  8
   2  20 21 38
   2   3 13 38
  ]
  
  ite 10000
  see 94725
  


*** STATISTICS ***

  Number of iterations = 4120
  Converge criterion   = 0.0000009989
  Seed random values   = 94725

  X-squared            = 6.9128 (0.3290)
  L-squared            = 7.3276 (0.2916)
  Cressie-Read         = 6.9668 (0.3239)
  Dissimilarity index  = 0.0228
  Degrees of freedom   = 6
  Log-likelihood       = -2860.59445
  Number of parameters = 41 (+1)
  Sample size          = 852.0
  BIC(L-squared)       = -33.1579
  AIC(L-squared)       = -4.6724
  BIC(log-likelihood)  = 5997.8399
  AIC(log-likelihood)  = 5803.1889

WARNING: no information is provided on identification of parameters



*** FREQUENCIES ***

  C F T     observed  estimated  std. res.
  1 1 1      13.000     13.024     -0.007
  1 1 2      14.000     12.545      0.411
  1 1 3       1.000      1.938     -0.674
  1 1 4       1.000      1.539     -0.435
  1 2 1      11.000     12.544     -0.436
  1 2 2     106.000    105.902      0.010
  1 2 3      25.000     22.768      0.468
  1 2 4       8.000      7.292      0.262
  1 3 1       3.000      2.005      0.702
  1 3 2      22.000     24.428     -0.491
  1 3 3      24.000     23.994      0.001
  1 3 4      23.000     23.015     -0.003
  1 4 1       2.000      1.361      0.548
  1 4 2       5.000      5.631     -0.266
  1 4 3      13.000     12.989      0.003
  1 4 4      63.000     63.025     -0.003
  2 1 1      11.000     11.007     -0.002
  2 1 2      11.000      9.500      0.487
  2 1 3       0.000      0.049     -0.220
  2 1 4       1.000      0.490      0.729
  2 2 1       8.000      9.500     -0.487
  2 2 2      66.000     66.001     -0.000
  2 2 3      17.000     16.080      0.229
  2 2 4      11.000     10.420      0.180
  2 3 1       0.000      0.076     -0.276
  2 3 2      22.000     23.272     -0.264
  2 3 3      16.000     16.065     -0.016
  2 3 4      18.000     17.974      0.006
  2 4 1       0.000      0.404     -0.635
  2 4 2       3.000      3.228     -0.127
  2 4 3       6.000      5.857      0.059
  2 4 4      25.000     25.079     -0.016
  3 1 1      24.000     24.159     -0.032
  3 1 2      25.000     22.327      0.566
  3 1 3       2.000      1.981      0.014
  3 1 4       2.000      2.119     -0.082
  3 2 1      20.000     22.327     -0.492
  3 2 2      59.000     59.544     -0.070
  3 2 3      26.000     21.401      0.994
  3 2 4       8.000      6.728      0.490
  3 3 1       2.000      2.086     -0.059
  3 3 2      20.000     24.328     -0.877
  3 3 3      21.000     21.813     -0.174
  3 3 4      38.000     37.557      0.072
  3 4 1       2.000      1.862      0.101
  3 4 2       3.000      3.801     -0.411
  3 4 3      13.000     12.580      0.118
  3 4 4      38.000     38.387     -0.062



*** PSEUDO R-SQUARED MEASURES ***

* P(X|C) *
                         baseline   fitted   R-squared
  entropy                 1.2780    1.2116    0.0519
  qualitative variance    0.3533    0.3343    0.0538
  classification error    0.6597    0.5579    0.1543
  -2/N*log-likelihood     2.5560    2.4232    0.0519/0.1172
  likelihood^(-2/N)      12.8836   11.2824    0.1243/0.1347

* P(T|XC) *
                         baseline   fitted   R-squared
  entropy                 1.2834    0.7459    0.4188
  qualitative variance    0.3495    0.2159    0.3823
  classification error    0.5822    0.3153    0.4583
  -2/N*log-likelihood     2.5668    1.5082    0.4124/0.5142
  likelihood^(-2/N)      13.0238    4.5188    0.6530/0.7073

* P(F|XC) *
                         baseline   fitted   R-squared
  entropy                 1.2896    0.7396    0.4265
  qualitative variance    0.3499    0.2238    0.3606
  classification error    0.5716    0.3518    0.3845
  -2/N*log-likelihood     2.5792    1.4672    0.4311/0.5265
  likelihood^(-2/N)      13.1869    4.3372    0.6711/0.7262



*** LOG-LINEAR PARAMETERS ***

* TABLE C [or P(C)] *

  effect           beta   exp(beta)
  C 
   1             0.1793      1.1964 
   2            -0.2612      0.7701 
   3             0.0819      1.0853 

* TABLE XC [or P(X|C)] *

  effect           beta   exp(beta)
  X 
   1            -1.0701      0.3430 
   2             0.4197      1.5215 
   3             0.4044      1.4984 
   4             0.2461      1.2790 
  XC 
   1 1          -0.4987      0.6073 
   1 2           0.1620      1.1758 
   1 3           0.3368      1.4004 
   2 1           0.6446      1.9051 
   2 2          -0.2357      0.7900 
   2 3          -0.4088      0.6644 
   3 1          -0.4697      0.6252 
   3 2           0.4672      1.5956 
   3 3           0.0025      1.0025 
   4 1           0.3239      1.3825 
   4 2          -0.3935      0.6747 
   4 3           0.0696      1.0720 



*** (CONDITIONAL) PROBABILITIES ***

* P(C) *

  1              0.3920
  2              0.2523
  3              0.3556

* P(X|C) *

  1 | 1          0.0358
  1 | 2          0.0830
  1 | 3          0.1100
  2 | 1          0.4987
  2 | 2          0.2474
  2 | 3          0.2316
  3 | 1          0.1612
  3 | 2          0.4920
  3 | 3          0.3442
  4 | 1          0.3042
  4 | 2          0.1776
  4 | 3          0.3142

* P(T|XC) *

  1 | 1 1        0.9785
  2 | 1 1        0.0000
  3 | 1 1        0.0072
  4 | 1 1        0.0143
  1 | 1 2        0.7483
  2 | 1 2        0.2375
  3 | 1 2        0.0000 *
  4 | 1 2        0.0143
  1 | 1 3        0.5416
  2 | 1 3        0.4437
  3 | 1 3        0.0005
  4 | 1 3        0.0143
  1 | 2 1        0.0966
  2 | 2 1        0.7705
  3 | 2 1        0.0933
  4 | 2 1        0.0396
  1 | 2 2        0.1381
  2 | 2 2        0.8619
  3 | 2 2        0.0000 *
  4 | 2 2        0.0000
  1 | 2 3        0.4526
  2 | 2 3        0.4497
  3 | 2 3        0.0565
  4 | 2 3        0.0412
  1 | 3 1        0.0072
  2 | 3 1        0.3609
  3 | 3 1        0.5492
  4 | 3 1        0.0827
  1 | 3 2        0.0000 *
  2 | 3 2        0.4908
  3 | 3 2        0.3097
  4 | 3 2        0.1995
  1 | 3 3        0.0005
  2 | 3 3        0.6099
  3 | 3 3        0.3082
  4 | 3 3        0.0815
  1 | 4 1        0.0073
  2 | 4 1        0.0072
  3 | 4 1        0.1623
  4 | 4 1        0.8232
  1 | 4 2        0.0076
  2 | 4 2        0.0000 *
  3 | 4 2        0.1385
  4 | 4 2        0.8539
  1 | 4 3        0.0059
  2 | 4 3        0.0005
  3 | 4 3        0.2275
  4 | 4 3        0.7661

* P(F|XC) *

  1 | 1 1        0.9785
  2 | 1 1        0.0000
  3 | 1 1        0.0072
  4 | 1 1        0.0143
  1 | 1 2        0.7483
  2 | 1 2        0.2375
  3 | 1 2        0.0000 *
  4 | 1 2        0.0143
  1 | 1 3        0.5416
  2 | 1 3        0.4437
  3 | 1 3        0.0005
  4 | 1 3        0.0143
  1 | 2 1        0.0966
  2 | 2 1        0.7705
  3 | 2 1        0.0933
  4 | 2 1        0.0396
  1 | 2 2        0.1381
  2 | 2 2        0.8619
  3 | 2 2        0.0000 *
  4 | 2 2        0.0000
  1 | 2 3        0.4526
  2 | 2 3        0.4497
  3 | 2 3        0.0565
  4 | 2 3        0.0412
  1 | 3 1        0.0072
  2 | 3 1        0.3609
  3 | 3 1        0.6319
  4 | 3 1        0.0000 *
  1 | 3 2        0.0000 *
  2 | 3 2        0.4908
  3 | 3 2        0.4482
  4 | 3 2        0.0610
  1 | 3 3        0.0005
  2 | 3 3        0.6099
  3 | 3 3        0.3540
  4 | 3 3        0.0356
  1 | 4 1        0.0084
  2 | 4 1        0.0072
  3 | 4 1        0.2341
  4 | 4 1        0.7503
  1 | 4 2        0.0092
  2 | 4 2        0.0000 *
  3 | 4 2        0.2612
  4 | 4 2        0.7297
  1 | 4 3        0.0075
  2 | 4 3        0.0005
  3 | 4 3        0.4715
  4 | 4 3        0.5205



*** LATENT CLASS OUTPUT ***

          X  1    X  2    X  3    X  4
         0.0741  0.3403  0.3097  0.2758
  C  1   0.1895  0.5745  0.2040  0.4324
  C  2   0.2825  0.1834  0.4009  0.1625
  C  3   0.5280  0.2421  0.3952  0.4051
  F  1   0.6828  0.1904  0.0017  0.0082
  F  2   0.3013  0.7096  0.5114  0.0033
  F  3   0.0016  0.0673  0.4485  0.3347
  F  4   0.0143  0.0327  0.0385  0.6538
  T  1   0.6828  0.1904  0.0017  0.0068
  T  2   0.3013  0.7096  0.5114  0.0033
  T  3   0.0016  0.0673  0.3579  0.1848
  T  4   0.0143  0.0327  0.1290  0.8051

E = 0.1934, lambda = 0.7069
