Mplus VERSION 4.2
MUTHEN & MUTHEN
09/10/2007   6:47 PM

INPUT INSTRUCTIONS

  TITLE: MTMM analysis women continuous
  DATA:
      FILE IS C:\ESS\berlin\data\women.dat;

  VARIABLE:
      NAMES ARE
          ID        country_num                dweight
          WMCPWRK                MNRSPHM                MNRGTJB
          TESTA8                 TESTA9                 TESTA10
          TESTA22                TESTA23                TESTA24
          SPLTADMA;

      USEVARIABLES ARE
          WMCPWRK                MNRSPHM                MNRGTJB
          TESTA8                 TESTA9                 TESTA10
          TESTA22                TESTA23                TESTA24;

      USEOBSERVATIONS ARE
        (dweight NE -9999 AND country_num NE -9999 AND
                country_num EQ 12 );

      WEIGHT IS dweight;

      IDVARIABLE = ID;
      MISSING ARE ALL(-9999);


  ANALYSIS:
      TYPE = MISSING;
      ESTIMATOR IS MLR;
      COVERAGE = 0.000;

  MODEL:
     T1 BY WMCPWRK@1;
         WMCPWRK          ;
     T2 BY MNRSPHM@1;
         MNRSPHM          ;
     T3 BY MNRGTJB@1;
         MNRGTJB          ;
     T1 BY TESTA8;
         TESTA8                 ;
     T2 BY TESTA9;
         TESTA9                 ;
     T3 BY TESTA10;
         TESTA10         ;
     T1 BY TESTA22;
         TESTA22        ;
     T2 BY TESTA23;
         TESTA23        ;
     T3 BY TESTA24;
         TESTA24      ;

      [T1-T3@0];
      [M1-M3@0];

      M1 BY WMCPWRK@1 MNRSPHM@1 MNRGTJB@1;
      M2 BY TESTA8@1 TESTA9* TESTA10@1;
      M3 BY TESTA22@1 TESTA23@1 TESTA24@1;

      T1*.5
      T2*.5
      T3*.5
      M1
      M2
      M3
      ;

      T1 WITH T2   ;
      T1 WITH T3   ;
      T2 WITH T3   ;

      T1 WITH M1@0;
      T2 WITH M1@0;
      T3 WITH M1@0;

      T1 WITH M2@0;
      T2 WITH M2@0;
      T3 WITH M2@0;

      T1 WITH M3@0;
      T2 WITH M3@0;
      T3 WITH M3@0;

      M1 WITH M2@0;
      M1 WITH M3@0;
      M2 WITH M3@0;



          [ WMCPWRK*2.808 MNRSPHM*2.068 MNRGTJB*2.790 TESTA8*2.977 TESTA9*3.201
          TESTA10* 2.729 TESTA22*2.744 TESTA23*2.153 TESTA24*2.811 ] ;



  OUTPUT:
      SAMPSTAT MODINDICES(0) RESIDUAL STANDARDIZED CINTERVAL H1SE H1TECH3
              PATTERNS TECH1 TECH3 TECH4 TECH5;
  PLOT:
      TYPE=PLOT1 PLOT2 PLOT3;



*** WARNING
  Variable name contains more than 8 characters.
  Only the first 8 characters will be printed in the output.
  Variable: COUNTRY_NUM
*** WARNING in Output command
  SAMPSTAT option for TYPE=MISSING requires H1.
  TYPE=H1 is turned on automatically.
*** WARNING
  Data set contains cases with missing on all variables.
  These cases were not included in the analysis.
  Number of cases with missing on all variables:  6
   3 WARNING(S) FOUND IN THE INPUT INSTRUCTIONS



MTMM analysis women continuous

SUMMARY OF ANALYSIS

Number of groups                                                 1
Number of observations                                        2400

Number of dependent variables                                    9
Number of independent variables                                  0
Number of continuous latent variables                            6

Observed dependent variables

  Continuous
   WMCPWRK     MNRSPHM     MNRGTJB     TESTA8      TESTA9      TESTA10
   TESTA22     TESTA23     TESTA24

Continuous latent variables
   T1          T2          T3          M1          M2          M3

Variables with special functions

  Weight variable       DWEIGHT
  ID variable           ID

Estimator                                                      MLR
Information matrix                                        OBSERVED
Maximum number of iterations                                  1000
Convergence criterion                                    0.500D-04
Maximum number of steepest descent iterations                   20
Maximum number of iterations for H1                           2000
Convergence criterion for H1                             0.100D-03

Input data file(s)
  C:\ESS\berlin\data\women.dat

Input data format  FREE


SUMMARY OF DATA

     Number of patterns          14


SUMMARY OF MISSING DATA PATTERNS


     MISSING DATA PATTERNS

           1  2  3  4  5  6  7  8  9 10 11 12 13 14 15
 WMCPWRK   x  x  x  x  x  x  x  x  x
 MNRSPHM   x  x  x  x  x  x  x  x     x  x  x
 MNRGTJB   x  x  x  x  x              x  x     x
 TESTA8    x  x           x                 x  x
 TESTA9    x  x  x        x                 x  x
 TESTA10   x  x           x                 x  x  x
 TESTA22   x        x        x     x  x              x
 TESTA23   x        x        x     x  x              x
 TESTA24   x        x        x     x  x              x


     MISSING DATA PATTERN FREQUENCIES

    Pattern   Frequency     Pattern   Frequency     Pattern   Frequency
          1           0           6           3          11           2
          2         790           7           1          12           1
          3           1           8           2          13           1
          4         810           9           1          14           1
          5         784          10           2          15           1


COVARIANCE COVERAGE OF DATA

Minimum covariance coverage value   0.000


     PROPORTION OF DATA PRESENT


           Covariance Coverage
              WMCPWRK       MNRSPHM       MNRGTJB       TESTA8        TESTA9
              ________      ________      ________      ________      ________
 WMCPWRK        0.997
 MNRSPHM        0.996         0.998
 MNRGTJB        0.994         0.995         0.996
 TESTA8         0.330         0.331         0.330         0.331
 TESTA9         0.331         0.331         0.330         0.331         0.332
 TESTA10        0.330         0.331         0.330         0.331         0.331
 TESTA22        0.338         0.339         0.338         0.000         0.000
 TESTA23        0.338         0.339         0.338         0.000         0.000
 TESTA24        0.338         0.339         0.338         0.000         0.000


           Covariance Coverage
              TESTA10       TESTA22       TESTA23       TESTA24
              ________      ________      ________      ________
 TESTA10        0.332
 TESTA22        0.000         0.340
 TESTA23        0.000         0.340         0.340
 TESTA24        0.000         0.340         0.340         0.340


SAMPLE STATISTICS


     ESTIMATED SAMPLE STATISTICS


           Means
              WMCPWRK       MNRSPHM       MNRGTJB       TESTA8        TESTA9
              ________      ________      ________      ________      ________
      1         2.808         2.068         2.790         2.977         3.201


           Means
              TESTA10       TESTA22       TESTA23       TESTA24
              ________      ________      ________      ________
      1         2.729         2.744         2.153         2.811


           Covariances
              WMCPWRK       MNRSPHM       MNRGTJB       TESTA8        TESTA9
              ________      ________      ________      ________      ________
 WMCPWRK        1.332
 MNRSPHM       -0.249         0.749
 MNRGTJB        0.573        -0.318         1.529
 TESTA8        -0.744         0.162        -0.361         1.152
 TESTA9         0.241        -0.414         0.542        -0.089         1.179
 TESTA10       -0.303         0.260        -0.636         0.345        -0.252
 TESTA22        1.138        -0.278         0.628        -0.597         0.257
 TESTA23       -0.264         0.579        -0.360         0.155        -0.320
 TESTA24        0.609        -0.328         1.231        -0.345         0.435


           Covariances
              TESTA10       TESTA22       TESTA23       TESTA24
              ________      ________      ________      ________
 TESTA10        1.085
 TESTA22       -0.294         1.614
 TESTA23        0.225        -0.327         1.089
 TESTA24       -0.489         0.722        -0.335         1.803


           Correlations
              WMCPWRK       MNRSPHM       MNRGTJB       TESTA8        TESTA9
              ________      ________      ________      ________      ________
 WMCPWRK        1.000
 MNRSPHM       -0.249         1.000
 MNRGTJB        0.402        -0.297         1.000
 TESTA8        -0.600         0.174        -0.272         1.000
 TESTA9         0.192        -0.441         0.404        -0.076         1.000
 TESTA10       -0.252         0.288        -0.494         0.309        -0.223
 TESTA22        0.776        -0.253         0.400        -0.438         0.186
 TESTA23       -0.219         0.641        -0.279         0.138        -0.283
 TESTA24        0.393        -0.283         0.742        -0.240         0.298


           Correlations
              TESTA10       TESTA22       TESTA23       TESTA24
              ________      ________      ________      ________
 TESTA10        1.000
 TESTA22       -0.222         1.000
 TESTA23        0.207        -0.247         1.000
 TESTA24       -0.349         0.423        -0.239         1.000


     MAXIMUM LOG-LIKELIHOOD VALUE FOR THE UNRESTRICTED (H1) MODEL IS  -16403.745


     THE STANDARD ERRORS FOR H1 ESTIMATED SAMPLE STATISTICS COULD
     NOT BE COMPUTED.  THIS MAY BE DUE TO LOW COVARIANCE COVERAGE.
     THE ROBUST CHI-SQUARE COULD NOT BE COMPUTED.

THE MODEL ESTIMATION TERMINATED NORMALLY



TESTS OF MODEL FIT

Loglikelihood

          H0 Value                      -16436.919
          H1 Value                      -16403.745

Information Criteria

          Number of Free Parameters             34
          Akaike (AIC)                   32941.839
          Bayesian (BIC)                 33138.468
          Sample-Size Adjusted BIC       33030.443
            (n* = (n + 2) / 24)

SRMR (Standardized Root Mean Square Residual)

          Value                              0.057



MODEL RESULTS

                   Estimates     S.E.  Est./S.E.    Std     StdYX

 T1       BY
    WMCPWRK            1.000    0.000      0.000    1.013    0.877
    TESTA8            -0.724    0.051    -14.333   -0.733   -0.682
    TESTA22            1.112    0.054     20.625    1.126    0.886

 T2       BY
    MNRSPHM            1.000    0.000      0.000    0.659    0.762
    TESTA9            -1.036    0.134     -7.709   -0.683   -0.627
    TESTA23            1.302    0.099     13.190    0.858    0.820

 T3       BY
    MNRGTJB            1.000    0.000      0.000    1.075    0.870
    TESTA10           -0.571    0.050    -11.481   -0.614   -0.586
    TESTA24            1.066    0.054     19.856    1.146    0.853

 M1       BY
    WMCPWRK            1.000    0.000      0.000    0.064    0.055
    MNRSPHM            1.000    0.000      0.000    0.064    0.074
    MNRGTJB            1.000    0.000      0.000    0.064    0.052

 M2       BY
    TESTA8             1.000    0.000      0.000    0.377    0.350
    TESTA9             0.504    0.272      1.848    0.190    0.174
    TESTA10            1.000    0.000      0.000    0.377    0.359

 M3       BY
    TESTA22            1.000    0.000      0.000    0.152    0.119
    TESTA23            1.000    0.000      0.000    0.152    0.145
    TESTA24            1.000    0.000      0.000    0.152    0.113

 T1       WITH
    T2                -0.240    0.026     -9.168   -0.359   -0.359
    T3                 0.566    0.034     16.466    0.520    0.520
    M1                 0.000    0.000      0.000    0.000    0.000
    M2                 0.000    0.000      0.000    0.000    0.000
    M3                 0.000    0.000      0.000    0.000    0.000

 T2       WITH
    T3                -0.331    0.027    -12.181   -0.467   -0.467
    M1                 0.000    0.000      0.000    0.000    0.000
    M2                 0.000    0.000      0.000    0.000    0.000
    M3                 0.000    0.000      0.000    0.000    0.000

 T3       WITH
    M1                 0.000    0.000      0.000    0.000    0.000
    M2                 0.000    0.000      0.000    0.000    0.000
    M3                 0.000    0.000      0.000    0.000    0.000

 M1       WITH
    M2                 0.000    0.000      0.000    0.000    0.000
    M3                 0.000    0.000      0.000    0.000    0.000

 M2       WITH
    M3                 0.000    0.000      0.000    0.000    0.000

 Means
    T1                 0.000    0.000      0.000    0.000    0.000
    T2                 0.000    0.000      0.000    0.000    0.000
    T3                 0.000    0.000      0.000    0.000    0.000
    M1                 0.000    0.000      0.000    0.000    0.000
    M2                 0.000    0.000      0.000    0.000    0.000
    M3                 0.000    0.000      0.000    0.000    0.000

 Intercepts
    WMCPWRK            2.808    0.026    108.403    2.808    2.433
    MNRSPHM            2.068    0.020    105.832    2.068    2.390
    MNRGTJB            2.790    0.028    100.675    2.790    2.256
    TESTA8             2.978    0.037     81.474    2.978    2.769
    TESTA9             3.205    0.039     82.260    3.205    2.943
    TESTA10            2.730    0.037     73.230    2.730    2.605
    TESTA22            2.744    0.038     72.247    2.744    2.160
    TESTA23            2.150    0.034     63.313    2.150    2.055
    TESTA24            2.809    0.041     69.175    2.809    2.092

 Variances
    T1                 1.025    0.058     17.546    1.000    1.000
    T2                 0.434    0.048      9.138    1.000    1.000
    T3                 1.156    0.068     17.025    1.000    1.000
    M1                 0.004    0.014      0.293    1.000    1.000
    M2                 0.142    0.041      3.425    1.000    1.000
    M3                 0.023    0.022      1.048    1.000    1.000

 Residual Variances
    WMCPWRK            0.303    0.053      5.671    0.303    0.227
    MNRSPHM            0.310    0.051      6.069    0.310    0.414
    MNRGTJB            0.368    0.059      6.226    0.368    0.241
    TESTA8             0.477    0.053      8.984    0.477    0.412
    TESTA9             0.683    0.094      7.233    0.683    0.576
    TESTA10            0.580    0.059      9.867    0.580    0.528
    TESTA22            0.323    0.071      4.538    0.323    0.200
    TESTA23            0.336    0.066      5.060    0.336    0.307
    TESTA24            0.468    0.082      5.673    0.468    0.259


R-SQUARE

    Observed
    Variable  R-Square

    WMCPWRK      0.773
    MNRSPHM      0.586
    MNRGTJB      0.759
    TESTA8       0.588
    TESTA9       0.424
    TESTA10      0.472
    TESTA22      0.800
    TESTA23      0.693
    TESTA24      0.741


QUALITY OF NUMERICAL RESULTS

     Condition Number for the Information Matrix              0.100E-02
       (ratio of smallest to largest eigenvalue)


CONFIDENCE INTERVALS OF MODEL RESULTS

                   Lower .5%  Lower 2.5%  Estimates  Upper 2.5%  Upper .5%

 T1       BY
    WMCPWRK           1.000       1.000      1.000       1.000      1.000
    TESTA8           -0.854      -0.823     -0.724      -0.625     -0.594
    TESTA22           0.973       1.006      1.112       1.218      1.251

 T2       BY
    MNRSPHM           1.000       1.000      1.000       1.000      1.000
    TESTA9           -1.383      -1.300     -1.036      -0.773     -0.690
    TESTA23           1.047       1.108      1.302       1.495      1.556

 T3       BY
    MNRGTJB           1.000       1.000      1.000       1.000      1.000
    TESTA10          -0.699      -0.668     -0.571      -0.473     -0.443
    TESTA24           0.927       0.960      1.066       1.171      1.204

 M1       BY
    WMCPWRK           1.000       1.000      1.000       1.000      1.000
    MNRSPHM           1.000       1.000      1.000       1.000      1.000
    MNRGTJB           1.000       1.000      1.000       1.000      1.000

 M2       BY
    TESTA8            1.000       1.000      1.000       1.000      1.000
    TESTA9           -0.198      -0.031      0.504       1.038      1.205
    TESTA10           1.000       1.000      1.000       1.000      1.000

 M3       BY
    TESTA22           1.000       1.000      1.000       1.000      1.000
    TESTA23           1.000       1.000      1.000       1.000      1.000
    TESTA24           1.000       1.000      1.000       1.000      1.000

 T1       WITH
    T2               -0.307      -0.291     -0.240      -0.188     -0.172
    T3                0.478       0.499      0.566       0.634      0.655
    M1                0.000       0.000      0.000       0.000      0.000
    M2                0.000       0.000      0.000       0.000      0.000
    M3                0.000       0.000      0.000       0.000      0.000

 T2       WITH
    T3               -0.401      -0.384     -0.331      -0.277     -0.261
    M1                0.000       0.000      0.000       0.000      0.000
    M2                0.000       0.000      0.000       0.000      0.000
    M3                0.000       0.000      0.000       0.000      0.000

 T3       WITH
    M1                0.000       0.000      0.000       0.000      0.000
    M2                0.000       0.000      0.000       0.000      0.000
    M3                0.000       0.000      0.000       0.000      0.000

 M1       WITH
    M2                0.000       0.000      0.000       0.000      0.000
    M3                0.000       0.000      0.000       0.000      0.000

 M2       WITH
    M3                0.000       0.000      0.000       0.000      0.000

 Means
    T1                0.000       0.000      0.000       0.000      0.000
    T2                0.000       0.000      0.000       0.000      0.000
    T3                0.000       0.000      0.000       0.000      0.000
    M1                0.000       0.000      0.000       0.000      0.000
    M2                0.000       0.000      0.000       0.000      0.000
    M3                0.000       0.000      0.000       0.000      0.000

 Intercepts
    WMCPWRK           2.741       2.757      2.808       2.859      2.875
    MNRSPHM           2.018       2.030      2.068       2.107      2.119
    MNRGTJB           2.719       2.736      2.790       2.844      2.861
    TESTA8            2.884       2.906      2.978       3.050      3.072
    TESTA9            3.104       3.128      3.205       3.281      3.305
    TESTA10           2.634       2.657      2.730       2.803      2.826
    TESTA22           2.646       2.669      2.744       2.818      2.842
    TESTA23           2.062       2.083      2.150       2.216      2.237
    TESTA24           2.705       2.730      2.809       2.889      2.914

 Variances
    T1                0.875       0.911      1.025       1.140      1.176
    T2                0.312       0.341      0.434       0.528      0.557
    T3                0.981       1.023      1.156       1.289      1.331
    M1               -0.032      -0.023      0.004       0.031      0.040
    M2                0.035       0.061      0.142       0.223      0.249
    M3               -0.034      -0.020      0.023       0.066      0.079

 Residual Variances
    WMCPWRK           0.165       0.198      0.303       0.407      0.440
    MNRSPHM           0.179       0.210      0.310       0.411      0.442
    MNRGTJB           0.216       0.252      0.368       0.484      0.521
    TESTA8            0.340       0.373      0.477       0.581      0.614
    TESTA9            0.440       0.498      0.683       0.868      0.926
    TESTA10           0.428       0.464      0.580       0.695      0.731
    TESTA22           0.140       0.183      0.323       0.462      0.506
    TESTA23           0.165       0.206      0.336       0.466      0.506
    TESTA24           0.255       0.306      0.468       0.629      0.680


RESIDUAL OUTPUT


     ESTIMATED MODEL AND RESIDUALS (OBSERVED - ESTIMATED)


           Model Estimated Means/Intercepts/Thresholds
              WMCPWRK       MNRSPHM       MNRGTJB       TESTA8        TESTA9
              ________      ________      ________      ________      ________
      1         2.808         2.068         2.790         2.978         3.205


           Model Estimated Means/Intercepts/Thresholds
              TESTA10       TESTA22       TESTA23       TESTA24
              ________      ________      ________      ________
      1         2.730         2.744         2.150         2.809


           Residuals for Means/Intercepts/Thresholds
              WMCPWRK       MNRSPHM       MNRGTJB       TESTA8        TESTA9
              ________      ________      ________      ________      ________
      1         0.000         0.000         0.000        -0.001        -0.004


           Residuals for Means/Intercepts/Thresholds
              TESTA10       TESTA22       TESTA23       TESTA24
              ________      ________      ________      ________
      1        -0.002         0.000         0.003         0.001


           Model Estimated Covariances/Correlations/Residual Correlations
              WMCPWRK       MNRSPHM       MNRGTJB       TESTA8        TESTA9
              ________      ________      ________      ________      ________
 WMCPWRK        1.332
 MNRSPHM       -0.236         0.749
 MNRGTJB        0.570        -0.327         1.529
 TESTA8        -0.743         0.174        -0.410         1.157
 TESTA9         0.248        -0.450         0.343        -0.108         1.186
 TESTA10       -0.323         0.189        -0.660         0.376        -0.124
 TESTA22        1.140        -0.266         0.630        -0.826         0.276
 TESTA23       -0.312         0.566        -0.430         0.226        -0.586
 TESTA24        0.603        -0.352         1.232        -0.437         0.365


           Model Estimated Covariances/Correlations/Residual Correlations
              TESTA10       TESTA22       TESTA23       TESTA24
              ________      ________      ________      ________
 TESTA10        1.098
 TESTA22       -0.359         1.614
 TESTA23        0.246        -0.324         1.095
 TESTA24       -0.703         0.694        -0.436         1.804


           Residuals for Covariances/Correlations/Residual Correlations
              WMCPWRK       MNRSPHM       MNRGTJB       TESTA8        TESTA9
              ________      ________      ________      ________      ________
 WMCPWRK        0.000
 MNRSPHM       -0.013         0.000
 MNRGTJB        0.003         0.008         0.000
 TESTA8        -0.001        -0.012         0.049        -0.005
 TESTA9        -0.008         0.036         0.199         0.020        -0.007
 TESTA10        0.020         0.071         0.024        -0.031        -0.127
 TESTA22       -0.002        -0.011        -0.001         0.229        -0.019
 TESTA23        0.048         0.014         0.071        -0.071         0.266
 TESTA24        0.005         0.024        -0.001         0.092         0.070


           Residuals for Covariances/Correlations/Residual Correlations
              TESTA10       TESTA22       TESTA23       TESTA24
              ________      ________      ________      ________
 TESTA10       -0.014
 TESTA22        0.065         0.000
 TESTA23       -0.020        -0.004        -0.006
 TESTA24        0.215         0.028         0.100         0.000


MODEL MODIFICATION INDICES

Minimum M.I. value for printing the modification index     0.000

                            M.I.     E.P.C.  Std E.P.C.  StdYX E.P.C.

BY Statements

T1       BY MNRSPHM         3.403    -0.062     -0.063       -0.073
T1       BY MNRGTJB         0.155    -0.031     -0.032       -0.026
T1       BY TESTA9          0.077    -0.013     -0.013       -0.012
T1       BY TESTA10         0.536     0.036      0.037        0.035
T1       BY TESTA23         2.706     0.072      0.073        0.070
T1       BY TESTA24         0.792     0.063      0.064        0.047
T2       BY WMCPWRK         1.083     0.089      0.059        0.051
T2       BY MNRGTJB         0.162    -0.039     -0.026       -0.021
T2       BY TESTA8          2.603    -0.113     -0.075       -0.069
T2       BY TESTA10         7.903     0.219      0.144        0.138
T2       BY TESTA22         4.693    -0.181     -0.119       -0.094
T2       BY TESTA24         5.195     0.224      0.148        0.110
T3       BY WMCPWRK         1.078     0.165      0.177        0.153
T3       BY MNRSPHM         3.418     0.141      0.152        0.175
T3       BY TESTA8          1.787     0.063      0.067        0.063
T3       BY TESTA9         40.397     0.332      0.357        0.328
T3       BY TESTA22         0.776     0.061      0.066        0.052
T3       BY TESTA23        21.722     0.278      0.299        0.286
M1       BY WMCPWRK         5.615   -11.304     -0.721       -0.625
M1       BY MNRSPHM         2.684   -10.627     -0.678       -0.783
M1       BY MNRGTJB        11.028    14.714      0.939        0.759
M1       BY TESTA9         17.243    24.045      1.534        1.408
M1       BY TESTA10         7.105    12.366      0.789        0.753
M1       BY TESTA23        21.568    25.376      1.619        1.547
M2       BY WMCPWRK         0.572    -0.164     -0.062       -0.054
M2       BY MNRSPHM         5.587     0.369      0.139        0.161
M2       BY MNRGTJB        14.548     0.868      0.327        0.265
M2       BY TESTA8          0.583     0.404      0.152        0.142
M2       BY TESTA10         0.570    -0.400     -0.151       -0.144
M3       BY WMCPWRK         2.801     1.492      0.226        0.196
M3       BY MNRSPHM         8.741     2.936      0.445        0.514
M3       BY MNRGTJB         0.177    -0.392     -0.059       -0.048
M3       BY TESTA22         3.374    -2.439     -0.370       -0.291
M3       BY TESTA23         2.190    -2.147     -0.325       -0.311
M3       BY TESTA24         8.771     3.647      0.553        0.412

ON/BY Statements

T1       ON M1       /
M1       BY T1              3.893    -9.854     -0.621       -0.621
T1       ON M2       /
M2       BY T1              1.008    -0.223     -0.083       -0.083
T1       ON M3       /
M3       BY T1              0.152     0.447      0.067        0.067
T2       ON M2       /
M2       BY T2              5.586     0.369      0.211        0.211
T2       ON M3       /
M3       BY T2              5.442     3.300      0.759        0.759
T3       ON M1       /
M1       BY T3              4.306    12.915      0.766        0.766
T3       ON M2       /
M2       BY T3             16.326     0.929      0.326        0.326
T3       ON M3       /
M3       BY T3              7.293     3.456      0.487        0.487
M1       ON T1       /
T1       BY M1              3.887    -0.065     -1.034       -1.034
M1       ON T2       /
T2       BY M1              6.450     0.809      8.359        8.359
M1       ON T3       /
T3       BY M1              4.324     0.140      2.367        2.367
M1       ON M2       /
M2       BY M1              9.685     0.341      2.013        2.013
M1       ON M3       /
M3       BY M1             15.399     3.498      8.311        8.311
M2       ON T1       /
T1       BY M2              0.281     0.024      0.064        0.064
M2       ON T2       /
T2       BY M2              0.651     0.050      0.087        0.087
M2       ON T3       /
T3       BY M2             15.205     0.169      0.483        0.483
M2       ON M1       /
M1       BY M2              9.685    11.890      2.013        2.013
M3       ON T1       /
T1       BY M3              3.813     0.076      0.510        0.510
M3       ON T2       /
T2       BY M3              0.072    -0.027     -0.115       -0.115
M3       ON T3       /
T3       BY M3             17.301     0.190      1.351        1.351
M3       ON M1       /
M1       BY M3             15.399    19.747      8.311        8.311

WITH Statements

MNRSPHM  WITH WMCPWRK      11.027    -0.060     -0.060       -0.060
MNRGTJB  WITH WMCPWRK       2.683     0.043      0.043        0.030
MNRGTJB  WITH MNRSPHM       5.625     0.046      0.046        0.043
TESTA8   WITH WMCPWRK       2.602    -0.109     -0.109       -0.088
TESTA8   WITH MNRSPHM       0.488    -0.017     -0.017       -0.018
TESTA8   WITH MNRGTJB       0.708     0.032      0.032        0.024
TESTA9   WITH WMCPWRK       4.760    -0.074     -0.074       -0.059
TESTA9   WITH MNRSPHM      24.682     0.293      0.293        0.311
TESTA9   WITH MNRGTJB      36.980     0.237      0.237        0.176
TESTA9   WITH TESTA8        0.574     0.029      0.029        0.024
TESTA10  WITH WMCPWRK       1.311     0.041      0.041        0.034
TESTA10  WITH MNRSPHM       5.427     0.059      0.059        0.065
TESTA10  WITH MNRGTJB       1.206     0.071      0.071        0.055
TESTA10  WITH TESTA9        0.576    -0.029     -0.029       -0.025
TESTA22  WITH WMCPWRK       2.607    -0.168     -0.168       -0.115
TESTA22  WITH MNRSPHM       2.213     0.033      0.033        0.030
TESTA22  WITH MNRGTJB       1.700    -0.035     -0.035       -0.022
TESTA23  WITH WMCPWRK       8.911     0.073      0.073        0.060
TESTA23  WITH MNRSPHM      24.635     0.368      0.368        0.406
TESTA23  WITH MNRGTJB       0.303     0.015      0.015        0.012
TESTA23  WITH TESTA22       8.769    -0.084     -0.084       -0.063
TESTA24  WITH WMCPWRK       0.438    -0.018     -0.018       -0.011
TESTA24  WITH MNRSPHM       0.012    -0.003     -0.003       -0.002
TESTA24  WITH MNRGTJB       1.205     0.132      0.132        0.080
TESTA24  WITH TESTA22       2.193     0.049      0.049        0.029
TESTA24  WITH TESTA23       3.374     0.056      0.056        0.040
M1       WITH T1            3.893    -0.040     -0.621       -0.621
M1       WITH T2            6.493     0.239      5.686        5.686
M1       WITH T3            4.306     0.053      0.766        0.766
M2       WITH T1            1.008    -0.032     -0.083       -0.083
M2       WITH T2            5.586     0.052      0.211        0.211
M2       WITH T3           16.326     0.132      0.326        0.326
M2       WITH M1            9.685     0.048      2.013        2.013
M3       WITH T1            0.152     0.010      0.067        0.067
M3       WITH T2            5.442     0.076      0.759        0.759
M3       WITH T3            7.293     0.079      0.487        0.487
M3       WITH M1           15.399     0.080      8.311        8.311


H1 TECHNICAL 3 OUTPUT

     THE ESTIMATED COVARIANCE AND CORRELATION MATRICES FOR THE H1 ESTIMATED
     SAMPLE STATISTICS COULD NOT BE COMPUTED.  THIS MAY BE DUE TO LOW COVERAGE.


TECHNICAL 1 OUTPUT


     PARAMETER SPECIFICATION


           NU
              WMCPWRK       MNRSPHM       MNRGTJB       TESTA8        TESTA9
              ________      ________      ________      ________      ________
      1           1             2             3             4             5


           NU
              TESTA10       TESTA22       TESTA23       TESTA24
              ________      ________      ________      ________
      1           6             7             8             9


           LAMBDA
              T1            T2            T3            M1            M2
              ________      ________      ________      ________      ________
 WMCPWRK            0             0             0             0             0
 MNRSPHM            0             0             0             0             0
 MNRGTJB            0             0             0             0             0
 TESTA8            10             0             0             0             0
 TESTA9             0            11             0             0            12
 TESTA10            0             0            13             0             0
 TESTA22           14             0             0             0             0
 TESTA23            0            15             0             0             0
 TESTA24            0             0            16             0             0


           LAMBDA
              M3
              ________
 WMCPWRK            0
 MNRSPHM            0
 MNRGTJB            0
 TESTA8             0
 TESTA9             0
 TESTA10            0
 TESTA22            0
 TESTA23            0
 TESTA24            0


           THETA
              WMCPWRK       MNRSPHM       MNRGTJB       TESTA8        TESTA9
              ________      ________      ________      ________      ________
 WMCPWRK           17
 MNRSPHM            0            18
 MNRGTJB            0             0            19
 TESTA8             0             0             0            20
 TESTA9             0             0             0             0            21
 TESTA10            0             0             0             0             0
 TESTA22            0             0             0             0             0
 TESTA23            0             0             0             0             0
 TESTA24            0             0             0             0             0


           THETA
              TESTA10       TESTA22       TESTA23       TESTA24
              ________      ________      ________      ________
 TESTA10           22
 TESTA22            0            23
 TESTA23            0             0            24
 TESTA24            0             0             0            25


           ALPHA
              T1            T2            T3            M1            M2
              ________      ________      ________      ________      ________
      1           0             0             0             0             0


           ALPHA
              M3
              ________
      1           0


           BETA
              T1            T2            T3            M1            M2
              ________      ________      ________      ________      ________
 T1                 0             0             0             0             0
 T2                 0             0             0             0             0
 T3                 0             0             0             0             0
 M1                 0             0             0             0             0
 M2                 0             0             0             0             0
 M3                 0             0             0             0             0


           BETA
              M3
              ________
 T1                 0
 T2                 0
 T3                 0
 M1                 0
 M2                 0
 M3                 0


           PSI
              T1            T2            T3            M1            M2
              ________      ________      ________      ________      ________
 T1                26
 T2                27            28
 T3                29            30            31
 M1                 0             0             0            32
 M2                 0             0             0             0            33
 M3                 0             0             0             0             0


           PSI
              M3
              ________
 M3                34


     STARTING VALUES


           NU
              WMCPWRK       MNRSPHM       MNRGTJB       TESTA8        TESTA9
              ________      ________      ________      ________      ________
      1         2.808         2.068         2.790         2.977         3.201


           NU
              TESTA10       TESTA22       TESTA23       TESTA24
              ________      ________      ________      ________
      1         2.729         2.744         2.153         2.811


           LAMBDA
              T1            T2            T3            M1            M2
              ________      ________      ________      ________      ________
 WMCPWRK        1.000         0.000         0.000         1.000         0.000
 MNRSPHM        0.000         1.000         0.000         1.000         0.000
 MNRGTJB        0.000         0.000         1.000         1.000         0.000
 TESTA8         1.000         0.000         0.000         0.000         1.000
 TESTA9         0.000         1.000         0.000         0.000         1.000
 TESTA10        0.000         0.000         1.000         0.000         1.000
 TESTA22        1.000         0.000         0.000         0.000         0.000
 TESTA23        0.000         1.000         0.000         0.000         0.000
 TESTA24        0.000         0.000         1.000         0.000         0.000


           LAMBDA
              M3
              ________
 WMCPWRK        0.000
 MNRSPHM        0.000
 MNRGTJB        0.000
 TESTA8         0.000
 TESTA9         0.000
 TESTA10        0.000
 TESTA22        1.000
 TESTA23        1.000
 TESTA24        1.000


           THETA
              WMCPWRK       MNRSPHM       MNRGTJB       TESTA8        TESTA9
              ________      ________      ________      ________      ________
 WMCPWRK        0.666
 MNRSPHM        0.000         0.374
 MNRGTJB        0.000         0.000         0.765
 TESTA8         0.000         0.000         0.000         0.576
 TESTA9         0.000         0.000         0.000         0.000         0.574
 TESTA10        0.000         0.000         0.000         0.000         0.000
 TESTA22        0.000         0.000         0.000         0.000         0.000
 TESTA23        0.000         0.000         0.000         0.000         0.000
 TESTA24        0.000         0.000         0.000         0.000         0.000


           THETA
              TESTA10       TESTA22       TESTA23       TESTA24
              ________      ________      ________      ________
 TESTA10        0.536
 TESTA22        0.000         0.808
 TESTA23        0.000         0.000         0.546
 TESTA24        0.000         0.000         0.000         0.908


           ALPHA
              T1            T2            T3            M1            M2
              ________      ________      ________      ________      ________
      1         0.000         0.000         0.000         0.000         0.000


           ALPHA
              M3
              ________
      1         0.000


           BETA
              T1            T2            T3            M1            M2
              ________      ________      ________      ________      ________
 T1             0.000         0.000         0.000         0.000         0.000
 T2             0.000         0.000         0.000         0.000         0.000
 T3             0.000         0.000         0.000         0.000         0.000
 M1             0.000         0.000         0.000         0.000         0.000
 M2             0.000         0.000         0.000         0.000         0.000
 M3             0.000         0.000         0.000         0.000         0.000


           BETA
              M3
              ________
 T1             0.000
 T2             0.000
 T3             0.000
 M1             0.000
 M2             0.000
 M3             0.000


           PSI
              T1            T2            T3            M1            M2
              ________      ________      ________      ________      ________
 T1             0.500
 T2             0.000         0.500
 T3             0.000         0.000         0.500
 M1             0.000         0.000         0.000         0.050
 M2             0.000         0.000         0.000         0.000         0.050
 M3             0.000         0.000         0.000         0.000         0.000


           PSI
              M3
              ________
 M3             0.050


TECHNICAL 3 OUTPUT


           ESTIMATED COVARIANCE MATRIX FOR PARAMETER ESTIMATES
                  1             2             3             4             5
              ________      ________      ________      ________      ________
      1         0.001
      2         0.000         0.000
      3         0.000         0.000         0.001
      4         0.000         0.000         0.000         0.001
      5         0.000         0.000         0.000         0.000         0.002
      6         0.000         0.000         0.000         0.000         0.000
      7         0.001         0.000         0.000         0.000         0.000
      8         0.000         0.000         0.000         0.000         0.000
      9         0.000         0.000         0.001         0.000         0.000
     10         0.000         0.000         0.000         0.000         0.000
     11         0.000         0.000         0.000         0.000         0.000
     12         0.000         0.000         0.000         0.001         0.000
     13         0.000         0.000         0.000         0.000         0.000
     14         0.000         0.000         0.000         0.000         0.000
     15         0.000         0.000         0.000         0.000         0.000
     16         0.000         0.000         0.000         0.000         0.000
     17         0.000         0.000         0.000         0.000         0.000
     18         0.000         0.000         0.000         0.000         0.000
     19         0.000         0.000         0.000         0.000         0.000
     20         0.000         0.000         0.000         0.000         0.000
     21         0.000         0.000         0.000         0.000        -0.001
     22         0.000         0.000         0.000         0.000         0.000
     23         0.000         0.000         0.000         0.000         0.000
     24         0.000         0.000         0.000         0.000         0.000
     25         0.000         0.000         0.000         0.000         0.000
     26         0.000         0.000         0.000         0.000         0.000
     27         0.000         0.000         0.000         0.000         0.000
     28         0.000         0.000         0.000         0.000         0.000
     29         0.000         0.000         0.000         0.000         0.000
     30         0.000         0.000         0.000         0.000         0.000
     31         0.000         0.000         0.000         0.000         0.000
     32         0.000         0.000         0.000         0.000         0.000
     33         0.000         0.000         0.000         0.000         0.000
     34         0.000         0.000         0.000         0.000         0.000


           ESTIMATED COVARIANCE MATRIX FOR PARAMETER ESTIMATES
                  6             7             8             9            10
              ________      ________      ________      ________      ________
      6         0.001
      7         0.000         0.001
      8         0.000         0.000         0.001
      9         0.000         0.000         0.000         0.002
     10         0.000         0.000         0.000         0.000         0.003
     11         0.001        -0.001         0.001         0.000         0.000
     12         0.000         0.000         0.000         0.000        -0.005
     13         0.000         0.000         0.000         0.000         0.001
     14         0.000         0.000         0.000         0.000        -0.001
     15         0.000         0.000         0.000         0.000         0.000
     16         0.000         0.000         0.000         0.000         0.000
     17         0.000         0.000         0.000         0.000        -0.002
     18         0.000         0.000         0.000         0.000         0.000
     19         0.000         0.000         0.000         0.000         0.000
     20         0.000         0.000         0.000         0.000         0.002
     21         0.000         0.000         0.000         0.000         0.001
     22         0.000         0.000         0.000         0.000         0.000
     23         0.000         0.000         0.000         0.000         0.001
     24         0.000         0.000         0.001         0.000         0.000
     25         0.000         0.000         0.000         0.001         0.000
     26         0.000         0.000         0.000         0.000         0.002
     27         0.000         0.000         0.000         0.000         0.000
     28         0.000         0.000         0.000         0.000         0.000
     29         0.000         0.000         0.000         0.000         0.000
     30         0.000         0.000         0.000         0.000         0.000
     31         0.000         0.000         0.000         0.000         0.000
     32         0.000         0.000         0.000         0.000         0.000
     33         0.000         0.000         0.000         0.000         0.001
     34         0.000         0.000         0.000         0.000         0.000


           ESTIMATED COVARIANCE MATRIX FOR PARAMETER ESTIMATES
                 11            12            13            14            15
              ________      ________      ________      ________      ________
     11         0.018
     12        -0.007         0.074
     13         0.000        -0.004         0.002
     14         0.001         0.003         0.000         0.003
     15        -0.009         0.004         0.001         0.000         0.010
     16         0.001         0.000        -0.001         0.001        -0.001
     17        -0.001         0.004         0.000         0.002         0.001
     18        -0.005         0.002         0.000         0.000         0.004
     19         0.001         0.001        -0.001         0.000         0.000
     20         0.000        -0.001         0.000         0.000         0.000
     21         0.010        -0.012         0.000         0.000        -0.005
     22         0.000         0.002         0.002         0.000         0.001
     23        -0.001        -0.002         0.000        -0.003         0.000
     24         0.003        -0.002         0.000         0.000        -0.004
     25        -0.001        -0.001         0.001        -0.001         0.001
     26         0.000        -0.003         0.000        -0.002        -0.001
     27        -0.002         0.001         0.000         0.000         0.001
     28         0.005        -0.002         0.000         0.000        -0.004
     29         0.000        -0.001         0.000        -0.001         0.000
     30        -0.001         0.001         0.000         0.000         0.001
     31        -0.001        -0.001         0.002        -0.001         0.001
     32         0.001        -0.001         0.000         0.000        -0.001
     33         0.000        -0.006         0.000         0.000         0.000
     34        -0.001         0.000         0.000         0.000         0.000


           ESTIMATED COVARIANCE MATRIX FOR PARAMETER ESTIMATES
                 16            17            18            19            20
              ________      ________      ________      ________      ________
     16         0.003
     17         0.000         0.003
     18         0.000         0.001         0.003
     19         0.002         0.001         0.000         0.004
     20         0.000        -0.001         0.000         0.000         0.003
     21         0.001        -0.001        -0.003         0.000         0.001
     22         0.000         0.000         0.000         0.000         0.001
     23         0.000        -0.002         0.001         0.000         0.000
     24         0.000         0.000        -0.001         0.000         0.000
     25        -0.003        -0.001         0.000        -0.002         0.000
     26         0.000        -0.003         0.000         0.000         0.001
     27         0.000         0.000         0.001         0.000         0.000
     28         0.000         0.000        -0.002         0.000         0.000
     29         0.000         0.000         0.000         0.000         0.000
     30         0.000         0.000         0.000         0.000         0.000
     31        -0.003         0.000         0.000        -0.003         0.000
     32         0.000         0.000         0.000         0.000         0.000
     33         0.000         0.000         0.000         0.000         0.000
     34         0.000         0.000         0.000         0.000         0.000


           ESTIMATED COVARIANCE MATRIX FOR PARAMETER ESTIMATES
                 21            22            23            24            25
              ________      ________      ________      ________      ________
     21         0.009
     22         0.000         0.003
     23         0.000         0.000         0.005
     24         0.002         0.000         0.001         0.004
     25         0.000         0.000         0.002         0.001         0.007
     26         0.000         0.000         0.002         0.000         0.000
     27        -0.001         0.000         0.000        -0.001         0.000
     28         0.002         0.000         0.000         0.001         0.000
     29         0.000         0.000         0.000         0.000         0.000
     30         0.000         0.000         0.000        -0.001         0.000
     31        -0.001         0.001         0.000        -0.001         0.002
     32         0.000         0.000         0.000         0.000         0.000
     33         0.001        -0.001         0.000         0.000         0.000
     34         0.000         0.000         0.000         0.000         0.000


           ESTIMATED COVARIANCE MATRIX FOR PARAMETER ESTIMATES
                 26            27            28            29            30
              ________      ________      ________      ________      ________
     26         0.003
     27         0.000         0.001
     28         0.000        -0.001         0.002
     29         0.001         0.000         0.000         0.001
     30         0.000         0.000        -0.001         0.000         0.001
     31         0.001         0.000         0.000         0.001         0.000
     32         0.000         0.000         0.000         0.000         0.000
     33         0.000         0.000         0.000         0.000         0.000
     34         0.000         0.000         0.000         0.000         0.000


           ESTIMATED COVARIANCE MATRIX FOR PARAMETER ESTIMATES
                 31            32            33            34
              ________      ________      ________      ________
     31         0.005
     32         0.000         0.000
     33         0.000         0.000         0.002
     34         0.000         0.000         0.000         0.000


           ESTIMATED CORRELATION MATRIX FOR PARAMETER ESTIMATES
                  1             2             3             4             5
              ________      ________      ________      ________      ________
      1         1.000
      2        -0.241         1.000
      3         0.415        -0.281         1.000
      4        -0.411         0.121        -0.192         1.000
      5         0.105        -0.267         0.241         0.049         1.000
      6        -0.170         0.172        -0.293         0.267        -0.007
      7         0.577        -0.179         0.306        -0.236         0.079
      8        -0.127         0.437        -0.177         0.064        -0.127
      9         0.299        -0.193         0.545        -0.134         0.136
     10        -0.011        -0.031        -0.037        -0.173        -0.105
     11         0.037         0.046        -0.048         0.021        -0.070
     12        -0.020         0.015        -0.019         0.085         0.045
     13        -0.014        -0.014        -0.017        -0.120        -0.188
     14        -0.016         0.019        -0.031         0.002        -0.040
     15        -0.060        -0.043        -0.029        -0.004        -0.048
     16        -0.016         0.028        -0.026         0.021        -0.037
     17         0.012         0.010         0.001         0.009        -0.034
     18        -0.055         0.090        -0.009         0.012        -0.076
     19         0.004        -0.003        -0.029         0.018        -0.030
     20        -0.032        -0.023        -0.003        -0.051        -0.135
     21         0.058        -0.063        -0.029         0.016        -0.267
     22         0.022        -0.043        -0.001        -0.024        -0.156
     23         0.003         0.057         0.037         0.002         0.011
     24         0.048        -0.003         0.038        -0.008         0.041
     25         0.025        -0.011        -0.011        -0.017         0.023
     26         0.069        -0.093         0.075        -0.038         0.061
     27        -0.154        -0.137        -0.043         0.081         0.036
     28         0.000         0.195        -0.021         0.026        -0.002
     29         0.127        -0.080         0.122        -0.099         0.021
     30        -0.079        -0.104        -0.171         0.042        -0.042
     31         0.058        -0.103         0.179        -0.074         0.071
     32        -0.033        -0.053        -0.071        -0.052         0.009
     33        -0.051         0.011        -0.057        -0.132         0.048
     34        -0.034        -0.021        -0.040         0.024        -0.007


           ESTIMATED CORRELATION MATRIX FOR PARAMETER ESTIMATES
                  6             7             8             9            10
              ________      ________      ________      ________      ________
      6         1.000
      7        -0.117         1.000
      8         0.091        -0.142         1.000
      9        -0.166         0.262        -0.114         1.000
     10        -0.104        -0.042        -0.030         0.013         1.000
     11         0.132        -0.123         0.131        -0.070         0.053
     12         0.047         0.020        -0.010        -0.011        -0.398
     13        -0.105        -0.022        -0.009        -0.032         0.346
     14         0.019         0.022         0.018        -0.098        -0.469
     15        -0.056         0.091        -0.064         0.039        -0.035
     16         0.010        -0.032        -0.071        -0.042        -0.116
     17         0.018         0.090        -0.010        -0.053        -0.574
     18        -0.037         0.163        -0.117         0.035        -0.054
     19         0.004         0.064        -0.043         0.042        -0.157
     20        -0.072        -0.036        -0.011         0.018         0.586
     21         0.083        -0.074         0.058        -0.037         0.191
     22         0.111         0.011        -0.014        -0.012         0.011
     23        -0.012         0.145        -0.101         0.131         0.272
     24         0.023        -0.067         0.267         0.039         0.010
     25         0.006        -0.008         0.084         0.161         0.097
     26        -0.048         0.001        -0.080         0.085         0.532
     27        -0.001         0.003        -0.202        -0.039        -0.069
     28         0.070        -0.158         0.199        -0.074         0.018
     29        -0.067         0.123        -0.069         0.066         0.168
     30         0.093         0.024        -0.142        -0.108        -0.028
     31        -0.094         0.022        -0.057         0.080         0.118
     32        -0.027        -0.174         0.156        -0.015         0.063
     33        -0.098        -0.034         0.001        -0.037         0.315
     34         0.010         0.038         0.040         0.046        -0.010


           ESTIMATED CORRELATION MATRIX FOR PARAMETER ESTIMATES
                 11            12            13            14            15
              ________      ________      ________      ________      ________
     11         1.000
     12        -0.186         1.000
     13        -0.042        -0.274         1.000
     14         0.093         0.184        -0.091         1.000
     15        -0.706         0.146         0.130         0.013         1.000
     16         0.205         0.024        -0.386         0.184        -0.169
     17        -0.110         0.253        -0.070         0.749         0.176
     18        -0.776         0.162         0.117        -0.082         0.791
     19         0.089         0.066        -0.477         0.138        -0.061
     20         0.065        -0.038         0.184        -0.129        -0.015
     21         0.811        -0.472         0.077         0.016        -0.510
     22        -0.029         0.144         0.587         0.063         0.115
     23        -0.138        -0.114         0.043        -0.696         0.043
     24         0.316        -0.096        -0.104        -0.050        -0.629
     25        -0.100        -0.022         0.148        -0.161         0.066
     26         0.051        -0.218         0.077        -0.771        -0.102
     27        -0.454         0.116         0.070        -0.044         0.548
     28         0.795        -0.140        -0.110         0.077        -0.803
     29        -0.045        -0.054         0.129        -0.285         0.017
     30        -0.209         0.077         0.032        -0.036         0.424
     31        -0.156        -0.029         0.450        -0.147         0.122
     32         0.317        -0.141        -0.088         0.121        -0.412
     33         0.084        -0.520         0.164        -0.131        -0.085
     34        -0.185         0.022         0.046        -0.022         0.159


           ESTIMATED CORRELATION MATRIX FOR PARAMETER ESTIMATES
                 16            17            18            19            20
              ________      ________      ________      ________      ________
     16         1.000
     17         0.119         1.000
     18        -0.159         0.244         1.000
     19         0.763         0.186         0.014         1.000
     20        -0.007        -0.193        -0.033        -0.008         1.000
     21         0.131        -0.147        -0.586         0.045         0.135
     22        -0.125         0.087         0.105        -0.132         0.244
     23        -0.100        -0.424         0.178        -0.036         0.042
     24         0.069        -0.103        -0.422         0.033        -0.002
     25        -0.675        -0.131         0.052        -0.338         0.022
     26        -0.120        -0.817        -0.083        -0.141         0.176
     27        -0.073         0.161         0.517         0.012        -0.027
     28         0.175        -0.147        -0.803         0.045         0.012
     29        -0.206        -0.175         0.102        -0.179         0.024
     30         0.120         0.138         0.356         0.169        -0.011
     31        -0.730        -0.090         0.114        -0.835         0.012
     32         0.059        -0.257        -0.613        -0.120         0.044
     33        -0.091        -0.143        -0.079        -0.134        -0.191
     34        -0.140        -0.009         0.177        -0.083         0.003


           ESTIMATED CORRELATION MATRIX FOR PARAMETER ESTIMATES
                 21            22            23            24            25
              ________      ________      ________      ________      ________
     21         1.000
     22         0.018         1.000
     23        -0.071        -0.061         1.000
     24         0.246        -0.095         0.148         1.000
     25        -0.062         0.016         0.288         0.175         1.000
     26         0.087        -0.078         0.435         0.031         0.100
     27        -0.321         0.058         0.138        -0.364         0.028
     28         0.543        -0.089        -0.126         0.324        -0.087
     29        -0.021        -0.004         0.203        -0.047         0.088
     30        -0.122         0.051         0.090        -0.290        -0.088
     31        -0.094         0.178         0.059        -0.116         0.286
     32         0.259        -0.084        -0.234         0.400         0.037
     33         0.200        -0.357         0.111         0.070         0.062
     34        -0.125         0.046        -0.278        -0.228        -0.165


           ESTIMATED CORRELATION MATRIX FOR PARAMETER ESTIMATES
                 26            27            28            29            30
              ________      ________      ________      ________      ________
     26         1.000
     27        -0.159         1.000
     28         0.090        -0.599         1.000
     29         0.422        -0.145         0.013         1.000
     30        -0.075         0.623        -0.468        -0.153         1.000
     31         0.181         0.015        -0.069         0.401        -0.224
     32        -0.002        -0.454         0.349        -0.216        -0.401
     33         0.149        -0.040         0.062         0.094        -0.015
     34        -0.030        -0.023        -0.213        -0.071        -0.047


           ESTIMATED CORRELATION MATRIX FOR PARAMETER ESTIMATES
                 31            32            33            34
              ________      ________      ________      ________
     31         1.000
     32        -0.104         1.000
     33         0.100         0.069         1.000
     34         0.051         0.059        -0.056         1.000


TECHNICAL 4 OUTPUT


     ESTIMATES DERIVED FROM THE MODEL


           ESTIMATED MEANS FOR THE LATENT VARIABLES
              T1            T2            T3            M1            M2
              ________      ________      ________      ________      ________
      1         0.000         0.000         0.000         0.000         0.000


           ESTIMATED MEANS FOR THE LATENT VARIABLES
              M3
              ________
      1         0.000


           ESTIMATED COVARIANCE MATRIX FOR THE LATENT VARIABLES
              T1            T2            T3            M1            M2
              ________      ________      ________      ________      ________
 T1             1.025
 T2            -0.240         0.434
 T3             0.566        -0.331         1.156
 M1             0.000         0.000         0.000         0.004
 M2             0.000         0.000         0.000         0.000         0.142
 M3             0.000         0.000         0.000         0.000         0.000


           ESTIMATED COVARIANCE MATRIX FOR THE LATENT VARIABLES
              M3
              ________
 M3             0.023


           ESTIMATED CORRELATION MATRIX FOR THE LATENT VARIABLES
              T1            T2            T3            M1            M2
              ________      ________      ________      ________      ________
 T1             1.000
 T2            -0.359         1.000
 T3             0.520        -0.467         1.000
 M1             0.000         0.000         0.000         1.000
 M2             0.000         0.000         0.000         0.000         1.000
 M3             0.000         0.000         0.000         0.000         0.000


           ESTIMATED CORRELATION MATRIX FOR THE LATENT VARIABLES
              M3
              ________
 M3             1.000


TECHNICAL 5/6 OUTPUT



TECHNICAL OUTPUT FROM EM ALGORITHM ITERATIONS FOR THE H1 MODEL

   ITER        FUNCTION     ABS CHANGE   REL CHANGE

      1     0.59311668D+01
      2     0.51196224D+01   -0.8115444   -0.1368271
      3     0.48604035D+01   -0.2592189   -0.0506324
      4     0.47032725D+01   -0.1571310   -0.0323288
      5     0.46062991D+01   -0.0969734   -0.0206183
      6     0.45484874D+01   -0.0578116   -0.0125506
      7     0.45156219D+01   -0.0328656   -0.0072256
      8     0.44977766D+01   -0.0178453   -0.0039519
      9     0.44884536D+01   -0.0093230   -0.0020728
     10     0.44837239D+01   -0.0047297   -0.0010537
     11     0.44813730D+01   -0.0023509   -0.0005243
     12     0.44802193D+01   -0.0011537   -0.0002575
     13     0.44796568D+01   -0.0005625   -0.0001255
     14     0.44793831D+01   -0.0002737   -0.0000611
     15     0.44792498D+01   -0.0001333   -0.0000298
     16     0.44791846D+01   -0.0000652   -0.0000146
     17     0.44791525D+01   -0.0000320   -0.0000072
     18     0.44791367D+01   -0.0000158   -0.0000035
     19     0.44791288D+01   -0.0000079   -0.0000018
     20     0.44791249D+01   -0.0000039   -0.0000009
     21     0.44791229D+01   -0.0000020   -0.0000004
     22     0.44791219D+01   -0.0000010   -0.0000002
     23     0.44791214D+01   -0.0000005   -0.0000001
     24     0.44791211D+01   -0.0000003   -0.0000001
     25     0.44791210D+01   -0.0000001    0.0000000
     26     0.44791209D+01   -0.0000001    0.0000000
     27     0.44791208D+01    0.0000000    0.0000000

   TECHNICAL OUTPUT FROM QUASI-NEWTON ITERATIONS


   ITERATIONS USING GRADIENT


   ITER STEP   FUNCTION     ABS CHANGE   REL CHANGE   STEP LENGTH   DERIVATIVE

      1   0 0.91583691D+00                           0.000000D+00 -.800486D+00
          1 0.84259711D+00   -0.0732398   -0.0799704 0.100000D+00 -.669325D+00
          2 0.62709762D+00   -0.2154995   -0.2557563 0.610305D+00 -.184660D+00
          3 0.61643117D+00   -0.0106664   -0.0170092 0.822169D+00 0.113290D+00
          4 0.61282485D+00   -0.0036063   -0.0058503 0.755140D+00 -.136893D-02
      1   0 0.91583691D+00                           0.000000D+00 -.800100D+00
          1 0.84262972D+00   -0.0732072   -0.0799347 0.100000D+00 -.669049D+00
          2 0.62712719D+00   -0.2155025   -0.2557500 0.610527D+00 -.184693D+00
          3 0.61643399D+00   -0.0106932   -0.0170511 0.822910D+00 0.113325D+00
          4 0.61281758D+00   -0.0036164   -0.0058667 0.755712D+00 -.137130D-02
      2   0 0.61281758D+00                           0.000000D+00 -.428671D+00
          1 0.79667550D+00    0.1838579    0.3000206 0.755140D+00 0.560613D+00
          2 0.59517574D+00   -0.2014998   -0.2529258 0.179759D+00 0.113703D+00
          3 0.59143584D+00   -0.0037399   -0.0062837 0.114850D+00 -.700225D-02
      2   0 0.61281758D+00                           0.000000D+00 -.428044D+00
          1 0.79581491D+00    0.1829973    0.2986163 0.755712D+00 0.560201D+00
          2 0.59500546D+00   -0.2008095   -0.2523319 0.180472D+00 0.112621D+00
          3 0.59131294D+00   -0.0036925   -0.0062059 0.115681D+00 -.701921D-02
      3   0 0.59131294D+00                           0.000000D+00 -.316988D+00
          1 0.57825545D+00   -0.0130575   -0.0220822 0.114850D+00 0.204925D+00
          2 0.57548051D+00   -0.0027749   -0.0047988 0.845430D-01 -.811393D-02
      3   0 0.59131294D+00                           0.000000D+00 -.316813D+00
          1 0.57821989D+00   -0.0130930   -0.0221423 0.115681D+00 0.206463D+00
          2 0.57539349D+00   -0.0028264   -0.0048881 0.850248D-01 -.816865D-02
      4   0 0.57539349D+00                           0.000000D+00 -.290867D+00
          1 0.56534869D+00   -0.0100448   -0.0174573 0.845430D-01 0.105434D-01
      4   0 0.57539349D+00                           0.000000D+00 -.290759D+00
          1 0.56525114D+00   -0.0101423   -0.0176268 0.850248D-01 0.961256D-02
      5   0 0.56525114D+00                           0.000000D+00 -.299539D+00
          1 0.55325653D+00   -0.0119946   -0.0212200 0.845430D-01 0.818702D-01
          2 0.55278001D+00   -0.0004765   -0.0008613 0.719619D-01 -.373423D-02
      5   0 0.56525114D+00                           0.000000D+00 -.299469D+00
          1 0.55315955D+00   -0.0120916   -0.0213915 0.850248D-01 0.810783D-01
          2 0.55268900D+00   -0.0004705   -0.0008507 0.724775D-01 -.372762D-02
      6   0 0.55268900D+00                           0.000000D+00 -.250670D+00
          1 0.54412024D+00   -0.0085688   -0.0155038 0.719619D-01 -.150369D-01
      6   0 0.55268900D+00                           0.000000D+00 -.250582D+00
          1 0.54400367D+00   -0.0086853   -0.0157147 0.724775D-01 -.164528D-01
      7   0 0.54400367D+00                           0.000000D+00 -.266624D+00
          1 0.53440570D+00   -0.0095980   -0.0176432 0.719619D-01 0.451455D-01
          2 0.53424607D+00   -0.0001596   -0.0002987 0.644667D-01 -.179264D-02
      7   0 0.54400367D+00                           0.000000D+00 -.266538D+00
          1 0.53429030D+00   -0.0097134   -0.0178554 0.724775D-01 0.435809D-01
          2 0.53413988D+00   -0.0001504   -0.0002815 0.651609D-01 -.175471D-02
      8   0 0.53413988D+00                           0.000000D+00 -.247283D+00
          1 0.52697268D+00   -0.0071672   -0.0134182 0.644667D-01 -.300862D-02
      8   0 0.53413988D+00                           0.000000D+00 -.247173D+00
          1 0.52685245D+00   -0.0072874   -0.0136433 0.651609D-01 -.431607D-02
      9   0 0.52685245D+00                           0.000000D+00 -.254082D+00
          1 0.51823832D+00   -0.0086141   -0.0163502 0.644667D-01 0.232011D-01
      9   0 0.52685245D+00                           0.000000D+00 -.253970D+00
          1 0.51812221D+00   -0.0087302   -0.0165706 0.651609D-01 0.223764D-01
     10   0 0.51812221D+00                           0.000000D+00 -.264724D+00
          1 0.51201142D+00   -0.0061108   -0.0117941 0.644667D-01 0.364527D-01
          2 0.51180723D+00   -0.0002042   -0.0003988 0.530410D-01 -.154411D-02
     10   0 0.51812221D+00                           0.000000D+00 -.264594D+00
          1 0.51190036D+00   -0.0062218   -0.0120085 0.651609D-01 0.350596D-01
          2 0.51170811D+00   -0.0001923   -0.0003756 0.539543D-01 -.152850D-02
     11   0 0.51170811D+00                           0.000000D+00 -.228365D+00
          1 0.50415954D+00   -0.0075486   -0.0147517 0.530410D-01 -.370332D-01
          2 0.50402194D+00   -0.0001376   -0.0002729 0.606741D-01 0.156867D-02
     11   0 0.51170811D+00                           0.000000D+00 -.228219D+00
          1 0.50403188D+00   -0.0076762   -0.0150012 0.539543D-01 -.369474D-01
          2 0.50389285D+00   -0.0001390   -0.0002758 0.616887D-01 0.158649D-02
     12   0 0.50389285D+00                           0.000000D+00 -.263057D+00
          1 0.49804872D+00   -0.0058441   -0.0115980 0.606741D-01 0.337089D-01
          2 0.49788382D+00   -0.0001649   -0.0003311 0.506860D-01 -.137881D-02
     12   0 0.50389285D+00                           0.000000D+00 -.262908D+00
          1 0.49795340D+00   -0.0059394   -0.0117871 0.616887D-01 0.334350D-01
          2 0.49778778D+00   -0.0001656   -0.0003326 0.515671D-01 -.139504D-02
     13   0 0.49778778D+00                           0.000000D+00 -.223442D+00
          1 0.49062526D+00   -0.0071625   -0.0143887 0.506860D-01 -.416949D-01
          2 0.49044837D+00   -0.0001769   -0.0003605 0.593757D-01 0.173958D-02
     13   0 0.49778778D+00                           0.000000D+00 -.223274D+00
          1 0.49049793D+00   -0.0072898   -0.0146445 0.515671D-01 -.418783D-01
          2 0.49031648D+00   -0.0001815   -0.0003699 0.604461D-01 0.177494D-02
     14   0 0.49031648D+00                           0.000000D+00 -.264098D+00
          1 0.48468729D+00   -0.0056292   -0.0114807 0.593757D-01 0.372552D-01
          2 0.48449387D+00   -0.0001934   -0.0003991 0.488181D-01 -.143382D-02
     14   0 0.49031648D+00                           0.000000D+00 -.263936D+00
          1 0.48459105D+00   -0.0057254   -0.0116770 0.604461D-01 0.370335D-01
          2 0.48439569D+00   -0.0001954   -0.0004032 0.497117D-01 -.145391D-02
     15   0 0.48439569D+00                           0.000000D+00 -.220154D+00
          1 0.47748938D+00   -0.0069063   -0.0142576 0.488181D-01 -.467220D-01
          2 0.47726395D+00   -0.0002254   -0.0004721 0.586768D-01 0.195056D-02
     15   0 0.48439569D+00                           0.000000D+00 -.219969D+00
          1 0.47735754D+00   -0.0070381   -0.0145297 0.497117D-01 -.470578D-01
          2 0.47712458D+00   -0.0002330   -0.0004880 0.598317D-01 0.199956D-02
     16   0 0.47712458D+00                           0.000000D+00 -.267387D+00
          1 0.47164234D+00   -0.0054822   -0.0114902 0.586768D-01 0.419598D-01
          2 0.47140627D+00   -0.0002361   -0.0005005 0.472844D-01 -.153270D-02
     16   0 0.47712458D+00                           0.000000D+00 -.267216D+00
          1 0.47155326D+00   -0.0055713   -0.0116769 0.598317D-01 0.420788D-01
          2 0.47131041D+00   -0.0002428   -0.0005150 0.481426D-01 -.156266D-02
     17   0 0.47131041D+00                           0.000000D+00 -.217838D+00
          1 0.46457522D+00   -0.0067352   -0.0142904 0.472844D-01 -.522327D-01
          2 0.46428833D+00   -0.0002869   -0.0006175 0.584823D-01 0.220992D-02
     17   0 0.47131041D+00                           0.000000D+00 -.217638D+00
          1 0.46444590D+00   -0.0068645   -0.0145647 0.481426D-01 -.526838D-01
          2 0.46414834D+00   -0.0002976   -0.0006407 0.596625D-01 0.227075D-02
     18   0 0.46414834D+00                           0.000000D+00 -.272609D+00
          1 0.45877060D+00   -0.0053777   -0.0115862 0.584823D-01 0.479925D-01
          2 0.45847301D+00   -0.0002976   -0.0006487 0.459847D-01 -.167029D-02
     18   0 0.46414834D+00                           0.000000D+00 -.272433D+00
          1 0.45869367D+00   -0.0054547   -0.0117520 0.596625D-01 0.484420D-01
          2 0.45838370D+00   -0.0003100   -0.0006758 0.467674D-01 -.170657D-02
     19   0 0.45838370D+00                           0.000000D+00 -.216154D+00
          1 0.45176053D+00   -0.0066232   -0.0144490 0.459847D-01 -.582559D-01
          2 0.45139561D+00   -0.0003649   -0.0008078 0.587293D-01 0.252506D-02
     19   0 0.45838370D+00                           0.000000D+00 -.215946D+00
          1 0.45163900D+00   -0.0067447   -0.0147141 0.467674D-01 -.588281D-01
          2 0.45125959D+00   -0.0003794   -0.0008401 0.598931D-01 0.259827D-02
     20   0 0.45125959D+00                           0.000000D+00 -.279655D+00
          1 0.44596278D+00   -0.0052968   -0.0117378 0.587293D-01 0.555575D-01
          2 0.44557812D+00   -0.0003847   -0.0008625 0.448484D-01 -.184173D-02
     20   0 0.45125959D+00                           0.000000D+00 -.279481D+00
          1 0.44590134D+00   -0.0053583   -0.0118740 0.598931D-01 0.563152D-01
          2 0.44549780D+00   -0.0004035   -0.0009050 0.455341D-01 -.188042D-02
     21   0 0.44549780D+00                           0.000000D+00 -.214856D+00
          1 0.43894508D+00   -0.0065527   -0.0147088 0.448484D-01 -.648256D-01
          2 0.43848056D+00   -0.0004645   -0.0010582 0.593971D-01 0.290672D-02
     21   0 0.44549780D+00                           0.000000D+00 -.214645D+00
          1 0.43883473D+00   -0.0066631   -0.0149564 0.455341D-01 -.654976D-01
          2 0.43835154D+00   -0.0004832   -0.0011011 0.605161D-01 0.299166D-02

   ITERATIONS USING QUASI-NEWTON


   ITER STEP   FUNCTION     ABS CHANGE   REL CHANGE   STEP LENGTH   DERIVATIVE

      1   0 0.43835154D+00                           0.000000D+00 -.288542D+00
          1 0.43847212D+00    0.0001206    0.0002751 0.100000D+00 0.187780D+00
          2 0.43262090D+00   -0.0058512   -0.0133446 0.445264D-01 0.124944D-02
      2   0 0.43262090D+00                           0.000000D+00 -.172116D+00
          1 0.42493138D+00   -0.0076895   -0.0177743 0.445264D-01 -.173241D+00
          2 0.41719643D+00   -0.0077349   -0.0182028 0.890529D-01 -.174155D+00
          3 0.40162895D+00   -0.0155675   -0.0373145 0.178106D+00 -.175316D+00
          4 0.37039693D+00   -0.0312320   -0.0777634 0.356211D+00 -.174722D+00
          5 0.31015260D+00   -0.0602443   -0.1626480 0.712423D+00 -.160513D+00
          6 0.20518118D+00   -0.1049714   -0.3384509 0.182340D+01 0.173155D-02
      3   0 0.20518118D+00                           0.000000D+00 -.174637D+00
          1 0.36799802D+00    0.1628168    0.7935272 0.182340D+01 0.288846D+00
          2 0.17872698D+00   -0.1892710   -0.5143262 0.530330D+00 0.281258D-01
          3 0.17695954D+00   -0.0017674   -0.0098891 0.383254D+00 -.530150D-02
      4   0 0.17695954D+00                           0.000000D+00 -.162232D+00
          1 0.15000264D+00   -0.0269569   -0.1523337 0.383254D+00 0.651480D-01
          2 0.14781970D+00   -0.0021829   -0.0145527 0.308168D+00 -.378257D-02
      5   0 0.14781970D+00                           0.000000D+00 -.154808D+00
          1 0.11519380D+00   -0.0326259   -0.2207142 0.308168D+00 -.504315D-01
          2 0.11261329D+00   -0.0025805   -0.0224014 0.426473D+00 0.104250D-01
      6   0 0.11261329D+00                           0.000000D+00 -.183860D+00
          1 0.12324481D+00    0.0106315    0.0944073 0.426473D+00 0.244625D+00
          2 0.96124822D-01   -0.0271200   -0.2200497 0.191051D+00 0.253447D-02
      7   0 0.96124822D-01                           0.000000D+00 -.173280D+00
          1 0.80623196D-01   -0.0155016   -0.1612656 0.191051D+00 -.410988D-02
      8   0 0.80623196D-01                           0.000000D+00 -.866419D-01
          1 0.66355554D-01   -0.0142676   -0.1769670 0.191051D+00 -.616583D-01
          2 0.55911643D-01   -0.0104439   -0.1573932 0.538153D+00 0.863129D-02
      9   0 0.55911643D-01                           0.000000D+00 -.139637D+00
          1 0.95846452D-01    0.0399348    0.7142485 0.538153D+00 0.232570D+00
          2 0.46429121D-01   -0.0494173   -0.5155885 0.152938D+00 0.609075D-02
     10   0 0.46429121D-01                           0.000000D+00 -.670298D-01
          1 0.39129843D-01   -0.0072993   -0.1572133 0.152938D+00 -.285390D-01
          2 0.37503901D-01   -0.0016259   -0.0415525 0.268144D+00 0.354004D-03
     10   0 0.46429121D-01                           0.000000D+00 -.458237D-02
          1 0.42542331D-01   -0.0038868   -0.0837145 0.100000D+01 -.277771D-02
          2 0.41535007D-01   -0.0010073   -0.0236782 0.170798D+01 0.209372D-03
     11   0 0.37503901D-01                           0.000000D+00 -.601929D-01
          1 0.33818768D-01   -0.0036851   -0.0982600 0.268144D+00 0.387417D-01
          2 0.32045257D-01   -0.0017735   -0.0524416 0.174305D+00 -.881837D-04
     12   0 0.32045257D-01                           0.000000D+00 -.636584D-01
          1 0.27870534D-01   -0.0041747   -0.1302758 0.174305D+00 0.145044D-01
          2 0.27628021D-01   -0.0002425   -0.0087014 0.140654D+00 -.105292D-03
     13   0 0.27628021D-01                           0.000000D+00 -.535503D-01
          1 0.21918057D-01   -0.0057100   -0.2066729 0.140654D+00 -.276039D-01
          2 0.19911846D-01   -0.0020062   -0.0915323 0.288977D+00 0.905064D-03
     14   0 0.19911846D-01                           0.000000D+00 -.494672D-01
          1 0.19822055D-01   -0.0000898   -0.0045094 0.288977D+00 0.559653D-01
          2 0.16083035D-01   -0.0037390   -0.1886293 0.150196D+00 -.150735D-04
     15   0 0.16083035D-01                           0.000000D+00 -.296292D-01
          1 0.18120936D-01    0.0020379    0.1267113 0.150196D+00 0.586766D-01
          2 0.15302650D-01   -0.0028183   -0.1555265 0.526140D-01 0.931340D-04
     16   0 0.15302650D-01                           0.000000D+00 -.123304D-01
          1 0.14987814D-01   -0.0003148   -0.0205740 0.526140D-01 0.453807D-03
     17   0 0.14987814D-01                           0.000000D+00 -.128373D-01
          1 0.14753305D-01   -0.0002345   -0.0156466 0.526140D-01 0.376545D-02
          2 0.14730306D-01   -0.0000230   -0.0015589 0.404146D-01 -.240273D-05
     18   0 0.14730306D-01                           0.000000D+00 -.647759D-02
          1 0.14550616D-01   -0.0001797   -0.0121986 0.404146D-01 -.241481D-02
          2 0.14521611D-01   -0.0000290   -0.0019934 0.644359D-01 -.125726D-06
     19   0 0.14521611D-01                           0.000000D+00 -.665987D-02
          1 0.14432899D-01   -0.0000887   -0.0061090 0.644359D-01 0.388302D-02
          2 0.14386597D-01   -0.0000463   -0.0032081 0.406039D-01 -.207821D-06
     20   0 0.14386597D-01                           0.000000D+00 -.524185D-02
          1 0.14320735D-01   -0.0000659   -0.0045780 0.406039D-01 0.198553D-02
          2 0.14309616D-01   -0.0000111   -0.0007765 0.294079D-01 -.393112D-07
     20   0 0.14386597D-01                           0.000000D+00 -.444125D-02
          1 0.21840108D-01    0.0074535    0.5180871 0.100000D+01 0.253824D-01
          2 0.13873480D-01   -0.0079666   -0.3647705 0.267989D+00 0.710010D-03
          3 0.13861172D-01   -0.0000123   -0.0008872 0.232799D+00 -.743334D-05
     21   0 0.13861172D-01                           0.000000D+00 -.328352D-02
          1 0.13836933D-01   -0.0000242   -0.0017486 0.294079D-01 0.163748D-02
          2 0.13828932D-01   -0.0000080   -0.0005783 0.196224D-01 -.171984D-05
     22   0 0.13828932D-01                           0.000000D+00 -.476938D-03
          1 0.13823105D-01   -0.0000058   -0.0004214 0.196224D-01 -.116339D-03
          2 0.13822739D-01   -0.0000004   -0.0000264 0.259531D-01 0.925907D-06
     23   0 0.13822739D-01                           0.000000D+00 -.195845D-03
          1 0.13845367D-01    0.0000226    0.0016370 0.259531D-01 0.193697D-02
          2 0.13822507D-01   -0.0000229   -0.0016511 0.238313D-02 0.657643D-06


PLOT INFORMATION

The following plots are available:

  Histograms (sample values, estimated factor scores, estimated values)
  Scatterplots (sample values, estimated factor scores, estimated values)

     Beginning Time:  18:47:30
        Ending Time:  18:47:36
       Elapsed Time:  00:00:06



MUTHEN & MUTHEN
3463 Stoner Ave.
Los Angeles, CA  90066

Tel: (310) 391-9971
Fax: (310) 391-8971
Web: www.StatModel.com
Support: Support@StatModel.com

Copyright (c) 1998-2006 Muthen & Muthen
