Mplus VERSION 4.2
MUTHEN & MUTHEN
08/23/2007   5:37 PM

INPUT INSTRUCTIONS

  TITLE: MTMM analysis women-estimate covar
  DATA:
   FILE IS z:\home\daob\work\svn\ess-research\data\women.dat;

  VARIABLE:
   NAMES ARE
          ID        cntrynum                dweight
          WMCPWRK MNRSPHM MNRGTJB
          TESTA8 TESTA9 TESTA10
          TESTA22 TESTA23 TESTA24
          SPLTADMA;

   USEVARIABLES ARE
          WMCPWRK MNRSPHM MNRGTJB
          TESTA8 TESTA9 TESTA10
          TESTA22 TESTA23 TESTA24;

   USEOBSERVATIONS ARE
   (dweight NE -9999 AND
           cntrynum EQ 3 OR cntrynum EQ 5 );

   CATEGORICAL ARE
          WMCPWRK MNRSPHM MNRGTJB
          TESTA8 TESTA9 TESTA10
          TESTA22 TESTA23 TESTA24;

   WEIGHT IS dweight;
   CLASSES = country (2);
   KNOWNCLASS = country
   (cntrynum=3 cntrynum=5 );
  !GROUPING IS cntrynum (3=CH 4=CZ 5=DE 7=EE 12=GR 22=SI);
   IDVARIABLE = ID;
   MISSING ARE ALL(-9999);

  ANALYSIS:
   TYPE = MISSING MIXTURE MEANSTRUCTURE;
   ESTIMATOR IS MLR;
   COVERAGE = 0.000;
   LINK=PROBIT;
   ALGORITHM=INTEGRATION;
   INTEGRATION=MONTECARLO (500);
   LOGCRITERION=0.001
   RLOGCRITERION=0.001
   PROCESSORS=2;

  MODEL:

  %OVERALL%

  LWMCPWRK BY WMCPWRK@1;
  LMNRSPHM BY MNRSPHM@1;
  LMNRGTJB BY MNRGTJB@1;

  LTESTA8 BY TESTA8@1;
  LTESTA9 BY TESTA9@1;
  LTESTA10 BY TESTA10@1;

  LTESTA22 BY TESTA22@1;
  LTESTA23 BY TESTA23@1;
  LTESTA24 BY TESTA24@1;

  LWMCPWRK LMNRSPHM LMNRGTJB
  LTESTA8 LTESTA9 LTESTA10
  LTESTA22 LTESTA23 LTESTA24;

  LWMCPWRK WITH LMNRSPHM LMNRGTJB
          LTESTA8 LTESTA9 LTESTA10
          LTESTA22 LTESTA23 LTESTA24;

  LMNRSPHM WITH LMNRGTJB
          LTESTA8 LTESTA9 LTESTA10
          LTESTA22 LTESTA23 LTESTA24;

  LMNRGTJB WITH
          LTESTA8 LTESTA9 LTESTA10
          LTESTA22 LTESTA23 LTESTA24;

  LTESTA8 WITH LTESTA9 LTESTA10 ;
  LTESTA9 WITH LTESTA10;

  LTESTA22 WITH LTESTA23 LTESTA24;
  LTESTA23 WITH LTESTA24;

  ! The following covariances are not identified due to the
  ! planned missing data (split-ballot experiment):
  LTESTA8  WITH LTESTA22-LTESTA24@0;
  LTESTA9  WITH LTESTA22-LTESTA24@0;
  LTESTA10  WITH LTESTA22-LTESTA24@0;


  [TESTA24$1*-2 ] (1);
  [TESTA24$2 TESTA24$3];
  [ TESTA24$4*2 ] (10);
  [TESTA23$1*-2 ] (2);
  [ TESTA23$2 TESTA23$3];
  [ TESTA23$4*2 ]  (11);
  [TESTA22$1*-2 ] (3);
  [ TESTA22$2 TESTA22$3];
  [ TESTA22$4*2 ]  (12);
  [TESTA10$1*-2 ] (4);
  [ TESTA10$2 TESTA10$3];
  [ TESTA10$4*2 ]  (13);
  [TESTA9$1*-2 ] (5);
  [ TESTA9$2 TESTA9$3];
  [ TESTA9$4*2 ]  (14);
  [TESTA8$1*-2 ] (6);
  [ TESTA8$2 TESTA8$3];
  [ TESTA8$4*2 ]  (15);
  [MNRGTJB$1*-2 ] (7);
  [ MNRGTJB$2 MNRGTJB$3];
  [ MNRGTJB$4*2 ]  (16);
  [MNRSPHM$1*-2 ] (8);
  [ MNRSPHM$2 MNRSPHM$3];
  [ MNRSPHM$4*2 ]  (17);
  [WMCPWRK$1*-2 ] (9);
  [ WMCPWRK$2 WMCPWRK$3];
  [ WMCPWRK$4*2 ]  (18);


  ! Fix means of traits to 0 in all groups
  [LWMCPWRK@0 LMNRSPHM@0 LMNRGTJB@0 LTESTA8@0
   LTESTA9@0 LTESTA10@0 LTESTA22@0 LTESTA23@0 LTESTA24@0 ];

  %country#1%

  ! In first country standardize latent traits.
  ! In combination w/ the 1 equal threshold restriction
  !  and means = intercepts = 0 this identifies the differences in
  !  variance across the groups and the thresholds expressed
  !  in z-scores in the first group and as deviations from
  !  the mean in the others.

  LWMCPWRK@1 LMNRSPHM@1 LMNRGTJB@1
  LTESTA8@1 LTESTA9@1 LTESTA10@1
  LTESTA22@1 LTESTA23@1 LTESTA24@1;

  LWMCPWRK WITH LMNRSPHM LMNRGTJB
          LTESTA8 LTESTA9 LTESTA10
          LTESTA22 LTESTA23 LTESTA24;

  LMNRSPHM WITH LMNRGTJB
          LTESTA8 LTESTA9 LTESTA10
          LTESTA22 LTESTA23 LTESTA24;

  LMNRGTJB WITH
          LTESTA8 LTESTA9 LTESTA10
          LTESTA22 LTESTA23 LTESTA24;

  LTESTA8 WITH LTESTA9 LTESTA10 ;
  LTESTA9 WITH LTESTA10;

  LTESTA22 WITH LTESTA23 LTESTA24;
  LTESTA23 WITH LTESTA24;

  [TESTA24$2 TESTA24$3];
  [TESTA23$2 TESTA23$3] ;
  [TESTA22$2 TESTA22$3] ;
  [TESTA10$2 TESTA10$3] ;
  [TESTA9$2 TESTA9$3] ;
  [TESTA8$2 TESTA8$3] ;
  [MNRGTJB$2 MNRGTJB$3] ;
  [MNRSPHM$2 MNRSPHM$3] ;
  [WMCPWRK$2 WMCPWRK$3] ;


  %country#2%


  LWMCPWRK LMNRSPHM LMNRGTJB
  LTESTA8 LTESTA9 LTESTA10
  LTESTA22 LTESTA23 LTESTA24;

  LWMCPWRK WITH LMNRSPHM LMNRGTJB
          LTESTA8 LTESTA9 LTESTA10
          LTESTA22 LTESTA23 LTESTA24;

  LMNRSPHM WITH LMNRGTJB
          LTESTA8 LTESTA9 LTESTA10
          LTESTA22 LTESTA23 LTESTA24;

  LMNRGTJB WITH
          LTESTA8 LTESTA9 LTESTA10
          LTESTA22 LTESTA23 LTESTA24;

  LTESTA8 WITH LTESTA9 LTESTA10 ;
  LTESTA9 WITH LTESTA10;

  LTESTA22 WITH LTESTA23 LTESTA24;
  LTESTA23 WITH LTESTA24;

  [TESTA24$2 TESTA24$3];
  [TESTA23$2 TESTA23$3] ;
  [TESTA22$2 TESTA22$3] ;
  [TESTA10$2 TESTA10$3] ;
  [TESTA9$2 TESTA9$3] ;
  [TESTA8$2 TESTA8$3] ;
  [MNRGTJB$2 MNRGTJB$3] ;
  [MNRSPHM$2 MNRSPHM$3] ;
  [WMCPWRK$2 WMCPWRK$3] ;

    OUTPUT:
     SAMPSTAT MODINDICES(4) RESIDUAL STANDARDIZED CINTERVAL
     PATTERNS TECH1 TECH2 TECH3 TECH4 TECH5
          TECH6 TECH7 TECH8 TECH9 TECH10 ;
  SAVEDATA:
          FILE IS save-women.dat;
          RESULTS ARE results-women.dat;
          ESTIMATES ARE estimates-women.dat;
          TECH4 IS covariances-women.dat;
          FORMAT IS free;

  PLOT:
     TYPE=PLOT3 PLOT2 PLOT1;



*** WARNING in Output command
  MODINDICES option is not available for ALGORITHM=INTEGRATION.
  Request for MODINDICES is ignored.
*** WARNING in Output command
  TECH6 option is not available with analysis types TWOLEVEL,
  MIXTURE, RANDOM, or INTEGRATION.  Request for TECH6 is ignored.
*** WARNING in Output command
  TECH9 option is only available with MONTECARLO.
  Request for TECH9 is ignored.
*** WARNING
  Data set contains cases with missing on all variables.
  These cases were not included in the analysis.
  Number of cases with missing on all variables:  12
   4 WARNING(S) FOUND IN THE INPUT INSTRUCTIONS



MTMM analysis women-estimate covar

