1
  EQS, A STRUCTURAL EQUATION PROGRAM          MULTIVARIATE SOFTWARE, INC.
  COPYRIGHT BY P.M. BENTLER                   VERSION 6.1 (C) 1985 - 2006 (B91).


    PROGRAM CONTROL INFORMATION

     1  /TITLE                                                                          
     2     CH: women MTMM                                                               
     3  /SPECIFICATIONS                                                                 
     4     VARIABLES=6; CASES=539;                                                      
     5     DATA_FILE = 'C:\ESS\berlin\data\women_CH.cov';                               
     6     METHODS=ML; MATRIX=COV; GROUPS=4;                                            
     7                                                                                  
     8  /EQUATIONS                                                                      
     9     V1 = F1 + F4 + E1;                                                           
    10     V2 = F2 + F4 + E2;                                                           
    11     V3 = F3 + F4 + E3;                                                           
    12                                                                                  
    13     V4 = *F1 + F5 + E4;                                                          
    14     V5 = *F2 + F5 + E5;                                                          
    15     V6 = *F3 + F5 + E6;                                                          
    16  /VARIANCES                                                                      
    17     E1 TO E6 = *;                                                                
    18     F1 TO F5 = *;                                                                
    19  /COVARIANCES                                                                    
    20     F1 TO F3 = *;                                                                
    21  /END                                                                            


       21 CUMULATED RECORDS OF INPUT MODEL FILE WERE READ (GROUP   1)

 03-Sep-07      PAGE :  2  EQS     Licensee:                               
  TITLE:                                                               

  MULTIPLE POPULATION ANALYSIS, INFORMATION IN GROUP  2



    PROGRAM CONTROL INFORMATION

    22                                                                                  
    23  /TITLE                                                                          
    24     CZ: women MTMM                                                               
    25  /SPECIFICATIONS                                                                 
    26     VARIABLES=6; CASES=1033;                                                     
    27     DATA_FILE = 'C:\ESS\berlin\data\women_CZ.cov';                               
    28     METHODS=ML; MATRIX=COV;                                                      
    29  /EQUATIONS                                                                      
    30     V1 = F1 + *F4 + E1;                                                          
    31     V2 = F2 + F4 + E2;                                                           
    32     V3 = F3 + F4 + E3;                                                           
    33                                                                                  
    34     V4 = *F1 + F5 + E4;                                                          
    35     V5 = *F2 + *F5 + E5;                                                         
    36     V6 = *F3 + F5 + E6;                                                          
    37  /VARIANCES                                                                      
    38     E1 TO E6 = *;                                                                
    39     F1=0.636*; F2=0.279*; F3=1.083*;                                             
    40     F4 TO F5 = *;                                                                
    41  /COVARIANCES                                                                    
    42     F1 TO F3 = *;                                                                
    43  /END                                                                            


       43 CUMULATED RECORDS OF INPUT MODEL FILE WERE READ (GROUP   2)

 03-Sep-07      PAGE :  3  EQS     Licensee:                               
  TITLE:                                                               

  MULTIPLE POPULATION ANALYSIS, INFORMATION IN GROUP  3



    PROGRAM CONTROL INFORMATION

    44                                                                                  
    45  /TITLE                                                                          
    46     GR: women MTMM                                                               
    47  /SPECIFICATIONS                                                                 
    48     VARIABLES=6; CASES=790;                                                      
    49     DATA_FILE = 'C:\ESS\berlin\data\women_GR.cov';                               
    50     METHODS=ML; MATRIX=COV;                                                      
    51                                                                                  
    52  /EQUATIONS                                                                      
    53     V1 = F1 + F4 + E1;                                                           
    54     V2 = F2 + *F4 + E2;                                                          
    55     V3 = F3 + *F4 + E3;                                                          
    56                                                                                  
    57     V4 = .5*F1 + F5 + E4;                                                        
    58     V5 = .5*F2 + F5 + E5;                                                        
    59     V6 = .5*F3 + F5 + E6;                                                        
    60  /VARIANCES                                                                      
    61     E1 TO E6 = *;                                                                
    62     F1 TO F5 = *;                                                                
    63  /COVARIANCES                                                                    
    64     F1 TO F3 = *;                                                                
    65     E6,E4=*;                                                                     
    66  /END                                                                            


       66 CUMULATED RECORDS OF INPUT MODEL FILE WERE READ (GROUP   3)

 03-Sep-07      PAGE :  4  EQS     Licensee:                               
  TITLE:                                                               

  MULTIPLE POPULATION ANALYSIS, INFORMATION IN GROUP  4



    PROGRAM CONTROL INFORMATION

    67                                                                                  
    68                                                                                  
    69  /TITLE                                                                          
    70     SI: women MTMM                                                               
    71  /SPECIFICATIONS                                                                 
    72     VARIABLES=6; CASES=443;                                                      
    73     DATA_FILE = 'C:\ESS\berlin\data\women_SI.cov';                               
    74     METHODS=ML; MATRIX=COV;                                                      
    75  /EQUATIONS                                                                      
    76     V1 = F1 + F4 + E1;                                                           
    77     V2 = F2 + F4 + E2;                                                           
    78     V3 = F3 + F4 + E3;                                                           
    79                                                                                  
    80     V4 =  -.418*F1 + *F5 + E4;                                                   
    81     V5 = -1.427*F2 + F5 + E5;                                                    
    82     V6 = -.461*F3 + F5 + E6;                                                     
    83  /VARIANCES                                                                      
    84     E1 TO E6 = *;                                                                
    85     F1 TO F5 = *;                                                                
    86                                                                                  
    87  /COVARIANCES                                                                    
    88     F1 TO F3 = *;                                                                
    89                                                                                  
    90  /TECHNICAL                                                                      
    91     ITR=150;   	                                                                 
    92                                                                                  
    93  /LMTEST                                                                         
    94     SET =PEE, PFF, PFV;                                                          
    95                                                                                  
    96  /END                                                                            


       96 CUMULATED RECORDS OF INPUT MODEL FILE WERE READ (GROUP   4)

 03-Sep-07      PAGE :  5  EQS     Licensee:                               
  TITLE:      CH: women MTMM                                           

  MULTIPLE POPULATION ANALYSIS, INFORMATION IN GROUP  1

  COVARIANCE  MATRIX TO BE ANALYZED:   6 VARIABLES (SELECTED FROM   6 VARIABLES)
  BASED ON   539 CASES.


                      V1         V2         V3         V4         V5   
        V1           1.000
        V2           -.123      1.000
        V3            .424      -.272      1.000
        V4           -.417       .156      -.205      1.000
        V5            .410      -.476       .535      -.175      1.000
        V6           -.262       .361      -.601       .323      -.420


                      V6   
        V6           1.000



  BENTLER-WEEKS STRUCTURAL REPRESENTATION:

        NUMBER OF DEPENDENT VARIABLES =  6
            DEPENDENT V'S :     1    2    3    4    5    6

        NUMBER OF INDEPENDENT VARIABLES = 11
            INDEPENDENT F'S :     1    2    3    4    5
            INDEPENDENT E'S :     1    2    3    4    5    6

        NUMBER OF FREE PARAMETERS =  17
        NUMBER OF FIXED NONZERO PARAMETERS =  15

 03-Sep-07      PAGE :  6  EQS     Licensee:                               
  TITLE:      CZ: women MTMM                                           

  MULTIPLE POPULATION ANALYSIS, INFORMATION IN GROUP  2

  COVARIANCE  MATRIX TO BE ANALYZED:   6 VARIABLES (SELECTED FROM   6 VARIABLES)
  BASED ON  1033 CASES.


                      V1         V2         V3         V4         V5   
        V1            .946
        V2            .002       .856
        V3            .544      -.184      1.591
        V4           -.234       .252      -.232      2.045
        V5            .290      -.319       .520      -.132      1.000
        V6           -.110       .323      -.582       .807      -.169


                      V6   
        V6           1.638



  BENTLER-WEEKS STRUCTURAL REPRESENTATION:

        NUMBER OF DEPENDENT VARIABLES =  6
            DEPENDENT V'S :     1    2    3    4    5    6

        NUMBER OF INDEPENDENT VARIABLES = 11
            INDEPENDENT F'S :     1    2    3    4    5
            INDEPENDENT E'S :     1    2    3    4    5    6

        NUMBER OF FREE PARAMETERS =  19
        NUMBER OF FIXED NONZERO PARAMETERS =  13

 03-Sep-07      PAGE :  7  EQS     Licensee:                               
  TITLE:      GR: women MTMM                                           

  MULTIPLE POPULATION ANALYSIS, INFORMATION IN GROUP  3

  COVARIANCE  MATRIX TO BE ANALYZED:   6 VARIABLES (SELECTED FROM   6 VARIABLES)
  BASED ON   790 CASES.


                      V1         V2         V3         V4         V5   
        V1           1.113
        V2           -.241       .664
        V3            .604      -.360      1.686
        V4           -.790       .201      -.379      1.317
        V5            .198      -.419       .585      -.067      1.015
        V6           -.231       .251      -.634       .349      -.231


                      V6   
        V6            .822



  BENTLER-WEEKS STRUCTURAL REPRESENTATION:

        NUMBER OF DEPENDENT VARIABLES =  6
            DEPENDENT V'S :     1    2    3    4    5    6

        NUMBER OF INDEPENDENT VARIABLES = 11
            INDEPENDENT F'S :     1    2    3    4    5
            INDEPENDENT E'S :     1    2    3    4    5    6

        NUMBER OF FREE PARAMETERS =  20
        NUMBER OF FIXED NONZERO PARAMETERS =  13

 03-Sep-07      PAGE :  8  EQS     Licensee:                               
  TITLE:      SI: women MTMM                                           

  MULTIPLE POPULATION ANALYSIS, INFORMATION IN GROUP  4

  COVARIANCE  MATRIX TO BE ANALYZED:   6 VARIABLES (SELECTED FROM   6 VARIABLES)
  BASED ON   443 CASES.


                      V1         V2         V3         V4         V5   
        V1            .786
        V2           -.049       .803
        V3            .477      -.305      1.890
        V4           -.234       .040      -.251       .924
        V5            .383      -.322       .656      -.151      1.484
        V6           -.113       .276      -.639       .078      -.209


                      V6   
        V6           1.129



  BENTLER-WEEKS STRUCTURAL REPRESENTATION:

        NUMBER OF DEPENDENT VARIABLES =  6
            DEPENDENT V'S :     1    2    3    4    5    6

        NUMBER OF INDEPENDENT VARIABLES = 11
            INDEPENDENT F'S :     1    2    3    4    5
            INDEPENDENT E'S :     1    2    3    4    5    6

        NUMBER OF FREE PARAMETERS =  18
        NUMBER OF FIXED NONZERO PARAMETERS =  14

 *** WARNING MESSAGES ABOVE, IF ANY, REFER TO THE MODEL PROVIDED.
     CALCULATIONS FOR INDEPENDENCE MODEL NOW BEGIN.

 *** WARNING MESSAGES ABOVE, IF ANY, REFER TO INDEPENDENCE MODEL.
     CALCULATIONS FOR USER'S MODEL NOW BEGIN.


  3RD STAGE OF COMPUTATION REQUIRED     13745 WORDS OF MEMORY.
  PROGRAM ALLOCATED   2000000 WORDS

  DETERMINANT OF INPUT MATRIX IN GROUP  1 IS    .19067D+00

  DETERMINANT OF INPUT MATRIX IN GROUP  2 IS    .15279D+01

  DETERMINANT OF INPUT MATRIX IN GROUP  3 IS    .21576D+00

  DETERMINANT OF INPUT MATRIX IN GROUP  4 IS    .77845D+00

 IN ITERATION #  2, MATRIX W_CFUNCT MAY BE SINGULAR.  TOLERANCE =    .100000D-05

 IN ITERATION #  3, MATRIX W_CFUNCT MAY NOT BE POSITIVE DEFINITE.

 IN ITERATION #  3, MATRIX W_CFUNCT MAY NOT BE POSITIVE DEFINITE.

 IN ITERATION #  3, MATRIX W_CFUNCT MAY NOT BE POSITIVE DEFINITE.

 03-Sep-07      PAGE :  9  EQS     Licensee:                               
  TITLE:      CH: women MTMM                                           

  MULTIPLE POPULATION ANALYSIS, INFORMATION IN GROUP  1

  MAXIMUM LIKELIHOOD SOLUTION (NORMAL DISTRIBUTION THEORY)

  RELIABILITY COEFFICIENTS
  ------------------------
  CRONBACH'S ALPHA                    =     -.394
  RELIABILITY COEFFICIENT RHO         =      .521

  STANDARDIZED FACTOR LOADINGS FOR THE FACTOR THAT GENERATES
  MAXIMAL RELIABILITY FOR THE UNIT-WEIGHT COMPOSITE
  BASED ON THE MODEL (RHO):
     V1        V2        V3        V4        V5        V6   
      .453      .094      .422      .078      .444      .048


  PARAMETER ESTIMATES APPEAR IN ORDER,
  NO SPECIAL PROBLEMS WERE ENCOUNTERED DURING OPTIMIZATION.



  RESIDUAL COVARIANCE MATRIX  (S-SIGMA) :       


                      V1         V2         V3         V4         V5   
        V1            .015
        V2            .023      -.008
        V3            .010      -.027      -.006
        V4            .002      -.036      -.004       .001
        V5            .010      -.007      -.009      -.007      -.003
        V6            .018      -.004       .000       .014       .000


                      V6   
        V6            .004

                                  AVERAGE ABSOLUTE RESIDUAL =          .0100
                     AVERAGE OFF-DIAGONAL ABSOLUTE RESIDUAL =          .0115



  STANDARDIZED RESIDUAL MATRIX:                 


                      V1         V2         V3         V4         V5   
        V1            .015
        V2            .023      -.008
        V3            .010      -.027      -.006
        V4            .002      -.036      -.004       .001
        V5            .010      -.007      -.009      -.007      -.003
        V6            .018      -.004       .000       .014       .000


                      V6   
        V6            .004

                     AVERAGE ABSOLUTE STANDARDIZED RESIDUAL =          .0100
        AVERAGE OFF-DIAGONAL ABSOLUTE STANDARDIZED RESIDUAL =          .0115

 03-Sep-07      PAGE : 10  EQS     Licensee:                               
  TITLE:      CH: women MTMM                                           

  MULTIPLE POPULATION ANALYSIS, INFORMATION IN GROUP  1

  MAXIMUM LIKELIHOOD SOLUTION (NORMAL DISTRIBUTION THEORY)


  LARGEST STANDARDIZED RESIDUALS:

      NO.    PARAMETER   ESTIMATE      NO.    PARAMETER   ESTIMATE
      ---    ---------   --------      ---    ---------   --------
       1     V4,  V2        -.036      11     V5,  V2        -.007
       2     V3,  V2        -.027      12     V5,  V4        -.007
       3     V2,  V1         .023      13     V3,  V3        -.006
       4     V6,  V1         .018      14     V6,  V6         .004
       5     V1,  V1         .015      15     V4,  V3        -.004
       6     V6,  V4         .014      16     V6,  V2        -.004
       7     V3,  V1         .010      17     V5,  V5        -.003
       8     V5,  V1         .010      18     V4,  V1         .002
       9     V5,  V3        -.009      19     V4,  V4         .001
      10     V2,  V2        -.008      20     V6,  V3         .000



  DISTRIBUTION OF STANDARDIZED RESIDUALS



     ----------------------------------------                     
     !                                      !                     
   20-                                      -                     
     !                                      !                     
     !                                      !                     
     !                                      !                     
     !                                      !            RANGE      FREQ PERCENT
   15-                                      -                     
     !                                      !    1   -0.5  -  --       0    .00%
     !                                      !    2   -0.4  -  -0.5     0    .00%
     !                                      !    3   -0.3  -  -0.4     0    .00%
     !                 *                    !    4   -0.2  -  -0.3     0    .00%
   10-                 *  *                 -    5   -0.1  -  -0.2     0    .00%
     !                 *  *                 !    6    0.0  -  -0.1    11  52.38%
     !                 *  *                 !    7    0.1  -   0.0    10  47.62%
     !                 *  *                 !    8    0.2  -   0.1     0    .00%
     !                 *  *                 !    9    0.3  -   0.2     0    .00%
    5-                 *  *                 -    A    0.4  -   0.3     0    .00%
     !                 *  *                 !    B    0.5  -   0.4     0    .00%
     !                 *  *                 !    C     ++  -   0.5     0    .00%
     !                 *  *                 !    -------------------------------
     !                 *  *                 !            TOTAL        21 100.00%
     ----------------------------------------                     
        1  2  3  4  5  6  7  8  9  A  B  C    EACH "*" REPRESENTS    1 RESIDUALS

 03-Sep-07      PAGE : 11  EQS     Licensee:                               
  TITLE:      CH: women MTMM                                           

  MULTIPLE POPULATION ANALYSIS, INFORMATION IN GROUP  1

  MAXIMUM LIKELIHOOD SOLUTION (NORMAL DISTRIBUTION THEORY)


  MEASUREMENT EQUATIONS WITH STANDARD ERRORS AND TEST STATISTICS
  STATISTICS SIGNIFICANT AT THE 5% LEVEL ARE MARKED WITH @.



    V1   =V1  =    1.000 F1    +  1.000 F4    +  1.000 E1  
                                                       
                                                       

    V2   =V2  =    1.000 F2    +  1.000 F4    +  1.000 E2  
                                                       
                                                       

    V3   =V3  =    1.000 F3    +  1.000 F4    +  1.000 E3  
                                                       
                                                       

    V4   =V4  =    -.702*F1    +  1.000 F5    +  1.000 E4  
                    .098                               
                  -7.173@                              

    V5   =V5  =   -1.460*F2    +  1.000 F5    +  1.000 E5  
                    .140                               
                 -10.459@                              

    V6   =V6  =    -.979*F3    +  1.000 F5    +  1.000 E6  
                    .070                               
                 -13.951@                              


 03-Sep-07      PAGE : 12  EQS     Licensee:                               
  TITLE:      CH: women MTMM                                           

  MULTIPLE POPULATION ANALYSIS, INFORMATION IN GROUP  1

  MAXIMUM LIKELIHOOD SOLUTION (NORMAL DISTRIBUTION THEORY)

  VARIANCES OF INDEPENDENT VARIABLES
  ----------------------------------
  STATISTICS SIGNIFICANT AT THE 5% LEVEL ARE MARKED WITH @.

                  V                                F
                 ---                              ---
                                I F1  -   F1                .597*I              
                                I                           .095 I              
                                I                          6.300@I              
                                I                                I              
                                I F2  -   F2                .321*I              
                                I                           .051 I              
                                I                          6.347@I              
                                I                                I              
                                I F3  -   F3                .614*I              
                                I                           .067 I              
                                I                          9.204@I              
                                I                                I              
                                I F4  -   F4                .127*I              
                                I                           .023 I              
                                I                          5.425@I              
                                I                                I              
                                I F5  -   F5                .113*I              
                                I                           .020 I              
                                I                          5.512@I              
                                I                                I              

 03-Sep-07      PAGE : 13  EQS     Licensee:                               
  TITLE:      CH: women MTMM                                           

  MULTIPLE POPULATION ANALYSIS, INFORMATION IN GROUP  1

  MAXIMUM LIKELIHOOD SOLUTION (NORMAL DISTRIBUTION THEORY)

  VARIANCES OF INDEPENDENT VARIABLES
  ----------------------------------
  STATISTICS SIGNIFICANT AT THE 5% LEVEL ARE MARKED WITH @.

                  E                                D
                 ---                              ---
 E1  -   V1                .261*I                                I              
                           .078 I                                I              
                          3.326@I                                I              
                                I                                I              
 E2  -   V2                .560*I                                I              
                           .054 I                                I              
                         10.378@I                                I              
                                I                                I              
 E3  -   V3                .264*I                                I              
                           .043 I                                I              
                          6.097@I                                I              
                                I                                I              
 E4  -   V4                .592*I                                I              
                           .058 I                                I              
                         10.189@I                                I              
                                I                                I              
 E5  -   V5                .206*I                                I              
                           .063 I                                I              
                          3.265@I                                I              
                                I                                I              
 E6  -   V6                .295*I                                I              
                           .048 I                                I              
                          6.146@I                                I              
                                I                                I              

 03-Sep-07      PAGE : 14  EQS     Licensee:                               
  TITLE:      CH: women MTMM                                           

  MULTIPLE POPULATION ANALYSIS, INFORMATION IN GROUP  1

  MAXIMUM LIKELIHOOD SOLUTION (NORMAL DISTRIBUTION THEORY)

  COVARIANCES AMONG INDEPENDENT VARIABLES
  ---------------------------------------
  STATISTICS SIGNIFICANT AT THE 5% LEVEL ARE MARKED WITH @.

                  V                                F
                 ---                              ---
                                I F2  -   F2               -.274*I              
                                I F1  -   F1                .037 I              
                                I                         -7.409@I              
                                I                                I              
                                I F3  -   F3                .286*I              
                                I F1  -   F1                .044 I              
                                I                          6.457@I              
                                I                                I              
                                I F3  -   F3               -.373*I              
                                I F2  -   F2                .043 I              
                                I                         -8.643@I              
                                I                                I              

 03-Sep-07      PAGE : 15  EQS     Licensee:                               
  TITLE:      CH: women MTMM                                           

  MULTIPLE POPULATION ANALYSIS, INFORMATION IN GROUP  1

  MAXIMUM LIKELIHOOD SOLUTION (NORMAL DISTRIBUTION THEORY)


  STANDARDIZED SOLUTION:                                              R-SQUARED



    V1   =V1  =    .778 F1    +  .360 F4    +  .514 E1                     .735 
    V2   =V2  =    .564 F2    +  .355 F4    +  .745 E2                     .445 
    V3   =V3  =    .782 F3    +  .356 F4    +  .512 E3                     .737 
    V4   =V4  =   -.543*F1    +  .336 F5    +  .770 E4                     .407 
    V5   =V5  =   -.826*F2    +  .335 F5    +  .453 E5                     .795 
    V6   =V6  =   -.769*F3    +  .336 F5    +  .544 E6                     .704 

 03-Sep-07      PAGE : 16  EQS     Licensee:                               
  TITLE:      CH: women MTMM                                           

  MULTIPLE POPULATION ANALYSIS, INFORMATION IN GROUP  1

  MAXIMUM LIKELIHOOD SOLUTION (NORMAL DISTRIBUTION THEORY)

  CORRELATIONS AMONG INDEPENDENT VARIABLES
  ---------------------------------------

                  V                                F
                 ---                              ---
                                I F2  -   F2               -.626*I              
                                I F1  -   F1                     I              
                                I                                I              
                                I F3  -   F3                .473*I              
                                I F1  -   F1                     I              
                                I                                I              
                                I F3  -   F3               -.839*I              
                                I F2  -   F2                     I              
                                I                                I              








 -------------------------------------------------------------------------------
                           E N D    O F    M E T H O D
 -------------------------------------------------------------------------------

 03-Sep-07      PAGE : 17  EQS     Licensee:                               
  TITLE:      CZ: women MTMM                                           

  MULTIPLE POPULATION ANALYSIS, INFORMATION IN GROUP  2

  MAXIMUM LIKELIHOOD SOLUTION (NORMAL DISTRIBUTION THEORY)

  RELIABILITY COEFFICIENTS
  ------------------------
  CRONBACH'S ALPHA                    =      .193
  RELIABILITY COEFFICIENT RHO         =      .672

  STANDARDIZED FACTOR LOADINGS FOR THE FACTOR THAT GENERATES
  MAXIMAL RELIABILITY FOR THE UNIT-WEIGHT COMPOSITE
  BASED ON THE MODEL (RHO):
     V1        V2        V3        V4        V5        V6   
      .400      .344      .480      .382      .199      .382


  PARAMETER ESTIMATES APPEAR IN ORDER,
  NO SPECIAL PROBLEMS WERE ENCOUNTERED DURING OPTIMIZATION.



  RESIDUAL COVARIANCE MATRIX  (S-SIGMA) :       


                      V1         V2         V3         V4         V5   
        V1            .002
        V2            .003       .001
        V3           -.004      -.004      -.007
        V4           -.002      -.009      -.031      -.004
        V5            .004       .000      -.004      -.008       .000
        V6            .023       .008       .001       .005       .005


                      V6   
        V6            .007

                                  AVERAGE ABSOLUTE RESIDUAL =          .0062
                     AVERAGE OFF-DIAGONAL ABSOLUTE RESIDUAL =          .0073



  STANDARDIZED RESIDUAL MATRIX:                 


                      V1         V2         V3         V4         V5   
        V1            .002
        V2            .003       .001
        V3           -.003      -.003      -.004
        V4           -.001      -.007      -.017      -.002
        V5            .004       .001      -.003      -.006       .000
        V6            .018       .006       .001       .003       .004


                      V6   
        V6            .004

                     AVERAGE ABSOLUTE STANDARDIZED RESIDUAL =          .0045
        AVERAGE OFF-DIAGONAL ABSOLUTE STANDARDIZED RESIDUAL =          .0053

 03-Sep-07      PAGE : 18  EQS     Licensee:                               
  TITLE:      CZ: women MTMM                                           

  MULTIPLE POPULATION ANALYSIS, INFORMATION IN GROUP  2

  MAXIMUM LIKELIHOOD SOLUTION (NORMAL DISTRIBUTION THEORY)


  LARGEST STANDARDIZED RESIDUALS:

      NO.    PARAMETER   ESTIMATE      NO.    PARAMETER   ESTIMATE
      ---    ---------   --------      ---    ---------   --------
       1     V6,  V1         .018      11     V3,  V1        -.003
       2     V4,  V3        -.017      12     V3,  V2        -.003
       3     V4,  V2        -.007      13     V5,  V3        -.003
       4     V6,  V2         .006      14     V6,  V4         .003
       5     V5,  V4        -.006      15     V4,  V4        -.002
       6     V5,  V1         .004      16     V1,  V1         .002
       7     V3,  V3        -.004      17     V4,  V1        -.001
       8     V6,  V6         .004      18     V2,  V2         .001
       9     V6,  V5         .004      19     V6,  V3         .001
      10     V2,  V1         .003      20     V5,  V2         .001



  DISTRIBUTION OF STANDARDIZED RESIDUALS



     ----------------------------------------                     
     !                                      !                     
   20-                                      -                     
     !                                      !                     
     !                                      !                     
     !                                      !                     
     !                                      !            RANGE      FREQ PERCENT
   15-                                      -                     
     !                                      !    1   -0.5  -  --       0    .00%
     !                                      !    2   -0.4  -  -0.5     0    .00%
     !                                      !    3   -0.3  -  -0.4     0    .00%
     !                    *                 !    4   -0.2  -  -0.3     0    .00%
   10-                 *  *                 -    5   -0.1  -  -0.2     0    .00%
     !                 *  *                 !    6    0.0  -  -0.1    10  47.62%
     !                 *  *                 !    7    0.1  -   0.0    11  52.38%
     !                 *  *                 !    8    0.2  -   0.1     0    .00%
     !                 *  *                 !    9    0.3  -   0.2     0    .00%
    5-                 *  *                 -    A    0.4  -   0.3     0    .00%
     !                 *  *                 !    B    0.5  -   0.4     0    .00%
     !                 *  *                 !    C     ++  -   0.5     0    .00%
     !                 *  *                 !    -------------------------------
     !                 *  *                 !            TOTAL        21 100.00%
     ----------------------------------------                     
        1  2  3  4  5  6  7  8  9  A  B  C    EACH "*" REPRESENTS    1 RESIDUALS

 03-Sep-07      PAGE : 19  EQS     Licensee:                               
  TITLE:      CZ: women MTMM                                           

  MULTIPLE POPULATION ANALYSIS, INFORMATION IN GROUP  2

  MAXIMUM LIKELIHOOD SOLUTION (NORMAL DISTRIBUTION THEORY)


  MEASUREMENT EQUATIONS WITH STANDARD ERRORS AND TEST STATISTICS
  STATISTICS SIGNIFICANT AT THE 5% LEVEL ARE MARKED WITH @.



    V1   =V1  =   1.000 F1    +  .796*F4    + 1.000 E1  
                                 .106               
                                7.494@              

    V2   =V2  =   1.000 F2    + 1.000 F4    + 1.000 E2  
                                                    
                                                    

    V3   =V3  =   1.000 F3    + 1.000 F4    + 1.000 E3  
                                                    
                                                    

    V4   =V4  =   -.842*F1    + 1.000 F5    + 1.000 E4  
                   .135                             
                 -6.257@                            

    V5   =V5  =   -.921*F2    +  .169*F5    + 1.000 E5  
                   .111          .054               
                 -8.319@        3.107@              

    V6   =V6  =   -.555*F3    + 1.000 F5    + 1.000 E6  
                   .072                             
                 -7.742@                            


 03-Sep-07      PAGE : 20  EQS     Licensee:                               
  TITLE:      CZ: women MTMM                                           

  MULTIPLE POPULATION ANALYSIS, INFORMATION IN GROUP  2

  MAXIMUM LIKELIHOOD SOLUTION (NORMAL DISTRIBUTION THEORY)

  VARIANCES OF INDEPENDENT VARIABLES
  ----------------------------------
  STATISTICS SIGNIFICANT AT THE 5% LEVEL ARE MARKED WITH @.

                  V                                F
                 ---                              ---
                                I F1  -   F1                .276*I              
                                I                           .058 I              
                                I                          4.769@I              
                                I                                I              
                                I F2  -   F2                .347*I              
                                I                           .054 I              
                                I                          6.405@I              
                                I                                I              
                                I F3  -   F3               1.051*I              
                                I                           .136 I              
                                I                          7.751@I              
                                I                                I              
                                I F4  -   F4                .388*I              
                                I                           .069 I              
                                I                          5.661@I              
                                I                                I              
                                I F5  -   F5                .691*I              
                                I                           .056 I              
                                I                         12.227@I              
                                I                                I              

 03-Sep-07      PAGE : 21  EQS     Licensee:                               
  TITLE:      CZ: women MTMM                                           

  MULTIPLE POPULATION ANALYSIS, INFORMATION IN GROUP  2

  MAXIMUM LIKELIHOOD SOLUTION (NORMAL DISTRIBUTION THEORY)

  VARIANCES OF INDEPENDENT VARIABLES
  ----------------------------------
  STATISTICS SIGNIFICANT AT THE 5% LEVEL ARE MARKED WITH @.

                  E                                D
                 ---                              ---
 E1  -   V1                .422*I                                I              
                           .061 I                                I              
                          6.966@I                                I              
                                I                                I              
 E2  -   V2                .120*I                                I              
                           .107 I                                I              
                          1.124 I                                I              
                                I                                I              
 E3  -   V3                .159*I                                I              
                           .152 I                                I              
                          1.044 I                                I              
                                I                                I              
 E4  -   V4               1.163*I                                I              
                           .074 I                                I              
                         15.681@I                                I              
                                I                                I              
 E5  -   V5                .686*I                                I              
                           .049 I                                I              
                         14.082@I                                I              
                                I                                I              
 E6  -   V6                .617*I                                I              
                           .060 I                                I              
                         10.214@I                                I              
                                I                                I              

 03-Sep-07      PAGE : 22  EQS     Licensee:                               
  TITLE:      CZ: women MTMM                                           

  MULTIPLE POPULATION ANALYSIS, INFORMATION IN GROUP  2

  MAXIMUM LIKELIHOOD SOLUTION (NORMAL DISTRIBUTION THEORY)

  COVARIANCES AMONG INDEPENDENT VARIABLES
  ---------------------------------------
  STATISTICS SIGNIFICANT AT THE 5% LEVEL ARE MARKED WITH @.

                  V                                F
                 ---                              ---
                                I F2  -   F2               -.310*I              
                                I F1  -   F1                .038 I              
                                I                         -8.211@I              
                                I                                I              
                                I F3  -   F3                .239*I              
                                I F1  -   F1                .045 I              
                                I                          5.344@I              
                                I                                I              
                                I F3  -   F3               -.568*I              
                                I F2  -   F2                .070 I              
                                I                         -8.133@I              
                                I                                I              

 03-Sep-07      PAGE : 23  EQS     Licensee:                               
  TITLE:      CZ: women MTMM                                           

  MULTIPLE POPULATION ANALYSIS, INFORMATION IN GROUP  2

  MAXIMUM LIKELIHOOD SOLUTION (NORMAL DISTRIBUTION THEORY)


  STANDARDIZED SOLUTION:                                              R-SQUARED



    V1   =V1  =   .541 F1    + .511*F4    + .669 E1                        .553 
    V2   =V2  =   .637 F2    + .674 F4    + .375 E2                        .859 
    V3   =V3  =   .811 F3    + .493 F4    + .315 E3                        .901 
    V4   =V4  =  -.309*F1    + .580 F5    + .753 E4                        .432 
    V5   =V5  =  -.542*F2    + .141*F5    + .828 E5                        .314 
    V6   =V6  =  -.445*F3    + .651 F5    + .615 E6                        .622 

 03-Sep-07      PAGE : 24  EQS     Licensee:                               
  TITLE:      CZ: women MTMM                                           

  MULTIPLE POPULATION ANALYSIS, INFORMATION IN GROUP  2

  MAXIMUM LIKELIHOOD SOLUTION (NORMAL DISTRIBUTION THEORY)

  CORRELATIONS AMONG INDEPENDENT VARIABLES
  ---------------------------------------

                  V                                F
                 ---                              ---
                                I F2  -   F2               -1.0E*I              
                                I F1  -   F1                     I              
                                I                                I              
                                I F3  -   F3                .444*I              
                                I F1  -   F1                     I              
                                I                                I              
                                I F3  -   F3               -.942*I              
                                I F2  -   F2                     I              
                                I                                I              








 -------------------------------------------------------------------------------
                           E N D    O F    M E T H O D
 -------------------------------------------------------------------------------

 03-Sep-07      PAGE : 25  EQS     Licensee:                               
  TITLE:      GR: women MTMM                                           

  MULTIPLE POPULATION ANALYSIS, INFORMATION IN GROUP  3

  MAXIMUM LIKELIHOOD SOLUTION (NORMAL DISTRIBUTION THEORY)

  RELIABILITY COEFFICIENTS
  ------------------------
  CRONBACH'S ALPHA                    =     -.651
  RELIABILITY COEFFICIENT RHO         =      .814

  STANDARDIZED FACTOR LOADINGS FOR THE FACTOR THAT GENERATES
  MAXIMAL RELIABILITY FOR THE UNIT-WEIGHT COMPOSITE
  BASED ON THE MODEL (RHO):
     V1        V2        V3        V4        V5        V6   
      .390     -.255      .350      .289      .619      .150


  PARAMETER        CONDITION CODE
    E1,E1          CONSTRAINED AT LOWER BOUND
    E4,E4          CONSTRAINED AT LOWER BOUND
    E5,E5          CONSTRAINED AT LOWER BOUND

 03-Sep-07      PAGE : 26  EQS     Licensee:                               
  TITLE:      GR: women MTMM                                           

  MULTIPLE POPULATION ANALYSIS, INFORMATION IN GROUP  3

  MAXIMUM LIKELIHOOD SOLUTION (NORMAL DISTRIBUTION THEORY)
    E1,E1          VARIANCE OF PARAMETER ESTIMATE IS SET TO ZERO.
    E4,E4          VARIANCE OF PARAMETER ESTIMATE IS SET TO ZERO.
    E5,E5          VARIANCE OF PARAMETER ESTIMATE IS SET TO ZERO.



  RESIDUAL COVARIANCE MATRIX  (S-SIGMA) :       


                      V1         V2         V3         V4         V5   
        V1            .007
        V2           -.016      -.002
        V3           -.004       .022      -.004
        V4           -.017       .035       .005       .016
        V5           -.023       .009      -.001       .007      -.005
        V6           -.011      -.001       .004       .010       .001


                      V6   
        V6            .000

                                  AVERAGE ABSOLUTE RESIDUAL =          .0095
                     AVERAGE OFF-DIAGONAL ABSOLUTE RESIDUAL =          .0110



  STANDARDIZED RESIDUAL MATRIX:                 


                      V1         V2         V3         V4         V5   
        V1            .006
        V2           -.018      -.003
        V3           -.003       .021      -.002
        V4           -.014       .037       .003       .012
        V5           -.022       .011      -.001       .006      -.005
        V6           -.012      -.001       .004       .010       .001


                      V6   
        V6           -.001

                     AVERAGE ABSOLUTE STANDARDIZED RESIDUAL =          .0091
        AVERAGE OFF-DIAGONAL ABSOLUTE STANDARDIZED RESIDUAL =          .0109

 03-Sep-07      PAGE : 27  EQS     Licensee:                               
  TITLE:      GR: women MTMM                                           

  MULTIPLE POPULATION ANALYSIS, INFORMATION IN GROUP  3

  MAXIMUM LIKELIHOOD SOLUTION (NORMAL DISTRIBUTION THEORY)


  LARGEST STANDARDIZED RESIDUALS:

      NO.    PARAMETER   ESTIMATE      NO.    PARAMETER   ESTIMATE
      ---    ---------   --------      ---    ---------   --------
       1     V4,  V2         .037      11     V5,  V4         .006
       2     V5,  V1        -.022      12     V5,  V5        -.005
       3     V3,  V2         .021      13     V6,  V3         .004
       4     V2,  V1        -.018      14     V4,  V3         .003
       5     V4,  V1        -.014      15     V3,  V1        -.003
       6     V4,  V4         .012      16     V2,  V2        -.003
       7     V6,  V1        -.012      17     V3,  V3        -.002
       8     V5,  V2         .011      18     V6,  V2        -.001
       9     V6,  V4         .010      19     V6,  V5         .001
      10     V1,  V1         .006      20     V6,  V6        -.001



  DISTRIBUTION OF STANDARDIZED RESIDUALS



     ----------------------------------------                     
     !                                      !                     
   20-                                      -                     
     !                                      !                     
     !                                      !                     
     !                                      !                     
     !                                      !            RANGE      FREQ PERCENT
   15-                                      -                     
     !                                      !    1   -0.5  -  --       0    .00%
     !                                      !    2   -0.4  -  -0.5     0    .00%
     !                                      !    3   -0.3  -  -0.4     0    .00%
     !                 *                    !    4   -0.2  -  -0.3     0    .00%
   10-                 *  *                 -    5   -0.1  -  -0.2     0    .00%
     !                 *  *                 !    6    0.0  -  -0.1    11  52.38%
     !                 *  *                 !    7    0.1  -   0.0    10  47.62%
     !                 *  *                 !    8    0.2  -   0.1     0    .00%
     !                 *  *                 !    9    0.3  -   0.2     0    .00%
    5-                 *  *                 -    A    0.4  -   0.3     0    .00%
     !                 *  *                 !    B    0.5  -   0.4     0    .00%
     !                 *  *                 !    C     ++  -   0.5     0    .00%
     !                 *  *                 !    -------------------------------
     !                 *  *                 !            TOTAL        21 100.00%
     ----------------------------------------                     
        1  2  3  4  5  6  7  8  9  A  B  C    EACH "*" REPRESENTS    1 RESIDUALS

 03-Sep-07      PAGE : 28  EQS     Licensee:                               
  TITLE:      GR: women MTMM                                           

  MULTIPLE POPULATION ANALYSIS, INFORMATION IN GROUP  3

  MAXIMUM LIKELIHOOD SOLUTION (NORMAL DISTRIBUTION THEORY)


  MEASUREMENT EQUATIONS WITH STANDARD ERRORS AND TEST STATISTICS
  STATISTICS SIGNIFICANT AT THE 5% LEVEL ARE MARKED WITH @.



    V1   =V1  =         1.000 F1    +       1.000 F4    +       1.000 E1  
                                                                      
                                                                      

    V2   =V2  =         1.000 F2    -        .192*F4    +       1.000 E2  
                                             .214                     
                                            -.901                     

    V3   =V3  =         1.000 F3    +        .604*F4    +       1.000 E3  
                                             .603                     
                                            1.001                     

    V4   =V4  =        -1.383*F1    +       1.000 F5    +       1.000 E4  
                         .467                                         
                       -2.961@                                        

    V5   =V5  =        -1.840*F2    +       1.000 F5    +       1.000 E5  
                         .495                                         
                       -3.721@                                        

    V6   =V6  =         -.792*F3    +       1.000 F5    +       1.000 E6  
                         .199                                         
                       -3.972@                                        


 03-Sep-07      PAGE : 29  EQS     Licensee:                               
  TITLE:      GR: women MTMM                                           

  MULTIPLE POPULATION ANALYSIS, INFORMATION IN GROUP  3

  MAXIMUM LIKELIHOOD SOLUTION (NORMAL DISTRIBUTION THEORY)

  VARIANCES OF INDEPENDENT VARIABLES
  ----------------------------------
  STATISTICS SIGNIFICANT AT THE 5% LEVEL ARE MARKED WITH @.

                  V                                F
                 ---                              ---
                                I F1  -   F1                .559*I              
                                I                           .186 I              
                                I                          2.996@I              
                                I                                I              
                                I F2  -   F2                .233*I              
                                I                           .065 I              
                                I                          3.554@I              
                                I                                I              
                                I F3  -   F3                .807*I              
                                I                           .215 I              
                                I                          3.758@I              
                                I                                I              
                                I F4  -   F4                .547*I              
                                I                           .423 I              
                                I                          1.292 I              
                                I                                I              
                                I F5  -   F5                .232*I              
                                I                           .109 I              
                                I                          2.129@I              
                                I                                I              

 03-Sep-07      PAGE : 30  EQS     Licensee:                               
  TITLE:      GR: women MTMM                                           

  MULTIPLE POPULATION ANALYSIS, INFORMATION IN GROUP  3

  MAXIMUM LIKELIHOOD SOLUTION (NORMAL DISTRIBUTION THEORY)

  VARIANCES OF INDEPENDENT VARIABLES
  ----------------------------------
  STATISTICS SIGNIFICANT AT THE 5% LEVEL ARE MARKED WITH @.

                  E                                D
                 ---                              ---
 E1  -   V1                .000*I                                I              
                           .000 I                                I              
                        1.0E+38@I                                I              
                                I                                I              
 E2  -   V2                .413*I                                I              
                           .040 I                                I              
                         10.235@I                                I              
                                I                                I              
 E3  -   V3                .684*I                                I              
                           .099 I                                I              
                          6.885@I                                I              
                                I                                I              
 E4  -   V4                .000*I                                I              
                           .000 I                                I              
                        1.0E+38@I                                I              
                                I                                I              
 E5  -   V5                .000*I                                I              
                           .000 I                                I              
                        1.0E+38@I                                I              
                                I                                I              
 E6  -   V6                .085*I                                I              
                           .236 I                                I              
                           .362 I                                I              
                                I                                I              

 03-Sep-07      PAGE : 31  EQS     Licensee:                               
  TITLE:      GR: women MTMM                                           

  MULTIPLE POPULATION ANALYSIS, INFORMATION IN GROUP  3

  MAXIMUM LIKELIHOOD SOLUTION (NORMAL DISTRIBUTION THEORY)

  COVARIANCES AMONG INDEPENDENT VARIABLES
  ---------------------------------------
  STATISTICS SIGNIFICANT AT THE 5% LEVEL ARE MARKED WITH @.

                  V                                F
                 ---                              ---
                                I F2  -   F2               -.120*I              
                                I F1  -   F1                .035 I              
                                I                         -3.441@I              
                                I                                I              
                                I F3  -   F3                .278*I              
                                I F1  -   F1                .089 I              
                                I                          3.136@I              
                                I                                I              
                                I F3  -   F3               -.318*I              
                                I F2  -   F2                .090 I              
                                I                         -3.542@I              
                                I                                I              

 03-Sep-07      PAGE : 32  EQS     Licensee:                               
  TITLE:      GR: women MTMM                                           

  MULTIPLE POPULATION ANALYSIS, INFORMATION IN GROUP  3

  MAXIMUM LIKELIHOOD SOLUTION (NORMAL DISTRIBUTION THEORY)

  COVARIANCES AMONG INDEPENDENT VARIABLES
  ---------------------------------------
  STATISTICS SIGNIFICANT AT THE 5% LEVEL ARE MARKED WITH @.

                  E                                D
                 ---                              ---
 E6  -   V6               -.197*I                                I              
 E4  -   V4                .198 I                                I              
                          -.998 I                                I              
                                I                                I              

 03-Sep-07      PAGE : 33  EQS     Licensee:                               
  TITLE:      GR: women MTMM                                           

  MULTIPLE POPULATION ANALYSIS, INFORMATION IN GROUP  3

  MAXIMUM LIKELIHOOD SOLUTION (NORMAL DISTRIBUTION THEORY)


  STANDARDIZED SOLUTION:                                              R-SQUARED



    V1   =V1  =    .711 F1    +  .703 F4    +  .000 E1                    1.000 
    V2   =V2  =    .591 F2    -  .174*F4    +  .787 E2                     .380 
    V3   =V3  =    .691 F3    +  .343*F4    +  .636 E3                     .595 
    V4   =V4  =   -.906*F1    +  .422 F5    +  .000 E4                    1.000 
    V5   =V5  =   -.879*F2    +  .477 F5    +  .000 E5                    1.000 
    V6   =V6  =   -.784*F3    +  .531 F5    +  .322 E6                     .896 

 03-Sep-07      PAGE : 34  EQS     Licensee:                               
  TITLE:      GR: women MTMM                                           

  MULTIPLE POPULATION ANALYSIS, INFORMATION IN GROUP  3

  MAXIMUM LIKELIHOOD SOLUTION (NORMAL DISTRIBUTION THEORY)

  CORRELATIONS AMONG INDEPENDENT VARIABLES
  ---------------------------------------

                  V                                F
                 ---                              ---
                                I F2  -   F2               -.333*I              
                                I F1  -   F1                     I              
                                I                                I              
                                I F3  -   F3                .413*I              
                                I F1  -   F1                     I              
                                I                                I              
                                I F3  -   F3               -.735*I              
                                I F2  -   F2                     I              
                                I                                I              

 03-Sep-07      PAGE : 35  EQS     Licensee:                               
  TITLE:      GR: women MTMM                                           

  MULTIPLE POPULATION ANALYSIS, INFORMATION IN GROUP  3

  MAXIMUM LIKELIHOOD SOLUTION (NORMAL DISTRIBUTION THEORY)

  CORRELATIONS AMONG INDEPENDENT VARIABLES
  ---------------------------------------

                  E                                D
                 ---                              ---
 E6  -   V6              1.0E03*I                                I              
 E4  -   V4                     I                                I              
                                I                                I              








 -------------------------------------------------------------------------------
                           E N D    O F    M E T H O D
 -------------------------------------------------------------------------------

 03-Sep-07      PAGE : 36  EQS     Licensee:                               
  TITLE:      SI: women MTMM                                           

  MULTIPLE POPULATION ANALYSIS, INFORMATION IN GROUP  4

  MAXIMUM LIKELIHOOD SOLUTION (NORMAL DISTRIBUTION THEORY)

  RELIABILITY COEFFICIENTS
  ------------------------
  CRONBACH'S ALPHA                    =     -.139
  RELIABILITY COEFFICIENT RHO         =      .493

  STANDARDIZED FACTOR LOADINGS FOR THE FACTOR THAT GENERATES
  MAXIMAL RELIABILITY FOR THE UNIT-WEIGHT COMPOSITE
  BASED ON THE MODEL (RHO):
     V1        V2        V3        V4        V5        V6   
      .716      .046      .614     -.121      .435     -.130


  PARAMETER ESTIMATES APPEAR IN ORDER,
  NO SPECIAL PROBLEMS WERE ENCOUNTERED DURING OPTIMIZATION.



  RESIDUAL COVARIANCE MATRIX  (S-SIGMA) :       


                      V1         V2         V3         V4         V5   
        V1            .012
        V2            .016       .003
        V3            .000      -.020      -.020
        V4           -.034      -.053      -.141       .000
        V5            .025       .006      -.017      -.021       .002
        V6            .042       .029       .015       .016       .015


                      V6   
        V6            .002

                                  AVERAGE ABSOLUTE RESIDUAL =          .0234
                     AVERAGE OFF-DIAGONAL ABSOLUTE RESIDUAL =          .0301



  STANDARDIZED RESIDUAL MATRIX:                 


                      V1         V2         V3         V4         V5   
        V1            .016
        V2            .021       .003
        V3            .000      -.016      -.011
        V4           -.040      -.062      -.107       .000
        V5            .023       .006      -.010      -.018       .002
        V6            .044       .030       .010       .016       .011


                      V6   
        V6            .002

                     AVERAGE ABSOLUTE STANDARDIZED RESIDUAL =          .0214
        AVERAGE OFF-DIAGONAL ABSOLUTE STANDARDIZED RESIDUAL =          .0277

 03-Sep-07      PAGE : 37  EQS     Licensee:                               
  TITLE:      SI: women MTMM                                           

  MULTIPLE POPULATION ANALYSIS, INFORMATION IN GROUP  4

  MAXIMUM LIKELIHOOD SOLUTION (NORMAL DISTRIBUTION THEORY)


  LARGEST STANDARDIZED RESIDUALS:

      NO.    PARAMETER   ESTIMATE      NO.    PARAMETER   ESTIMATE
      ---    ---------   --------      ---    ---------   --------
       1     V4,  V3        -.107      11     V1,  V1         .016
       2     V4,  V2        -.062      12     V6,  V5         .011
       3     V6,  V1         .044      13     V3,  V3        -.011
       4     V4,  V1        -.040      14     V5,  V3        -.010
       5     V6,  V2         .030      15     V6,  V3         .010
       6     V5,  V1         .023      16     V5,  V2         .006
       7     V2,  V1         .021      17     V2,  V2         .003
       8     V5,  V4        -.018      18     V6,  V6         .002
       9     V3,  V2        -.016      19     V5,  V5         .002
      10     V6,  V4         .016      20     V3,  V1         .000



  DISTRIBUTION OF STANDARDIZED RESIDUALS



     ----------------------------------------                     
     !                                      !                     
   20-                                      -                     
     !                                      !                     
     !                                      !                     
     !                                      !                     
     !                                      !            RANGE      FREQ PERCENT
   15-                                      -                     
     !                                      !    1   -0.5  -  --       0    .00%
     !                    *                 !    2   -0.4  -  -0.5     0    .00%
     !                    *                 !    3   -0.3  -  -0.4     0    .00%
     !                    *                 !    4   -0.2  -  -0.3     0    .00%
   10-                    *                 -    5   -0.1  -  -0.2     1   4.76%
     !                    *                 !    6    0.0  -  -0.1     7  33.33%
     !                    *                 !    7    0.1  -   0.0    13  61.90%
     !                 *  *                 !    8    0.2  -   0.1     0    .00%
     !                 *  *                 !    9    0.3  -   0.2     0    .00%
    5-                 *  *                 -    A    0.4  -   0.3     0    .00%
     !                 *  *                 !    B    0.5  -   0.4     0    .00%
     !                 *  *                 !    C     ++  -   0.5     0    .00%
     !                 *  *                 !    -------------------------------
     !              *  *  *                 !            TOTAL        21 100.00%
     ----------------------------------------                     
        1  2  3  4  5  6  7  8  9  A  B  C    EACH "*" REPRESENTS    1 RESIDUALS

 03-Sep-07      PAGE : 38  EQS     Licensee:                               
  TITLE:      SI: women MTMM                                           

  MULTIPLE POPULATION ANALYSIS, INFORMATION IN GROUP  4

  MAXIMUM LIKELIHOOD SOLUTION (NORMAL DISTRIBUTION THEORY)


  MEASUREMENT EQUATIONS WITH STANDARD ERRORS AND TEST STATISTICS
  STATISTICS SIGNIFICANT AT THE 5% LEVEL ARE MARKED WITH @.



    V1   =V1  =   1.000 F1    + 1.000 F4    + 1.000 E1  
                                                    
                                                    

    V2   =V2  =   1.000 F2    + 1.000 F4    + 1.000 E2  
                                                    
                                                    

    V3   =V3  =   1.000 F3    + 1.000 F4    + 1.000 E3  
                                                    
                                                    

    V4   =V4  =   -.375*F1    +  .030*F5    + 1.000 E4  
                   .129          .255               
                 -2.907@         .116               

    V5   =V5  =  -1.437*F2    + 1.000 F5    + 1.000 E5  
                   .228                             
                 -6.301@                            

    V6   =V6  =   -.527*F3    + 1.000 F5    + 1.000 E6  
                   .080                             
                 -6.629@                            


 03-Sep-07      PAGE : 39  EQS     Licensee:                               
  TITLE:      SI: women MTMM                                           

  MULTIPLE POPULATION ANALYSIS, INFORMATION IN GROUP  4

  MAXIMUM LIKELIHOOD SOLUTION (NORMAL DISTRIBUTION THEORY)

  VARIANCES OF INDEPENDENT VARIABLES
  ----------------------------------
  STATISTICS SIGNIFICANT AT THE 5% LEVEL ARE MARKED WITH @.

                  V                                F
                 ---                              ---
                                I F1  -   F1                .533*I              
                                I                           .185 I              
                                I                          2.883@I              
                                I                                I              
                                I F2  -   F2                .229*I              
                                I                           .054 I              
                                I                          4.235@I              
                                I                                I              
                                I F3  -   F3               1.239*I              
                                I                           .210 I              
                                I                          5.888@I              
                                I                                I              
                                I F4  -   F4                .184*I              
                                I                           .043 I              
                                I                          4.229@I              
                                I                                I              
                                I F5  -   F5                .131*I              
                                I                           .059 I              
                                I                          2.221@I              
                                I                                I              

 03-Sep-07      PAGE : 40  EQS     Licensee:                               
  TITLE:      SI: women MTMM                                           

  MULTIPLE POPULATION ANALYSIS, INFORMATION IN GROUP  4

  MAXIMUM LIKELIHOOD SOLUTION (NORMAL DISTRIBUTION THEORY)

  VARIANCES OF INDEPENDENT VARIABLES
  ----------------------------------
  STATISTICS SIGNIFICANT AT THE 5% LEVEL ARE MARKED WITH @.

                  E                                D
                 ---                              ---
 E1  -   V1                .058*I                                I              
                           .184 I                                I              
                           .313 I                                I              
                                I                                I              
 E2  -   V2                .388*I                                I              
                           .078 I                                I              
                          4.962@I                                I              
                                I                                I              
 E3  -   V3                .487*I                                I              
                           .186 I                                I              
                          2.614@I                                I              
                                I                                I              
 E4  -   V4                .849*I                                I              
                           .062 I                                I              
                         13.796@I                                I              
                                I                                I              
 E5  -   V5                .879*I                                I              
                           .117 I                                I              
                          7.522@I                                I              
                                I                                I              
 E6  -   V6                .651*I                                I              
                           .102 I                                I              
                          6.363@I                                I              
                                I                                I              

 03-Sep-07      PAGE : 41  EQS     Licensee:                               
  TITLE:      SI: women MTMM                                           

  MULTIPLE POPULATION ANALYSIS, INFORMATION IN GROUP  4

  MAXIMUM LIKELIHOOD SOLUTION (NORMAL DISTRIBUTION THEORY)

  COVARIANCES AMONG INDEPENDENT VARIABLES
  ---------------------------------------
  STATISTICS SIGNIFICANT AT THE 5% LEVEL ARE MARKED WITH @.

                  V                                F
                 ---                              ---
                                I F2  -   F2               -.249*I              
                                I F1  -   F1                .046 I              
                                I                         -5.405@I              
                                I                                I              
                                I F3  -   F3                .293*I              
                                I F1  -   F1                .068 I              
                                I                          4.322@I              
                                I                                I              
                                I F3  -   F3               -.469*I              
                                I F2  -   F2                .070 I              
                                I                         -6.651@I              
                                I                                I              

 03-Sep-07      PAGE : 42  EQS     Licensee:                               
  TITLE:      SI: women MTMM                                           

  MULTIPLE POPULATION ANALYSIS, INFORMATION IN GROUP  4

  MAXIMUM LIKELIHOOD SOLUTION (NORMAL DISTRIBUTION THEORY)


  STANDARDIZED SOLUTION:                                              R-SQUARED



    V1   =V1  =    .830 F1    +  .487 F4    +  .273 E1                     .926 
    V2   =V2  =    .534 F2    +  .479 F4    +  .696 E2                     .515 
    V3   =V3  =    .805 F3    +  .310 F4    +  .505 E3                     .745 
    V4   =V4  =   -.284*F1    +  .011*F5    +  .959 E4                     .081 
    V5   =V5  =   -.564*F2    +  .298 F5    +  .770 E5                     .407 
    V6   =V6  =   -.553*F3    +  .341 F5    +  .760 E6                     .422 

 03-Sep-07      PAGE : 43  EQS     Licensee:                               
  TITLE:      SI: women MTMM                                           

  MULTIPLE POPULATION ANALYSIS, INFORMATION IN GROUP  4

  MAXIMUM LIKELIHOOD SOLUTION (NORMAL DISTRIBUTION THEORY)

  CORRELATIONS AMONG INDEPENDENT VARIABLES
  ---------------------------------------

                  V                                F
                 ---                              ---
                                I F2  -   F2               -.714*I              
                                I F1  -   F1                     I              
                                I                                I              
                                I F3  -   F3                .361*I              
                                I F1  -   F1                     I              
                                I                                I              
                                I F3  -   F3               -.880*I              
                                I F2  -   F2                     I              
                                I                                I              








 -------------------------------------------------------------------------------
                           E N D    O F    M E T H O D
 -------------------------------------------------------------------------------

 03-Sep-07      PAGE : 44  EQS     Licensee:                               
  TITLE:      SI: women MTMM                                           

  MULTIPLE POPULATION ANALYSIS, INFORMATION IN GROUP  4

  MAXIMUM LIKELIHOOD SOLUTION (NORMAL DISTRIBUTION THEORY)

  STATISTICS FOR MULTIPLE POPULATION ANALYSIS




  GOODNESS OF FIT SUMMARY FOR METHOD = ML    

  INDEPENDENCE MODEL CHI-SQUARE        =    3802.867 ON    60 DEGREES OF FREEDOM

  INDEPENDENCE AIC =    3682.867   INDEPENDENCE CAIC =    3266.518
         MODEL AIC =       1.389          MODEL CAIC =     -68.003

  CHI-SQUARE =       21.389 BASED ON      10 DEGREES OF FREEDOM
  PROBABILITY VALUE FOR THE CHI-SQUARE STATISTIC IS       .01854

  FIT INDICES
  -----------
  BENTLER-BONETT     NORMED FIT INDEX =      .994
  BENTLER-BONETT NON-NORMED FIT INDEX =      .982
  COMPARATIVE FIT INDEX (CFI)         =      .997



                         ITERATIVE SUMMARY

                     PARAMETER
  ITERATION          ABS CHANGE         ALPHA                FUNCTION
      1                .715486          .50000               2.60066
      2                .564356          .50000               1.89455
      3                .937305          .50000               1.29008
      4                .448952         1.00000                .29898
      5                .125198         1.00000                .17257
      6                .151641          .50000                .04252
      7                .057531         1.00000                .01306
      8                .009339         1.00000                .00770
      9                .000854         1.00000                .00764

 03-Sep-07      PAGE : 45  EQS     Licensee:                               
  TITLE:      SI: women MTMM                                           

  MAXIMUM LIKELIHOOD SOLUTION (NORMAL DISTRIBUTION THEORY)


  LAGRANGE MULTIPLIER TEST (FOR ADDING PARAMETERS)


  ORDERED UNIVARIATE TEST STATISTICS:             
                                                   HANCOCK             STANDAR-
                                  CHI-              10 DF   PARAMETER   DIZED 
   NO    CODE     PARAMETER      SQUARE     PROB.    PROB.    CHANGE    CHANGE
   --   ------    ---------      ------     -----  -------- ---------  --------
    1    2   3    4,  F5,F1      10.693      .001      .382      .244      .922
    2    2   6    4,  E4,E3       6.897      .009      .735     -.144     -.223
    3    2   3    4,  F5,F4       6.074      .014      .809      .124      .801
    4    2   3    4,  F4,F3       5.199      .023      .878     -.175     -.366
    5    2   3    4,  F4,F2       4.886      .027      .899     -.448    -2.185
    6    2   3    4,  F4,F1       4.830      .028      .902      .125      .400
    7    2   6    4,  E4,E2       4.328      .037      .931     -.098     -.171
    8    2   6    4,  E6,E2       3.405      .065      .970      .203      .403
    9    2   6    1,  E5,E3       3.053      .081      .980     -.075     -.324
   10    2   3    4,  F5,F2       2.989      .084      .982      .196     1.133
   11    2   3    1,  F4,F1       2.900      .089      .984      .057      .206
   12    2   0    1,  V1,F4       2.865      .091      .984      .466     1.315
   13    2   6    1,  E3,E2       2.865      .091      .984     -.059     -.154
   14    2   6    4,  E6,E1       2.545      .111      .990      .104      .536
   15    2   3    1,  F5,F1       2.545      .111      .990      .064      .248
   16    2   3    3,  F5,F2       2.343      .126      .993      .062      .268
   17    2   6    1,  E6,E4       2.318      .128      .993      .069      .165
   18    2   0    1,  V5,F5       2.318      .128      .993     -.612    -1.820
   19    2   6    3,  E5,E1       1.893      .169      .997     -.044      .000
   20    2   3    1,  F4,F3       1.836      .175      .997     -.054     -.193
   21    2   3    4,  F5,F3       1.779      .182      .998     -.171     -.425
   22    2   0    1,  V2,F4       1.678      .195      .998     -.436    -1.216
   23    2   6    1,  E3,E1       1.678      .195      .998      .055      .211
   24    2   6    4,  E5,E1       1.675      .196      .998      .087      .385
   25    2   3    3,  F5,F1       1.608      .205      .999     -.031     -.087
   26    2   6    1,  E6,E1       1.584      .208      .999      .042      .150
   27    2   3    3,  F5,F3       1.508      .220      .999      .045      .104
   28    2   6    3,  E5,E3       1.452      .228      .999      .053      .000
   29    2   6    4,  E5,E3       1.383      .240      .999     -.153     -.234
   30    2   6    3,  E4,E2       1.270      .260      .999      .031      .000
   31    2   3    1,  F5,F3       1.229      .268     1.000     -.043     -.164
   32    2   3    2,  F4,F2       1.115      .291     1.000     -.500    -1.364
   33    2   6    3,  E3,E2       1.102      .294     1.000      .025      .046
   34    2   6    3,  E2,E1       1.102      .294     1.000     -.041      .000
   35    2   6    3,  E3,E1       1.102      .294     1.000      .128      .000
   36    2   3    2,  F4,F3       1.063      .303     1.000     -.072     -.113
   37    2   6    3,  E4,E1       1.047      .306     1.000     -.102      .000
   38    2   6    2,  E5,E1       1.037      .309     1.000      .110      .204
   39    2   3    3,  F5,F4       1.017      .313     1.000     -.022     -.062
   40    2   3    2,  F5,F2       1.007      .316     1.000     -.523    -1.069
   41    2   3    2,  F4,F1       1.007      .316     1.000      .046      .142
   42    2   3    2,  F5,F3        .966      .326     1.000     -.069     -.080
   43    2   0    1,  V4,F5        .877      .349     1.000      .349     1.040
   44    2   6    1,  E6,E5        .877      .349     1.000     -.039     -.159
   45    2   6    1,  E4,E2        .865      .352     1.000     -.032     -.056
   46    2   6    2,  E4,E3        .849      .357     1.000     -.065     -.152
   47    2   3    2,  F5,F1        .845      .358     1.000      .040      .091
   48    2   3    1,  F5,F4        .803      .370     1.000     -.076     -.636
   49    2   3    3,  F4,F2        .758      .384     1.000      .016      .045
   50    2   6    1,  E6,E2        .757      .384     1.000     -.035     -.086
   51    2   6    2,  E5,E3        .690      .406     1.000     -.142     -.431
   52    2   6    2,  E6,E1        .690      .406     1.000      .036      .070
   53    2   6    1,  E5,E1        .667      .414     1.000      .039      .166
   54    2   6    1,  E4,E3        .477      .490     1.000      .021      .052
   55    2   6    3,  E4,E3        .464      .496     1.000      .042      .000
   56    2   6    2,  E4,E2        .422      .516     1.000     -.033     -.088
   57    2   3    3,  F4,F1        .416      .519     1.000      .026      .047
   58    2   6    1,  E2,E1        .381      .537     1.000      .021      .055
   59    2   0    1,  V3,F4        .381      .537     1.000     -.166     -.463
   60    2   6    2,  E6,E2        .361      .548     1.000      .033      .121
   61    2   6    4,  E3,E1        .270      .604     1.000     -.070     -.418
   62    2   0    4,  V2,F4        .270      .604     1.000      .382      .996
   63    2   6    1,  E5,E4        .227      .634     1.000     -.020     -.057
   64    2   0    1,  V6,F5        .227      .634     1.000      .178      .531
   65    2   3    1,  F4,F2        .213      .645     1.000      .060      .299
   66    2   0    4,  V6,F5        .177      .674     1.000    -7.439   -19.342
   67    2   6    4,  E5,E4        .177      .674     1.000      .029      .033
   68    2   6    4,  E6,E4        .177      .674     1.000     -.029     -.039
   69    2   0    4,  V5,F5        .177      .674     1.000     7.439    16.867
   70    2   6    4,  E2,E1        .154      .695     1.000      .019      .129
   71    2   0    4,  V3,F4        .154      .695     1.000     -.105     -.177
   72    2   6    3,  E5,E2        .120      .729     1.000     -.018      .000
   73    2   3    3,  F4,F3        .110      .740     1.000      .015      .022
   74    2   6    4,  E3,E2        .083      .773     1.000     -.020     -.046
   75    2   0    4,  V1,F4        .083      .773     1.000      .110      .291
   76    2   6    3,  E6,E1        .083      .773     1.000     -.010      .000
   77    2   6    3,  E6,E5        .069      .793     1.000      .010      .000
   78    2   0    3,  V6,F5        .069      .793     1.000      .045      .102
   79    2   0    3,  V4,F5        .056      .813     1.000     -.032     -.058
   80    2   3    2,  F5,F4        .029      .865     1.000      .035      .067
   81    2   0    2,  V2,F4        .018      .894     1.000      .206      .358
   82    2   6    2,  E2,E1        .018      .894     1.000      .064      .283
   83    2   6    2,  E3,E1        .018      .894     1.000     -.064     -.247
   84    2   0    2,  V3,F4        .018      .894     1.000     -.206     -.262
   85    2   6    2,  E5,E4        .018      .894     1.000     -.006     -.006
   86    2   6    2,  E6,E5        .018      .894     1.000      .006      .009
   87    2   0    2,  V4,F5        .018      .894     1.000     -.050     -.042
   88    2   0    2,  V6,F5        .018      .894     1.000      .050      .047
   89    2   6    3,  E6,E2        .011      .918     1.000      .002      .012
   90    2   6    3,  E5,E4        .005      .946     1.000      .003      .000
   91    2   0    3,  V5,F5        .004      .950     1.000      .018      .037
   92    2   3    1,  F5,F2        .004      .950     1.000      .006      .031
   93    2   6    1,  E5,E2        .000     1.000     1.000      .000      .000
   94    2   6    1,  E4,E1        .000     1.000     1.000      .000      .000
   95    2   6    4,  E6,E3        .000     1.000     1.000      .000      .000
   96    2   0    2,  V1,F1        .000     1.000     1.000      .000      .000
   97    2   6    4,  E6,E5        .000     1.000     1.000      .000      .000
   98    2   0    4,  V1,F1        .000     1.000     1.000      .000      .000
   99    2   0    2,  V2,F2        .000     1.000     1.000      .000      .000
  100    2   0    4,  V2,F2        .000     1.000     1.000      .000      .000
  101    2   0    4,  V3,F3        .000     1.000     1.000      .000      .000
  102    2   0    2,  V3,F3        .000     1.000     1.000      .000      .000
  103    2   6    2,  E6,E4        .000     1.000     1.000      .000      .000
  104    2   6    1,  E6,E3        .000     1.000     1.000      .000      .000
  105    2   6    4,  E5,E2        .000     1.000     1.000      .000      .000
  106    2   6    2,  E6,E3        .000     1.000     1.000      .000      .000
  107    2   0    3,  V3,F3        .000     1.000     1.000      .000      .000
  108    2   6    2,  E5,E2        .000     1.000     1.000      .000      .000
  109    2   0    3,  V2,F2        .000     1.000     1.000      .000      .000
  110    2   6    2,  E3,E2        .000     1.000     1.000      .000      .000
  111    2   0    3,  V1,F4        .000     1.000     1.000      .000      .000
  112    2   0    3,  V1,F1        .000     1.000     1.000      .000      .000
  113    2   6    3,  E6,E3        .000     1.000     1.000      .000      .000
  114    2   6    4,  E4,E1        .000     1.000     1.000      .000      .000
  115    2   0    1,  V3,F3        .000     1.000     1.000      .000      .000
  116    2   0    1,  V2,F2        .000     1.000     1.000      .000      .000
  117    2   0    1,  V1,F1        .000     1.000     1.000      .000      .000
  118    2   6    2,  E4,E1        .000     1.000     1.000      .000      .000

 03-Sep-07      PAGE : 46  EQS     Licensee:                               
  TITLE:      SI: women MTMM                                           

  MAXIMUM LIKELIHOOD SOLUTION (NORMAL DISTRIBUTION THEORY)


  MULTIVARIATE LAGRANGE MULTIPLIER TEST BY SIMULTANEOUS PROCESS IN STAGE  1

  PARAMETER SETS (SUBMATRICES) ACTIVE AT THIS STAGE ARE:

     PFV PFF PEE



        CUMULATIVE MULTIVARIATE STATISTICS      UNIVARIATE INCREMENT
        ----------------------------------      ------------------------------
                                                                    HANCOCK'S
                                                                    SEQUENTIAL
 STEP   PARAMETER   CHI-SQUARE  D.F.   PROB.   CHI-SQUARE   PROB.  D.F.   PROB.
 ----  -----------  ----------  ----   -----   ----------   -----  ----   -----
    1   4,  F5,F1       10.693     1    .001       10.693    .001    10    .382


  LAGRANGIAN MULTIPLIER TEST REQUIRED    45273 WORDS OF MEMORY.
  PROGRAM ALLOCATES  2000000 WORDS.
1
  Execution begins at 18:58:19   
  Execution ends   at 18:58:20   
  Elapsed time =       1.00 seconds 
