LEM: log-linear and event history analysis with missing data.
Developed by Jeroen Vermunt (c), Tilburg University, The Netherlands.
Version 1.0 (September 18, 1997).


*** INPUT ***

  * doctors-discuss : AT, DE, PT
  
  man 3
  lat 1
  dim 6 3 6 6
  lab X C A D
  
  mod   C     {C}
        X|C   {XC}
        A|XC  eq2
        D|XC  eq2
  
  des [
     0  1  2  4  -1  5     0  1  2  4 -1  5     0   1   2  4 -1  5  
     6  0  7  8 64   9    6  0  7  8 64   9     6  0  7  8  64    9  
    10 11  0 12 13  14   10 11  0 12 13  14    10 11  0 12 13  	14  
    62 15 16  0 17  18   62 15 16  0 17  18    62 15 16  0 17  	18  
    -1 62 19 20  0  21   -1 62 19 20  0  21    -1 62 19 20  0 	21  
    22 23 24 25 26   0   22 23 24 25 26   0    22 23 24 25 26   	0  
  
     0 27 28 29 -1  30     0 27 28 29 -1  30   0 27 28 29 -1  30  
    31  0 32 33 65  34    31  0 32 33 65  3l  31  0 32 33 65  34  
    35 36  0 37 38  39    35 36  0 37 38  39  35 36  0 37 38  39  
    66 40 41  0 42  43    66 40 41  0 42  43  66 40 41  0 42  43  
    -1 66 44 45  0  46    -1 66 44 45  0  46  -1 66 44 45  0  46  
    47 48 49 50 51   0    47 48 49 50 51   0  47 48 49 50 51   0  
  ]
  
  
  sta X|C [
  .28 .44 .12 .06 .01 .09
  .28 .44 .12 .06 .01 .09
  .28 .44 .12 .06 .01 .09
  ]
  
  sta A|XC [
     .35 .20 .15 .15 .10 .05       .35 .20 .15 .15 .10 .05   .35 .20 .15 .15 .10 .05
     .20 .55 .10 .05 .05 .10     .20 .55 .10 .05 .05 .10      .20 .55 .10 .05 .05 .10   
     .15 .25 .55 .10 .05 .05     .15 .25 .55 .10 .05 .05      .15 .25 .55 .10 .05 .05    
     .05 .10 .25 .55 .05 .10     .05 .10 .25 .55 .05 .10      .05 .10 .25 .55 .05 .10    
     .00 .05 .10 .25 .65 .10     .00 .05 .10 .25 .65 .10      .00 .05 .10 .25 .65 .10    
     .10 .10 .10 .10 .10 .50     .10 .10 .10 .10 .10 .50      .10 .10 .10 .10 .10 .50    
  ]
  
  sta D|XC [
     .55 .15 .10 .05 .05 .10     .55 .15 .10 .05 .05 .10      .55 .15 .10 .05 .05 .10   
     .25 .55 .10 .05 .05 .10     .25 .55 .10 .05 .05 .10      .25 .55 .10 .05 .05 .10   
     .10 .25 .55 .10 .05 .05     .10 .25 .55 .10 .05 .05      .10 .25 .55 .10 .05 .05    
     .05 .10 .25 .55 .05 .10     .05 .10 .25 .55 .05 .10      .05 .10 .25 .55 .05 .10    
     .00 .05 .10 .25 .65 .10     .00 .05 .10 .25 .65 .10      .00 .05 .10 .25 .65 .10    
     .10 .10 .10 .10 .10 .50     .10 .10 .10 .10 .10 .50      .10 .10 .10 .10 .10 .50    
  ]
  
  
  
  dat[
  
        10   5  3   4  6 0
        45 124 25  65 12 3
        10  81 52  48  6 6
        20  55 33 201 67 8
         7   2  3   4 19 0
         1   4  3   3  3 9
  
  
        10  4  0   1 21  1
        20 70 15  72 26  4
         6 27 47  38  5  7
         5 48 21 141 90  2
         5  2  3  13 42  2
         0  4  4   6  6 15
  
         2   2  6  21 47  0
         7 182 76 123 37  8
         5  62 51  17  7  5
        22  30  7   4  1  0
         4   7  0   0  1  0
         0   2  0   0  1 10
  
  ]
  
  
  
  ite 10000


*** STATISTICS ***

  Number of iterations = 605
  Converge criterion   = 0.0000009753
  Seed random values   = 1561

  X-squared            = 190.7434 (0.0000)
  L-squared            = 197.6576 (0.0000)
  Cressie-Read         = 189.2847 (0.0000)
  Dissimilarity index  = 0.0886
  Degrees of freedom   = 35
  Log-likelihood       = -9558.40689
  Number of parameters = 72 (+1)
  Sample size          = 2477.0
  BIC(L-squared)       = -75.8606
  AIC(L-squared)       = 127.6576
  BIC(log-likelihood)  = 19679.4796
  AIC(log-likelihood)  = 19260.8138

WARNING: no information is provided on identification of parameters



*** FREQUENCIES ***

  C A D     observed  estimated  std. res.
  1 1 1      10.000     10.158     -0.050
  1 1 2       5.000      6.168     -0.470
  1 1 3       3.000      1.444      1.295
  1 1 4       4.000      2.594      0.873
  1 1 5       6.000      6.777     -0.298
  1 1 6       0.000      0.438     -0.661
  1 2 1      45.000     35.679      1.561
  1 2 2     124.000    118.621      0.494
  1 2 3      25.000     36.708     -1.932
  1 2 4      65.000     77.575     -1.428
  1 2 5      12.000     13.360     -0.372
  1 2 6       3.000      3.444     -0.239
  1 3 1      10.000     11.238     -0.369
  1 3 2      81.000     54.857      3.530
  1 3 3      52.000     42.648      1.432
  1 3 4      48.000     52.724     -0.651
  1 3 5       6.000      7.044     -0.393
  1 3 6       6.000     15.255     -2.370
  1 4 1      20.000     23.432     -0.709
  1 4 2      55.000     65.497     -1.297
  1 4 3      33.000     29.213      0.701
  1 4 4     201.000    192.966      0.578
  1 4 5      67.000     62.820      0.527
  1 4 6       8.000      4.980      1.353
  1 5 1       7.000      8.996     -0.665
  1 5 2       2.000      5.531     -1.501
  1 5 3       3.000      1.775      0.919
  1 5 4       4.000      5.766     -0.735
  1 5 5      19.000     21.107     -0.459
  1 5 6       0.000      0.603     -0.776
  1 6 1       1.000      0.454      0.810
  1 6 2       4.000      4.737     -0.339
  1 6 3       3.000     10.224     -2.259
  1 6 4       3.000      3.851     -0.434
  1 6 5       3.000      3.438     -0.236
  1 6 6       9.000      4.881      1.864
  2 1 1      10.000      5.235      2.083
  2 1 2       4.000      3.348      0.356
  2 1 3       0.000      2.440     -1.562
  2 1 4       1.000      7.546     -2.383
  2 1 5      21.000     17.696      0.785
  2 1 6       1.000      0.440      0.844
  2 2 1      20.000     18.387      0.376
  2 2 2      70.000     67.601      0.292
  2 2 3      15.000     23.159     -1.695
  2 2 4      72.000     55.451      2.222
  2 2 5      26.000     21.478      0.976
  2 2 6       4.000      3.380      0.337
  2 3 1       6.000      5.792      0.087
  2 3 2      27.000     36.934     -1.635
  2 3 3      47.000     37.294      1.589
  2 3 4      38.000     36.532      0.243
  2 3 5       5.000      6.326     -0.527
  2 3 6       7.000     15.136     -2.091
  2 4 1       5.000     12.076     -2.036
  2 4 2      48.000     42.752      0.803
  2 4 3      21.000     24.083     -0.628
  2 4 4     141.000    149.563     -0.700
  2 4 5      90.000     90.896     -0.094
  2 4 6       2.000      4.986     -1.337
  2 5 1       5.000      4.636      0.169
  2 5 2       2.000      2.870     -0.514
  2 5 3       3.000      3.315     -0.173
  2 5 4      13.000     11.262      0.518
  2 5 5      42.000     40.984      0.159
  2 5 6       2.000      1.190      0.742
  2 6 1       0.000      0.234     -0.484
  2 6 2       4.000      4.419     -0.199
  2 6 3       4.000     10.404     -1.985
  2 6 4       6.000      3.841      1.102
  2 6 5       6.000      6.342     -0.136
  2 6 6      15.000      4.972      4.497
  3 1 1       2.000      4.816     -1.283
  3 1 2       2.000      2.987     -0.571
  3 1 3       6.000      4.626      0.639
  3 1 4      21.000     19.840      0.261
  3 1 5      47.000     45.785      0.180
  3 1 6       0.000      0.287     -0.536
  3 2 1       7.000     16.916     -2.411
  3 2 2     182.000    196.446     -1.031
  3 2 3      76.000     69.711      0.753
  3 2 4     123.000    103.955      1.868
  3 2 5      37.000     45.100     -1.206
  3 2 6       8.000      5.703      0.962
  3 3 1       5.000      5.328     -0.142
  3 3 2      62.000     68.341     -0.767
  3 3 3      51.000     39.044      1.913
  3 3 4      17.000     28.744     -2.191
  3 3 5       7.000      5.656      0.565
  3 3 6       5.000     10.687     -1.740
  3 4 1      22.000     11.110      3.267
  3 4 2      30.000     24.022      1.220
  3 4 3       7.000      6.252      0.299
  3 4 4       4.000      8.022     -1.420
  3 4 5       1.000      0.922      0.082
  3 4 6       0.000      0.539     -0.734
  3 5 1       4.000      4.265     -0.128
  3 5 2       7.000      3.224      2.103
  3 5 3       0.000      0.314     -0.561
  3 5 4       0.000      0.488     -0.698
  3 5 5       1.000      0.659      0.419
  3 5 6       0.000      0.024     -0.154
  3 6 1       0.000      0.215     -0.464
  3 6 2       2.000      2.577     -0.360
  3 6 3       0.000      6.347     -2.519
  3 6 4       0.000      0.281     -0.530
  3 6 5       1.000      0.662      0.416
  3 6 6      10.000      3.104      3.914



*** PSEUDO R-SQUARED MEASURES ***

* P(X|C) *
                         baseline   fitted   R-squared
  entropy                 1.6169    1.3857    0.1430
  qualitative variance    0.3851    0.3420    0.1119
  classification error    0.6558    0.5338    0.1860
  -2/N*log-likelihood     3.2339    2.7714    0.1430/0.3163
  likelihood^(-2/N)      25.3784   15.9805    0.3703/0.3855

* P(A|XC) *
                         baseline   fitted   R-squared
  entropy                 1.4562    0.8919    0.3875
  qualitative variance    0.3636    0.2500    0.3124
  classification error    0.6310    0.3603    0.4290
  -2/N*log-likelihood     2.9123    1.7815    0.3883/0.5307
  likelihood^(-2/N)      18.3996    5.9389    0.6772/0.7161

* P(D|XC) *
                         baseline   fitted   R-squared
  entropy                 1.5911    0.9814    0.3832
  qualitative variance    0.3857    0.2740    0.2897
  classification error    0.6928    0.3933    0.4323
  -2/N*log-likelihood     3.1823    1.9625    0.3833/0.5495
  likelihood^(-2/N)      24.1018    7.1171    0.7047/0.7352



*** LOG-LINEAR PARAMETERS ***

* TABLE C [or P(C)] *

  effect           beta   exp(beta)
  C 
   1             0.1425      1.1531 
   2            -0.0477      0.9534 
   3            -0.0948      0.9096 

* TABLE XC [or P(X|C)] *

  effect           beta   exp(beta)
  X 
   1            11.4869  9.74E+0004 
   2            12.4656  2.59E+0005 
   3            11.0831  6.51E+0004 
   4           -31.4374  2.22E-0014 
   5           -14.5279  4.90E-0007 
   6            10.9297  5.58E+0004 
  XC 
   1 1         -11.1570  1.42E-0005 
   1 2         -11.8566  7.09E-0006 
   1 3          23.0136  9.88E+0009 
   2 1         -11.6911  8.37E-0006 
   2 2         -12.2665  4.71E-0006 
   2 3          23.9576  2.54E+0010 
   3 1         -11.4878  1.02E-0005 
   3 2         -11.5192  9.94E-0006 
   3 3          23.0070  9.81E+0009 
   4 1          32.7327  1.64E+0014 
   4 2          32.3554  1.12E+0014 
   4 3         -65.0881  5.40E-0029 
   5 1          14.2640  1.57E+0006 
   5 2          14.9166  3.01E+0006 
   5 3         -29.1805  2.12E-0013 
   6 1         -12.6608  3.17E-0006 
   6 2         -11.6297  8.90E-0006 
   6 3          24.2905  3.54E+0010 



*** (CONDITIONAL) PROBABILITIES ***

* P(C) *

  1              0.3823
  2              0.3161
  3              0.3016

* P(X|C) *

  1 | 1          0.1576
  1 | 2          0.0982
  1 | 3          0.0947
  2 | 1          0.2458
  2 | 2          0.1735
  2 | 3          0.6479
  3 | 1          0.0756
  3 | 2          0.0919
  3 | 3          0.0628
  4 | 1          0.4139
  4 | 2          0.3561
  4 | 3          0.0000 *
  5 | 1          0.0870
  5 | 2          0.2097
  5 | 3          0.0000 *
  6 | 1          0.0201
  6 | 2          0.0706
  6 | 3          0.1946

* P(A|XC) *

  1 | 1 1        0.1129
  2 | 1 1        0.3966
  3 | 1 1        0.1249
  4 | 1 1        0.2605
  5 | 1 1        0.1000
  6 | 1 1        0.0050
  1 | 1 2        0.1129
  2 | 1 2        0.3966
  3 | 1 2        0.1249
  4 | 1 2        0.2605
  5 | 1 2        0.1000
  6 | 1 2        0.0050
  1 | 1 3        0.1129
  2 | 1 3        0.3966
  3 | 1 3        0.1249
  4 | 1 3        0.2605
  5 | 1 3        0.1000
  6 | 1 3        0.0050
  1 | 2 1        0.0000 *
  2 | 2 1        0.7089
  3 | 2 1        0.2211
  4 | 2 1        0.0670
  5 | 2 1        0.0030
  6 | 2 1        0.0000 *
  1 | 2 2        0.0000 *
  2 | 2 2        0.7089
  3 | 2 2        0.2211
  4 | 2 2        0.0670
  5 | 2 2        0.0030
  6 | 2 2        0.0000 *
  1 | 2 3        0.0000 *
  2 | 2 3        0.7089
  3 | 2 3        0.2211
  4 | 2 3        0.0670
  5 | 2 3        0.0030
  6 | 2 3        0.0000 *
  1 | 3 1        0.0233
  2 | 3 1        0.0000
  3 | 3 1        0.7243
  4 | 3 1        0.0000
  5 | 3 1        0.0000 *
  6 | 3 1        0.2524
  1 | 3 2        0.0233
  2 | 3 2        0.0000
  3 | 3 2        0.7243
  4 | 3 2        0.0000
  5 | 3 2        0.0000 *
  6 | 3 2        0.2524
  1 | 3 3        0.0233
  2 | 3 3        0.0000
  3 | 3 3        0.7243
  4 | 3 3        0.0000
  5 | 3 3        0.0000 *
  6 | 3 3        0.2524
  1 | 4 1        0.0000 *
  2 | 4 1        0.1338
  3 | 4 1        0.1550
  4 | 4 1        0.6994
  5 | 4 1        0.0000 *
  6 | 4 1        0.0118
  1 | 4 2        0.0000 *
  2 | 4 2        0.1338
  3 | 4 2        0.1550
  4 | 4 2        0.6994
  5 | 4 2        0.0000 *
  6 | 4 2        0.0118
  1 | 4 3        0.0000 *
  2 | 4 3        0.1338
  3 | 4 3        0.1550
  4 | 4 3        0.6994
  5 | 4 3        0.0000 *
  6 | 4 3        0.0118
  1 | 5 1        0.0000 *
  2 | 5 1        0.0000 *
  3 | 5 1        0.0000 *
  4 | 5 1        0.6103
  5 | 5 1        0.3410
  6 | 5 1        0.0487
  1 | 5 2        0.0000 *
  2 | 5 2        0.0000 *
  3 | 5 2        0.0000 *
  4 | 5 2        0.6103
  5 | 5 2        0.3410
  6 | 5 2        0.0487
  1 | 5 3        0.0000 *
  2 | 5 3        0.0000 *
  3 | 5 3        0.0000 *
  4 | 5 3        0.6103
  5 | 5 3        0.3410
  6 | 5 3        0.0487
  1 | 6 1        0.4765
  2 | 6 1        0.4588
  3 | 6 1        0.0547
  4 | 6 1        0.0000 *
  5 | 6 1        0.0032
  6 | 6 1        0.0068
  1 | 6 2        0.4765
  2 | 6 2        0.4588
  3 | 6 2        0.0547
  4 | 6 2        0.0000 *
  5 | 6 2        0.0032
  6 | 6 2        0.0068
  1 | 6 3        0.4765
  2 | 6 3        0.4588
  3 | 6 3        0.0547
  4 | 6 3        0.0000 *
  5 | 6 3        0.0032
  6 | 6 3        0.0068

* P(D|XC) *

  1 | 1 1        0.6028
  2 | 1 1        0.3455
  3 | 1 1        0.0018
  4 | 1 1        0.0000 *
  5 | 1 1        0.0500
  6 | 1 1        0.0000 *
  1 | 1 2        0.6028
  2 | 1 2        0.3455
  3 | 1 2        0.0018
  4 | 1 2        0.0000 *
  5 | 1 2        0.0500
  6 | 1 2        0.0000 *
  1 | 1 3        0.6028
  2 | 1 3        0.3455
  3 | 1 3        0.0018
  4 | 1 3        0.0000 *
  5 | 1 3        0.0500
  6 | 1 3        0.0000 *
  1 | 2 1        0.0000 *
  2 | 2 1        0.5443
  3 | 2 1        0.1917
  4 | 2 1        0.2473
  5 | 2 1        0.0000 *
  6 | 2 1        0.0166
  1 | 2 2        0.0000 *
  2 | 2 2        0.5310
  3 | 2 2        0.1917
  4 | 2 2        0.2473
  5 | 2 2        0.0000 *
  6 | 2 2        0.0299
  1 | 2 3        0.0000 *
  2 | 2 3        0.5443
  3 | 2 3        0.1917
  4 | 2 3        0.2473
  5 | 2 3        0.0000 *
  6 | 2 3        0.0166
  1 | 3 1        0.0000 *
  2 | 3 1        0.2071
  3 | 3 1        0.5309
  4 | 3 1        0.0000 *
  5 | 3 1        0.0000
  6 | 3 1        0.2620
  1 | 3 2        0.0000 *
  2 | 3 2        0.2071
  3 | 3 2        0.5309
  4 | 3 2        0.0000 *
  5 | 3 2        0.0000
  6 | 3 2        0.2620
  1 | 3 3        0.0000 *
  2 | 3 3        0.2071
  3 | 3 3        0.5309
  4 | 3 3        0.0000 *
  5 | 3 3        0.0000
  6 | 3 3        0.2620
  1 | 4 1        0.0000 *
  2 | 4 1        0.1590
  3 | 4 1        0.0849
  4 | 4 1        0.6534
  5 | 4 1        0.0894
  6 | 4 1        0.0134
  1 | 4 2        0.0000 *
  2 | 4 2        0.1590
  3 | 4 2        0.0849
  4 | 4 2        0.6534
  5 | 4 2        0.0894
  6 | 4 2        0.0134
  1 | 4 3        0.0000 *
  2 | 4 3        0.1590
  3 | 4 3        0.0849
  4 | 4 3        0.6534
  5 | 4 3        0.0894
  6 | 4 3        0.0134
  1 | 5 1        0.0000 *
  2 | 5 1        0.0000 *
  3 | 5 1        0.0574
  4 | 5 1        0.1985
  5 | 5 1        0.7231
  6 | 5 1        0.0210
  1 | 5 2        0.0000 *
  2 | 5 2        0.0000 *
  3 | 5 2        0.0574
  4 | 5 2        0.1985
  5 | 5 2        0.7231
  6 | 5 2        0.0210
  1 | 5 3        0.0000 *
  2 | 5 3        0.0000 *
  3 | 5 3        0.0574
  4 | 5 3        0.1985
  5 | 5 3        0.7231
  6 | 5 3        0.0210
  1 | 6 1        0.0000 *
  2 | 6 1        0.0000 *
  3 | 6 1        0.0582
  4 | 6 1        0.2865
  5 | 6 1        0.6553
  6 | 6 1        0.0000
  1 | 6 2        0.0000 *
  2 | 6 2        0.0000 *
  3 | 6 2        0.0582
  4 | 6 2        0.2865
  5 | 6 2        0.6553
  6 | 6 2        0.0000
  1 | 6 3        0.0000 *
  2 | 6 3        0.0000 *
  3 | 6 3        0.0582
  4 | 6 3        0.2865
  5 | 6 3        0.6553
  6 | 6 3        0.0000



*** LATENT CLASS OUTPUT ***

          X  1    X  2    X  3    X  4    X  5    X  6
         0.1199  0.3442  0.0769  0.2708  0.0996  0.0887
  C  1   0.5026  0.2731  0.3758  0.5843  0.3342  0.0865
  C  2   0.2590  0.1593  0.3778  0.4157  0.6658  0.2517
  C  3   0.2383  0.5676  0.2464  0.0000  0.0000  0.6618
  A  1   0.1129  0.0000  0.0233  0.0000  0.0000  0.4765
  A  2   0.3966  0.7089  0.0000  0.1338  0.0000  0.4588
  A  3   0.1249  0.2211  0.7243  0.1550  0.0000  0.0547
  A  4   0.2605  0.0670  0.0000  0.6994  0.6103  0.0000
  A  5   0.1000  0.0030  0.0000  0.0000  0.3410  0.0032
  A  6   0.0050  0.0000  0.2524  0.0118  0.0487  0.0068
  D  1   0.6028  0.0000  0.0000  0.0000  0.0000  0.0000
  D  2   0.3455  0.5422  0.2071  0.1590  0.0000  0.0000
  D  3   0.0018  0.1917  0.5309  0.0849  0.0574  0.0582
  D  4   0.0000  0.2473  0.0000  0.6534  0.1985  0.2865
  D  5   0.0500  0.0000  0.0000  0.0894  0.7231  0.6553
  D  6   0.0000  0.0187  0.2620  0.0134  0.0210  0.0000

E = 0.1852, lambda = 0.7176
