LEM: log-linear and event history analysis with missing data.
Developed by Jeroen Vermunt (c), Tilburg University, The Netherlands.
Version 1.0 (September 18, 1997).


*** INPUT ***

  * doctors-equal : DE,AT,LU
  
  man 3
  lat 1
  dim 6 3 6 6
  lab X C A D
  
  mod   C     {C}
        X|C   {XC}
        A|XC  eq2
        D|XC  eq2
  
  des [
     0  1  2  4  -1  5    0  1  2  4 -1  5     0   1   2  4 -1  5  
     6  0  7  8 64   9    6  0  7  8 64   9     6  0  7  8  64  9  
    10  0 70 12 13  14   10  0 71 12 13  14    10  0 72 12 13   14  
    62 73 16  0 17  18   62 73 16  0 17  18    62 75 16  0 17   18  
    -1 62 19 20  0  21   -1 62 19 20  0  21    -1 62 19 20  0   21  
    22 23 24 25 26   0   22 23 24 25 26   0    22 23 24 25 26   0  
  
     0 27 28 29 -1  30     0 27 28 29 -1  30   0 27 28 29 -1  30  
    31  0 32 33 65  34    31  0 32 33 65  3l  31  0 32 33 65  34  
    35 36  0 37 38  39    35 36  0 37 38  39  35 36  0 37 38  39  
    66 40 41  0 42  43    66 40 41  0 42  43  66 40 41  0 42  43  
    -1 66 44 45  0  46    -1 66 44 45  0  46  -1 66 44 45  0  46  
    47 48 49 50 51   0    47 48 49 50 51   0  47 48 49 50 51   0  
  ]
  
  
  sta A|XC [
     .55 .15 .10 .05 .00 .10     .55 .15 .10 .05 .00 .10      .55 .15 .10 .05 .00 .10   
     .20 .55 .10 .05 .05 .10     .20 .55 .10 .05 .05 .10      .20 .55 .10 .05 .05 .10   
     .15 .25 .55 .10 .05 .05     .15 .25 .55 .10 .05 .05      .15 .25 .55 .10 .05 .05    
     .05 .10 .25 .55 .05 .10     .05 .10 .25 .55 .05 .10      .05 .10 .25 .55 .05 .10    
     .00 .05 .10 .25 .65 .10     .00 .05 .10 .25 .65 .10      .00 .05 .10 .25 .65 .10    
     .10 .10 .10 .10 .10 .50     .10 .10 .10 .10 .10 .50      .10 .10 .10 .10 .10 .50    
  ]
  
  sta D|XC [
     .55 .15 .10 .05 .00 .10     .55 .15 .10 .05 .00 .10      .55 .15 .10 .05 .00 .10   
     .25 .55 .10 .05 .05 .10     .25 .55 .10 .05 .05 .10      .25 .55 .10 .05 .05 .10   
     .10 .25 .55 .10 .05 .05     .10 .25 .55 .10 .05 .05      .10 .25 .55 .10 .05 .05    
     .05 .10 .25 .55 .05 .10     .05 .10 .25 .55 .05 .10      .05 .10 .25 .55 .05 .10    
     .00 .05 .10 .25 .65 .10     .00 .05 .10 .25 .65 .10      .00 .05 .10 .25 .65 .10    
     .10 .10 .10 .10 .10 .50     .10 .10 .10 .10 .10 .50      .10 .10 .10 .10 .10 .50    
  ]
  
  dat[
  
        10   3  2   3  4  0
        44 102 42  58 19 13
        13  62 46  55 11  9
        15  55 32 220 72  8
         4   5  2   4 16  0
         1   5  0   3  0  9
  
        12  6  3   4  7  1
        31 57 31  45  6  6
         7 51 75  41  6 11
        18 47 21 130 41  6
         9  3  1  11 42  0
         1  4  5   7  5 31
  
         5  2  0   5  8  0
        25 31 17  53 13  3
         9 23 31  29 10  7
        15 30 16 127 46  3
        12  3  0  12 24  1
         3  2  0   2  0 13
  
  ]
  
  
  
  ite 10000


*** STATISTICS ***

  Number of iterations = 2435
  Converge criterion   = 0.0000009980
  Seed random values   = 2550

  X-squared            = 46.3193 (0.0487)
  L-squared            = 52.2565 (0.0134)
  Cressie-Read         = 47.2379 (0.0404)
  Dissimilarity index  = 0.0395
  Degrees of freedom   = 32
  Log-likelihood       = -9164.21711
  Number of parameters = 75 (+1)
  Sample size          = 2309.0
  BIC(L-squared)       = -195.5697
  AIC(L-squared)       = -11.7435
  BIC(log-likelihood)  = 18909.2770
  AIC(log-likelihood)  = 18478.4342

WARNING: no information is provided on identification of parameters



*** FREQUENCIES ***

  C A D     observed  estimated  std. res.
  1 1 1      10.000      7.696      0.831
  1 1 2       3.000      3.348     -0.190
  1 1 3       2.000      1.845      0.114
  1 1 4       3.000      3.497     -0.266
  1 1 5       4.000      4.063     -0.031
  1 1 6       0.000      0.145     -0.381
  1 2 1      44.000     42.629      0.210
  1 2 2     102.000    100.316      0.168
  1 2 3      42.000     42.047     -0.007
  1 2 4      58.000     64.597     -0.821
  1 2 5      19.000     13.870      1.378
  1 2 6      13.000     12.821      0.050
  1 3 1      13.000     15.312     -0.591
  1 3 2      62.000     57.354      0.613
  1 3 3      46.000     48.985     -0.427
  1 3 4      55.000     53.085      0.263
  1 3 5      11.000     11.291     -0.086
  1 3 6       9.000      7.803      0.429
  1 4 1      15.000     16.274     -0.316
  1 4 2      55.000     59.645     -0.602
  1 4 3      32.000     30.479      0.275
  1 4 4     220.000    222.502     -0.168
  1 4 5      72.000     69.652      0.281
  1 4 6       8.000      7.329      0.248
  1 5 1       4.000      6.840     -1.086
  1 5 2       5.000      2.776      1.335
  1 5 3       2.000      1.218      0.708
  1 5 4       4.000      5.613     -0.681
  1 5 5      16.000     14.791      0.314
  1 5 6       0.000      0.164     -0.405
  1 6 1       1.000      2.272     -0.844
  1 6 2       5.000      4.367      0.303
  1 6 3       0.000      0.720     -0.848
  1 6 4       3.000      2.667      0.204
  1 6 5       0.000      0.908     -0.953
  1 6 6       9.000      8.079      0.324
  2 1 1      12.000     10.649      0.414
  2 1 2       6.000      4.499      0.708
  2 1 3       3.000      2.253      0.498
  2 1 4       4.000      4.842     -0.383
  2 1 5       7.000      5.658      0.564
  2 1 6       1.000      0.644      0.444
  2 2 1      31.000     29.459      0.284
  2 2 2      57.000     58.142     -0.150
  2 2 3      31.000     31.749     -0.133
  2 2 4      45.000     39.668      0.847
  2 2 5       6.000     11.758     -1.679
  2 2 6       6.000      6.470     -0.185
  2 3 1       7.000      9.467     -0.802
  2 3 2      51.000     52.936     -0.266
  2 3 3      75.000     73.942      0.123
  2 3 4      41.000     41.210     -0.033
  2 3 5       6.000      7.922     -0.683
  2 3 6      11.000     12.815     -0.507
  2 4 1      18.000     17.030      0.235
  2 4 2      47.000     38.319      1.402
  2 4 3      21.000     23.412     -0.499
  2 4 4     130.000    129.629      0.033
  2 4 5      41.000     43.608     -0.395
  2 4 6       6.000      5.682      0.133
  2 5 1       9.000      9.466     -0.151
  2 5 2       3.000      3.733     -0.380
  2 5 3       1.000      1.457     -0.379
  2 5 4      11.000     12.369     -0.389
  2 5 5      42.000     40.367      0.257
  2 5 6       0.000      0.517     -0.719
  2 6 1       1.000      1.653     -0.508
  2 6 2       4.000      4.179     -0.088
  2 6 3       5.000      3.205      1.002
  2 6 4       7.000      6.628      0.145
  2 6 5       5.000      3.105      1.076
  2 6 6      31.000     33.556     -0.441
  3 1 1       5.000     10.743     -1.752
  3 1 2       2.000      3.863     -0.948
  3 1 3       0.000      0.849     -0.921
  3 1 4       5.000      4.515      0.228
  3 1 5       8.000      5.673      0.977
  3 1 6       0.000      0.219     -0.468
  3 2 1      25.000     21.664      0.717
  3 2 2      31.000     35.630     -0.776
  3 2 3      17.000     15.665      0.337
  3 2 4      53.000     48.471      0.650
  3 2 5      13.000     17.261     -1.026
  3 2 6       3.000      3.982     -0.492
  3 3 1       9.000      6.353      1.050
  3 3 2      23.000     24.874     -0.376
  3 3 3      31.000     28.396      0.489
  3 3 4      29.000     30.786     -0.322
  3 3 5      10.000      8.165      0.642
  3 3 6       7.000      5.132      0.824
  3 4 1      15.000     15.682     -0.172
  3 4 2      30.000     31.737     -0.308
  3 4 3      16.000     16.138     -0.034
  3 4 4     127.000    127.298     -0.026
  3 4 5      46.000     43.685      0.350
  3 4 6       3.000      3.869     -0.442
  3 5 1      12.000      9.549      0.793
  3 5 2       3.000      3.335     -0.183
  3 5 3       0.000      0.551     -0.742
  3 5 4      12.000      9.048      0.981
  3 5 5      24.000     26.886     -0.557
  3 5 6       1.000      0.319      1.204
  3 6 1       3.000      1.261      1.549
  3 6 2       2.000      1.945      0.039
  3 6 3       0.000      1.088     -1.043
  3 6 4       2.000      2.575     -0.358
  3 6 5       0.000      1.338     -1.157
  3 6 6      13.000     11.453      0.457



*** PSEUDO R-SQUARED MEASURES ***

* P(X|C) *
                         baseline   fitted   R-squared
  entropy                 1.5135    1.4682    0.0300
  qualitative variance    0.3678    0.3606    0.0196
  classification error    0.5801    0.5801    0.0000
  -2/N*log-likelihood     3.0271    2.9364    0.0300/0.0832
  likelihood^(-2/N)      20.6371   18.8473    0.0867/0.0911

* P(A|XC) *
                         baseline   fitted   R-squared
  entropy                 1.4628    0.9258    0.3671
  qualitative variance    0.3639    0.2501    0.3129
  classification error    0.6094    0.3686    0.3951
  -2/N*log-likelihood     2.9255    1.8516    0.3671/0.5178
  likelihood^(-2/N)      18.6440    6.3697    0.6584/0.6957

* P(D|XC) *
                         baseline   fitted   R-squared
  entropy                 1.6368    1.0757    0.3428
  qualitative variance    0.3894    0.2892    0.2575
  classification error    0.6496    0.4142    0.3624
  -2/N*log-likelihood     3.2736    2.1514    0.3428/0.5288
  likelihood^(-2/N)      26.4060    8.5967    0.6744/0.7010



*** LOG-LINEAR PARAMETERS ***

* TABLE C [or P(C)] *

  effect           beta   exp(beta)
  C 
   1             0.2272      1.2551 
   2             0.0358      1.0364 
   3            -0.2630      0.7687 

* TABLE XC [or P(X|C)] *

  effect           beta   exp(beta)
  X 
   1             0.3411      1.4065 
   2             0.1915      1.2111 
   3             0.4629      1.5886 
   4             1.3143      3.7221 
   5            -1.1884      0.3047 
   6            -1.1214      0.3258 
  XC 
   1 1           0.7133      2.0408 
   1 2          -0.2909      0.7476 
   1 3          -0.4224      0.6555 
   2 1          -0.1792      0.8360 
   2 2          -0.1679      0.8454 
   2 3           0.3471      1.4149 
   3 1           0.2452      1.2779 
   3 2           0.1109      1.1173 
   3 3          -0.3561      0.7004 
   4 1           0.3827      1.4663 
   4 2          -0.5077      0.6019 
   4 3           0.1250      1.1332 
   5 1          -0.5666      0.5674 
   5 2           0.2710      1.3113 
   5 3           0.2956      1.3439 
   6 1          -0.5955      0.5513 
   6 2           0.5847      1.7944 
   6 3           0.0108      1.0109 



*** (CONDITIONAL) PROBABILITIES ***

* P(C) *

  1              0.4101
  2              0.3387
  3              0.2512

* P(X|C) *

  1 | 1          0.2448
  1 | 2          0.1486
  1 | 3          0.1059
  2 | 1          0.0864
  2 | 2          0.1447
  2 | 3          0.1969
  3 | 1          0.1732
  3 | 2          0.2509
  3 | 3          0.1278
  4 | 1          0.4655
  4 | 2          0.3166
  4 | 3          0.4845
  5 | 1          0.0147
  5 | 2          0.0565
  5 | 3          0.0470
  6 | 1          0.0153
  6 | 2          0.0826
  6 | 3          0.0378

* P(A|XC) *

  1 | 1 1        0.0000 *
  2 | 1 1        0.6122
  3 | 1 1        0.2430
  4 | 1 1        0.1138
  5 | 1 1        0.0000 *
  6 | 1 1        0.0309
  1 | 1 2        0.0000
  2 | 1 2        0.6122
  3 | 1 2        0.2430
  4 | 1 2        0.1138
  5 | 1 2        0.0000 *
  6 | 1 2        0.0309
  1 | 1 3        0.0000
  2 | 1 3        0.6122
  3 | 1 3        0.2430
  4 | 1 3        0.1138
  5 | 1 3        0.0000 *
  6 | 1 3        0.0309
  1 | 2 1        0.2116
  2 | 2 1        0.2521
  3 | 2 1        0.0558
  4 | 2 1        0.2764
  5 | 2 1        0.1881
  6 | 2 1        0.0160
  1 | 2 2        0.2116
  2 | 2 2        0.2521
  3 | 2 2        0.0558
  4 | 2 2        0.2764
  5 | 2 2        0.1881
  6 | 2 2        0.0160
  1 | 2 3        0.2116
  2 | 2 3        0.2521
  3 | 2 3        0.0558
  4 | 2 3        0.2764
  5 | 2 3        0.1881
  6 | 2 3        0.0160
  1 | 3 1        0.0188
  2 | 3 1        0.4019
  3 | 3 1        0.4676
  4 | 3 1        0.0992
  5 | 3 1        0.0125
  6 | 3 1        0.0000 *
  1 | 3 2        0.0188
  2 | 3 2        0.2585
  3 | 3 2        0.6110
  4 | 3 2        0.0992
  5 | 3 2        0.0125
  6 | 3 2        0.0000 *
  1 | 3 3        0.0188
  2 | 3 3        0.2787
  3 | 3 3        0.5908
  4 | 3 3        0.0992
  5 | 3 3        0.0125
  6 | 3 3        0.0000 *
  1 | 4 1        0.0000 *
  2 | 4 1        0.1084
  3 | 4 1        0.1204
  4 | 4 1        0.7712
  5 | 4 1        0.0000 *
  6 | 4 1        0.0000 *
  1 | 4 2        0.0000 *
  2 | 4 2        0.1084
  3 | 4 2        0.1204
  4 | 4 2        0.7712
  5 | 4 2        0.0000 *
  6 | 4 2        0.0000 *
  1 | 4 3        0.0000 *
  2 | 4 3        0.1979
  3 | 4 3        0.1204
  4 | 4 3        0.6817
  5 | 4 3        0.0000 *
  6 | 4 3        0.0000 *
  1 | 5 1        0.0000 *
  2 | 5 1        0.0000 *
  3 | 5 1        0.0000 *
  4 | 5 1        0.0000
  5 | 5 1        1.0000
  6 | 5 1        0.0000 *
  1 | 5 2        0.0000 *
  2 | 5 2        0.0000 *
  3 | 5 2        0.0000 *
  4 | 5 2        0.0000
  5 | 5 2        1.0000
  6 | 5 2        0.0000 *
  1 | 5 3        0.0000 *
  2 | 5 3        0.0000 *
  3 | 5 3        0.0000 *
  4 | 5 3        0.0000
  5 | 5 3        1.0000
  6 | 5 3        0.0000 *
  1 | 6 1        0.0140
  2 | 6 1        0.0000 *
  3 | 6 1        0.2175
  4 | 6 1        0.0425
  5 | 6 1        0.0000 *
  6 | 6 1        0.7260
  1 | 6 2        0.0140
  2 | 6 2        0.0000 *
  3 | 6 2        0.2175
  4 | 6 2        0.0425
  5 | 6 2        0.0000 *
  6 | 6 2        0.7260
  1 | 6 3        0.0140
  2 | 6 3        0.0000 *
  3 | 6 3        0.2175
  4 | 6 3        0.0425
  5 | 6 3        0.0000 *
  6 | 6 3        0.7260

* P(D|XC) *

  1 | 1 1        0.2357
  2 | 1 1        0.5186
  3 | 1 1        0.0000 *
  4 | 1 1        0.1601
  5 | 1 1        0.0000 *
  6 | 1 1        0.0856
  1 | 1 2        0.2357
  2 | 1 2        0.5186
  3 | 1 2        0.0000 *
  4 | 1 2        0.1601
  5 | 1 2        0.0000 *
  6 | 1 2        0.0856
  1 | 1 3        0.2357
  2 | 1 3        0.5186
  3 | 1 3        0.0000 *
  4 | 1 3        0.1601
  5 | 1 3        0.0000 *
  6 | 1 3        0.0856
  1 | 2 1        0.4447
  2 | 2 1        0.1432
  3 | 2 1        0.0000 *
  4 | 2 1        0.1780
  5 | 2 1        0.2341
  6 | 2 1        0.0000 *
  1 | 2 2        0.4447
  2 | 2 2        0.1432
  3 | 2 2        0.0000 *
  4 | 2 2        0.1780
  5 | 2 2        0.2341
  6 | 2 2        0.0000 *
  1 | 2 3        0.4447
  2 | 2 3        0.1432
  3 | 2 3        0.0000 *
  4 | 2 3        0.1780
  5 | 2 3        0.2341
  6 | 2 3        0.0000 *
  1 | 3 1        0.0000 *
  2 | 3 1        0.2788
  3 | 3 1        0.5937
  4 | 3 1        0.1272
  5 | 3 1        0.0000 *
  6 | 3 1        0.0003
  1 | 3 2        0.0000 *
  2 | 3 2        0.2788
  3 | 3 2        0.5937
  4 | 3 2        0.1272
  5 | 3 2        0.0000 *
  6 | 3 2        0.0003
  1 | 3 3        0.0000 *
  2 | 3 3        0.2788
  3 | 3 3        0.5937
  4 | 3 3        0.1272
  5 | 3 3        0.0000 *
  6 | 3 3        0.0003
  1 | 4 1        0.0000 *
  2 | 4 1        0.1122
  3 | 4 1        0.0611
  4 | 4 1        0.6239
  5 | 4 1        0.1892
  6 | 4 1        0.0136
  1 | 4 2        0.0000 *
  2 | 4 2        0.1122
  3 | 4 2        0.0611
  4 | 4 2        0.6239
  5 | 4 2        0.1892
  6 | 4 2        0.0136
  1 | 4 3        0.0000 *
  2 | 4 3        0.1122
  3 | 4 3        0.0611
  4 | 4 3        0.6239
  5 | 4 3        0.1892
  6 | 4 3        0.0136
  1 | 5 1        0.0000 *
  2 | 5 1        0.0000 *
  3 | 5 1        0.0000 *
  4 | 5 1        0.1872
  5 | 5 1        0.8011
  6 | 5 1        0.0117
  1 | 5 2        0.0000 *
  2 | 5 2        0.0000 *
  3 | 5 2        0.0000 *
  4 | 5 2        0.1872
  5 | 5 2        0.8011
  6 | 5 2        0.0117
  1 | 5 3        0.0000 *
  2 | 5 3        0.0000 *
  3 | 5 3        0.0000 *
  4 | 5 3        0.1872
  5 | 5 3        0.8011
  6 | 5 3        0.0117
  1 | 6 1        0.0000 *
  2 | 6 1        0.0438
  3 | 6 1        0.0683
  4 | 6 1        0.1221
  5 | 6 1        0.0571
  6 | 6 1        0.7086
  1 | 6 2        0.0000 *
  2 | 6 2        0.0438
  3 | 6 2        0.0683
  4 | 6 2        0.1221
  5 | 6 2        0.0571
  6 | 6 2        0.7086
  1 | 6 3        0.0000 *
  2 | 6 3        0.0438
  3 | 6 3        0.0683
  4 | 6 3        0.1221
  5 | 6 3        0.0571
  6 | 6 3        0.7086



*** LATENT CLASS OUTPUT ***

          X  1    X  2    X  3    X  4    X  5    X  6
         0.1774  0.1339  0.1881  0.4199  0.0370  0.0438
  C  1   0.5662  0.2646  0.3776  0.4547  0.1635  0.1435
  C  2   0.2838  0.3661  0.4517  0.2554  0.5171  0.6393
  C  3   0.1500  0.3693  0.1707  0.2899  0.3194  0.2171
  A  1   0.0000  0.2116  0.0188  0.0000  0.0000  0.0140
  A  2   0.6122  0.2521  0.3161  0.1344  0.0000  0.0000
  A  3   0.2430  0.0558  0.5534  0.1204  0.0000  0.2175
  A  4   0.1138  0.2764  0.0992  0.7452  0.0000  0.0425
  A  5   0.0000  0.1881  0.0125  0.0000  1.0000  0.0000
  A  6   0.0309  0.0160  0.0000  0.0000  0.0000  0.7260
  D  1   0.2357  0.4447  0.0000  0.0000  0.0000  0.0000
  D  2   0.5186  0.1432  0.2788  0.1122  0.0000  0.0438
  D  3   0.0000  0.0000  0.5937  0.0611  0.0000  0.0683
  D  4   0.1601  0.1780  0.1272  0.6239  0.1872  0.1221
  D  5   0.0000  0.2341  0.0000  0.1892  0.8011  0.0571
  D  6   0.0856  0.0000  0.0003  0.0136  0.0117  0.7086

E = 0.2236, lambda = 0.6145
